#
# There is insufficient memory for the Java Runtime Environment to continue.
# Native memory allocation (malloc) failed to allocate 32784 bytes for Chunk::new
# Possible reasons:
#   The system is out of physical RAM or swap space
#   The process is running with CompressedOops enabled, and the Java Heap may be blocking the growth of the native heap
# Possible solutions:
#   Reduce memory load on the system
#   Increase physical memory or swap space
#   Check if swap backing store is full
#   Decrease Java heap size (-Xmx/-Xms)
#   Decrease number of Java threads
#   Decrease Java thread stack sizes (-Xss)
#   Set larger code cache with -XX:ReservedCodeCacheSize=
#   JVM is running with Unscaled Compressed Oops mode in which the Java heap is
#     placed in the first 4GB address space. The Java Heap base address is the
#     maximum limit for the native heap growth. Please use -XX:HeapBaseMinAddress
#     to set the Java Heap base and to place the Java Heap above 4GB virtual address.
# This output file may be truncated or incomplete.
#
#  Out of Memory Error (arena.cpp:189), pid=21960, tid=19868
#
# JRE version: OpenJDK Runtime Environment Corretto-17.0.7.7.1 (17.0.7+7) (build 17.0.7+7-LTS)
# Java VM: OpenJDK 64-Bit Server VM Corretto-17.0.7.7.1 (17.0.7+7-LTS, mixed mode, sharing, tiered, compressed oops, compressed class ptrs, g1 gc, windows-amd64)
# No core dump will be written. Minidumps are not enabled by default on client versions of Windows
#

---------------  S U M M A R Y ------------

Command Line: --add-opens=java.base/java.util=ALL-UNNAMED --add-opens=java.base/java.lang=ALL-UNNAMED --add-opens=java.base/java.lang.invoke=ALL-UNNAMED --add-opens=java.prefs/java.util.prefs=ALL-UNNAMED --add-opens=java.base/java.nio.charset=ALL-UNNAMED --add-opens=java.base/java.net=ALL-UNNAMED --add-opens=java.base/java.util.concurrent.atomic=ALL-UNNAMED -XX:MaxMetaspaceSize=384m -XX:+HeapDumpOnOutOfMemoryError -Xms256m -Xmx512m -Dfile.encoding=windows-1250 -Duser.country=PL -Duser.language=pl -Duser.variant -javaagent:C:\Users\ankuz\.gradle\wrapper\dists\gradle-8.5-bin\5t9huq95ubn472n8rpzujfbqh\gradle-8.5\lib\agents\gradle-instrumentation-agent-8.5.jar org.gradle.launcher.daemon.bootstrap.GradleDaemon 8.5

Host: AMD Ryzen 7 4800H with Radeon Graphics         , 16 cores, 15G,  Windows 11 , 64 bit Build 22621 (10.0.22621.3374)
Time: Thu May 16 02:13:34 2024  Windows 11 , 64 bit Build 22621 (10.0.22621.3374) elapsed time: 5.487747 seconds (0d 0h 0m 5s)

---------------  T H R E A D  ---------------

Current thread (0x00000218ce36b4d0):  JavaThread "C2 CompilerThread4" daemon [_thread_in_native, id=19868, stack(0x000000e25cb00000,0x000000e25cc00000)]


Current CompileTask:
C2:   5487 5139       4       sun.invoke.util.VerifyAccess::isSamePackage (37 bytes)

Stack: [0x000000e25cb00000,0x000000e25cc00000]
Native frames: (J=compiled Java code, j=interpreted, Vv=VM code, C=native code)
V  [jvm.dll+0x64b53a]
V  [jvm.dll+0x7fef54]
V  [jvm.dll+0x80070e]
V  [jvm.dll+0x800d63]
V  [jvm.dll+0x236a2b]
V  [jvm.dll+0xbd47c]
V  [jvm.dll+0xbda5c]
V  [jvm.dll+0xbd58b]
V  [jvm.dll+0x6a02fc]
V  [jvm.dll+0x5626f7]
V  [jvm.dll+0x5653b6]
V  [jvm.dll+0x550872]
V  [jvm.dll+0x551013]
V  [jvm.dll+0x553112]
V  [jvm.dll+0x552af1]
V  [jvm.dll+0x5529d0]
V  [jvm.dll+0x55a5a0]
V  [jvm.dll+0x21315b]
V  [jvm.dll+0x20c49f]
V  [jvm.dll+0x20a172]
V  [jvm.dll+0x19a2ed]
V  [jvm.dll+0x21967d]
V  [jvm.dll+0x2178c4]
V  [jvm.dll+0x7b7dcb]
V  [jvm.dll+0x7b237a]
V  [jvm.dll+0x64a3a5]
C  [ucrtbase.dll+0x29333]
C  [KERNEL32.DLL+0x1257d]
C  [ntdll.dll+0x5aa48]


---------------  P R O C E S S  ---------------

Threads class SMR info:
_java_thread_list=0x00000218d38c5200, length=73, elements={
0x00000218ae32c880, 0x00000218c995fd50, 0x00000218c99629e0, 0x00000218c9970600,
0x00000218c9970fb0, 0x00000218c9971960, 0x00000218c9974720, 0x00000218c99763d0,
0x00000218c9976d80, 0x00000218c99863f0, 0x00000218c9949fc0, 0x00000218c9bb2320,
0x00000218c9bb7110, 0x00000218c9c0bb20, 0x00000218c9d4e470, 0x00000218ced0e850,
0x00000218cfe23b90, 0x00000218cf523800, 0x00000218ced4fb50, 0x00000218cf571020,
0x00000218cf3c7450, 0x00000218cf47c3b0, 0x00000218d0096d60, 0x00000218c9e47b10,
0x00000218c9e44150, 0x00000218c9e44af0, 0x00000218c9e44620, 0x00000218c9e45e30,
0x00000218c9e44fc0, 0x00000218d0fc28e0, 0x00000218c9e45490, 0x00000218c9e467d0,
0x00000218d2284690, 0x00000218d0c3dde0, 0x00000218d0c3ec50, 0x00000218d0c3d440,
0x00000218d0c3d910, 0x00000218d0c3e2b0, 0x00000218d2fd5930, 0x00000218d2fd5460,
0x00000218d22841c0, 0x00000218d2829550, 0x00000218c9e46ca0, 0x00000218c9e47170,
0x00000218c9e47640, 0x00000218d2195a30, 0x00000218d2194bc0, 0x00000218d2195090,
0x00000218d2195f00, 0x00000218d21946f0, 0x00000218d2195560, 0x00000218d04708b0,
0x00000218d0470d80, 0x00000218d0471250, 0x00000218d0471720, 0x00000218d0471bf0,
0x00000218d04720c0, 0x00000218d2f9ed10, 0x00000218d2fa09f0, 0x00000218d2f9d030,
0x00000218d2f9d500, 0x00000218d2f9d9d0, 0x00000218d110dc00, 0x00000218d0c3e780,
0x00000218d24ef900, 0x00000218d176a320, 0x00000218d1769e50, 0x00000218d176acc0,
0x00000218d176a7f0, 0x00000218d176b190, 0x00000218d176b660, 0x00000218d04874e0,
0x00000218ce36b4d0
}

Java Threads: ( => current thread )
  0x00000218ae32c880 JavaThread "main" [_thread_blocked, id=14064, stack(0x000000e256700000,0x000000e256800000)]
  0x00000218c995fd50 JavaThread "Reference Handler" daemon [_thread_blocked, id=18084, stack(0x000000e256e00000,0x000000e256f00000)]
  0x00000218c99629e0 JavaThread "Finalizer" daemon [_thread_blocked, id=23024, stack(0x000000e256f00000,0x000000e257000000)]
  0x00000218c9970600 JavaThread "Signal Dispatcher" daemon [_thread_blocked, id=12156, stack(0x000000e257000000,0x000000e257100000)]
  0x00000218c9970fb0 JavaThread "Attach Listener" daemon [_thread_blocked, id=23308, stack(0x000000e257100000,0x000000e257200000)]
  0x00000218c9971960 JavaThread "Service Thread" daemon [_thread_blocked, id=11840, stack(0x000000e257200000,0x000000e257300000)]
  0x00000218c9974720 JavaThread "Monitor Deflation Thread" daemon [_thread_blocked, id=6264, stack(0x000000e257300000,0x000000e257400000)]
  0x00000218c99763d0 JavaThread "C2 CompilerThread0" daemon [_thread_in_native, id=23596, stack(0x000000e257400000,0x000000e257500000)]
  0x00000218c9976d80 JavaThread "C1 CompilerThread0" daemon [_thread_in_native, id=16128, stack(0x000000e257500000,0x000000e257600000)]
  0x00000218c99863f0 JavaThread "Sweeper thread" daemon [_thread_blocked, id=17640, stack(0x000000e257600000,0x000000e257700000)]
  0x00000218c9949fc0 JavaThread "Common-Cleaner" daemon [_thread_blocked, id=13836, stack(0x000000e257700000,0x000000e257800000)]
  0x00000218c9bb2320 JavaThread "C1 CompilerThread1" daemon [_thread_in_native, id=6188, stack(0x000000e257800000,0x000000e257900000)]
  0x00000218c9bb7110 JavaThread "C1 CompilerThread2" daemon [_thread_in_native, id=1144, stack(0x000000e257900000,0x000000e257a00000)]
  0x00000218c9c0bb20 JavaThread "C2 CompilerThread1" daemon [_thread_in_native, id=10208, stack(0x000000e257a00000,0x000000e257b00000)]
  0x00000218c9d4e470 JavaThread "Notification Thread" daemon [_thread_blocked, id=24984, stack(0x000000e257b00000,0x000000e257c00000)]
  0x00000218ced0e850 JavaThread "C1 CompilerThread3" daemon [_thread_in_native, id=15792, stack(0x000000e257e00000,0x000000e257f00000)]
  0x00000218cfe23b90 JavaThread "Daemon health stats" [_thread_blocked, id=6392, stack(0x000000e258400000,0x000000e258500000)]
  0x00000218cf523800 JavaThread "Incoming local TCP Connector on port 49469" [_thread_in_native, id=11100, stack(0x000000e257d00000,0x000000e257e00000)]
  0x00000218ced4fb50 JavaThread "Daemon periodic checks" [_thread_blocked, id=3564, stack(0x000000e258500000,0x000000e258600000)]
  0x00000218cf571020 JavaThread "Daemon" [_thread_blocked, id=22308, stack(0x000000e258600000,0x000000e258700000)]
  0x00000218cf3c7450 JavaThread "Handler for socket connection from /127.0.0.1:49469 to /127.0.0.1:49470" [_thread_in_native, id=24044, stack(0x000000e258700000,0x000000e258800000)]
  0x00000218cf47c3b0 JavaThread "Cancel handler" [_thread_blocked, id=22632, stack(0x000000e258800000,0x000000e258900000)]
  0x00000218d0096d60 JavaThread "Daemon worker" [_thread_in_native, id=24656, stack(0x000000e258900000,0x000000e258a00000)]
  0x00000218c9e47b10 JavaThread "Asynchronous log dispatcher for DefaultDaemonConnection: socket connection from /127.0.0.1:49469 to /127.0.0.1:49470" [_thread_blocked, id=10920, stack(0x000000e258a00000,0x000000e258b00000)]
  0x00000218c9e44150 JavaThread "Stdin handler" [_thread_blocked, id=5552, stack(0x000000e258b00000,0x000000e258c00000)]
  0x00000218c9e44af0 JavaThread "Daemon client event forwarder" [_thread_blocked, id=14088, stack(0x000000e258c00000,0x000000e258d00000)]
  0x00000218c9e44620 JavaThread "Cache worker for journal cache (C:\Users\ankuz\.gradle\caches\journal-1)" [_thread_blocked, id=7836, stack(0x000000e258d00000,0x000000e258e00000)]
  0x00000218c9e45e30 JavaThread "File lock request listener" [_thread_in_native, id=14720, stack(0x000000e258e00000,0x000000e258f00000)]
  0x00000218c9e44fc0 JavaThread "Cache worker for file hash cache (C:\Users\ankuz\.gradle\caches\8.5\fileHashes)" [_thread_blocked, id=19240, stack(0x000000e258f00000,0x000000e259000000)]
  0x00000218d0fc28e0 JavaThread "C2 CompilerThread2" daemon [_thread_in_native, id=21084, stack(0x000000e259000000,0x000000e259100000)]
  0x00000218c9e45490 JavaThread "File watcher server" daemon [_thread_in_native, id=10560, stack(0x000000e259100000,0x000000e259200000)]
  0x00000218c9e467d0 JavaThread "File watcher consumer" daemon [_thread_blocked, id=10656, stack(0x000000e259200000,0x000000e259300000)]
  0x00000218d2284690 JavaThread "Cache worker for checksums cache (C:\jorgX_backend\.gradle\8.5\checksums)" [_thread_blocked, id=25552, stack(0x000000e259c00000,0x000000e259d00000)]
  0x00000218d0c3dde0 JavaThread "Cache worker for file hash cache (C:\jorgX_backend\.gradle\8.5\fileHashes)" [_thread_blocked, id=2812, stack(0x000000e259d00000,0x000000e259e00000)]
  0x00000218d0c3ec50 JavaThread "Cache worker for cache directory md-supplier (C:\Users\ankuz\.gradle\caches\8.5\md-supplier)" [_thread_blocked, id=2648, stack(0x000000e259e00000,0x000000e259f00000)]
  0x00000218d0c3d440 JavaThread "Cache worker for cache directory md-rule (C:\Users\ankuz\.gradle\caches\8.5\md-rule)" [_thread_blocked, id=24512, stack(0x000000e259f00000,0x000000e25a000000)]
  0x00000218d0c3d910 JavaThread "Cache worker for file content cache (C:\Users\ankuz\.gradle\caches\8.5\fileContent)" [_thread_blocked, id=12324, stack(0x000000e25a000000,0x000000e25a100000)]
  0x00000218d0c3e2b0 JavaThread "Cache worker for execution history cache (C:\Users\ankuz\.gradle\caches\8.5\executionHistory)" [_thread_blocked, id=11012, stack(0x000000e25a100000,0x000000e25a200000)]
  0x00000218d2fd5930 JavaThread "jar transforms" [_thread_blocked, id=22712, stack(0x000000e25a200000,0x000000e25a300000)]
  0x00000218d2fd5460 JavaThread "jar transforms Thread 2" [_thread_blocked, id=3808, stack(0x000000e25a300000,0x000000e25a400000)]
  0x00000218d22841c0 JavaThread "jar transforms Thread 3" [_thread_blocked, id=6488, stack(0x000000e25a500000,0x000000e25a600000)]
  0x00000218d2829550 JavaThread "jar transforms Thread 4" [_thread_blocked, id=8684, stack(0x000000e25a600000,0x000000e25a700000)]
  0x00000218c9e46ca0 JavaThread "jar transforms Thread 5" [_thread_blocked, id=17304, stack(0x000000e25a700000,0x000000e25a800000)]
  0x00000218c9e47170 JavaThread "jar transforms Thread 6" [_thread_blocked, id=2336, stack(0x000000e25a800000,0x000000e25a900000)]
  0x00000218c9e47640 JavaThread "Cache worker for dependencies-accessors (C:\jorgX_backend\.gradle\8.5\dependencies-accessors)" [_thread_blocked, id=2832, stack(0x000000e25a900000,0x000000e25aa00000)]
  0x00000218d2195a30 JavaThread "jar transforms Thread 7" [_thread_blocked, id=18980, stack(0x000000e25a400000,0x000000e25a500000)]
  0x00000218d2194bc0 JavaThread "Cache worker for Build Output Cleanup Cache (C:\jorgX_backend\.gradle\buildOutputCleanup)" [_thread_blocked, id=16052, stack(0x000000e25b100000,0x000000e25b200000)]
  0x00000218d2195090 JavaThread "Unconstrained build operations" [_thread_blocked, id=25308, stack(0x000000e25b200000,0x000000e25b300000)]
  0x00000218d2195f00 JavaThread "Unconstrained build operations Thread 2" [_thread_blocked, id=2436, stack(0x000000e25b300000,0x000000e25b400000)]
  0x00000218d21946f0 JavaThread "Unconstrained build operations Thread 3" [_thread_blocked, id=18928, stack(0x000000e25b400000,0x000000e25b500000)]
  0x00000218d2195560 JavaThread "Unconstrained build operations Thread 4" [_thread_blocked, id=13252, stack(0x000000e25b500000,0x000000e25b600000)]
  0x00000218d04708b0 JavaThread "Unconstrained build operations Thread 5" [_thread_blocked, id=18964, stack(0x000000e25b600000,0x000000e25b700000)]
  0x00000218d0470d80 JavaThread "Unconstrained build operations Thread 6" [_thread_blocked, id=11144, stack(0x000000e25b700000,0x000000e25b800000)]
  0x00000218d0471250 JavaThread "Unconstrained build operations Thread 7" [_thread_blocked, id=13804, stack(0x000000e25b800000,0x000000e25b900000)]
  0x00000218d0471720 JavaThread "Unconstrained build operations Thread 8" [_thread_blocked, id=21048, stack(0x000000e25b900000,0x000000e25ba00000)]
  0x00000218d0471bf0 JavaThread "Unconstrained build operations Thread 9" [_thread_blocked, id=11532, stack(0x000000e25ba00000,0x000000e25bb00000)]
  0x00000218d04720c0 JavaThread "Unconstrained build operations Thread 10" [_thread_blocked, id=12808, stack(0x000000e25bb00000,0x000000e25bc00000)]
  0x00000218d2f9ed10 JavaThread "Unconstrained build operations Thread 11" [_thread_blocked, id=22008, stack(0x000000e25bc00000,0x000000e25bd00000)]
  0x00000218d2fa09f0 JavaThread "Unconstrained build operations Thread 12" [_thread_blocked, id=13684, stack(0x000000e25bd00000,0x000000e25be00000)]
  0x00000218d2f9d030 JavaThread "Unconstrained build operations Thread 13" [_thread_blocked, id=19336, stack(0x000000e25be00000,0x000000e25bf00000)]
  0x00000218d2f9d500 JavaThread "Unconstrained build operations Thread 14" [_thread_blocked, id=24468, stack(0x000000e25bf00000,0x000000e25c000000)]
  0x00000218d2f9d9d0 JavaThread "Unconstrained build operations Thread 15" [_thread_blocked, id=14752, stack(0x000000e25c000000,0x000000e25c100000)]
  0x00000218d110dc00 JavaThread "C2 CompilerThread3" daemon [_thread_in_native, id=20948, stack(0x000000e25c100000,0x000000e25c200000)]
  0x00000218d0c3e780 JavaThread "jar transforms Thread 8" [_thread_blocked, id=22612, stack(0x000000e25c200000,0x000000e25c300000)]
  0x00000218d24ef900 JavaThread "jar transforms Thread 9" [_thread_blocked, id=2680, stack(0x000000e25c300000,0x000000e25c400000)]
  0x00000218d176a320 JavaThread "jar transforms Thread 10" [_thread_blocked, id=22548, stack(0x000000e25c400000,0x000000e25c500000)]
  0x00000218d1769e50 JavaThread "jar transforms Thread 11" [_thread_blocked, id=23436, stack(0x000000e25c500000,0x000000e25c600000)]
  0x00000218d176acc0 JavaThread "jar transforms Thread 12" [_thread_blocked, id=24788, stack(0x000000e25c600000,0x000000e25c700000)]
  0x00000218d176a7f0 JavaThread "jar transforms Thread 13" [_thread_blocked, id=12116, stack(0x000000e25c700000,0x000000e25c800000)]
  0x00000218d176b190 JavaThread "jar transforms Thread 14" [_thread_blocked, id=10860, stack(0x000000e25c800000,0x000000e25c900000)]
  0x00000218d176b660 JavaThread "jar transforms Thread 15" [_thread_blocked, id=14992, stack(0x000000e25c900000,0x000000e25ca00000)]
  0x00000218d04874e0 JavaThread "jar transforms Thread 16" [_thread_blocked, id=7728, stack(0x000000e25ca00000,0x000000e25cb00000)]
=>0x00000218ce36b4d0 JavaThread "C2 CompilerThread4" daemon [_thread_in_native, id=19868, stack(0x000000e25cb00000,0x000000e25cc00000)]

Other Threads:
  0x00000218c995b250 VMThread "VM Thread" [stack: 0x000000e256d00000,0x000000e256e00000] [id=24864]
  0x00000218ae32d4f0 WatcherThread [stack: 0x000000e257c00000,0x000000e257d00000] [id=25496]
  0x00000218ae35b6d0 GCTaskThread "GC Thread#0" [stack: 0x000000e256800000,0x000000e256900000] [id=17956]
  0x00000218ced0f170 GCTaskThread "GC Thread#1" [stack: 0x000000e257f00000,0x000000e258000000] [id=13476]
  0x00000218cec44d90 GCTaskThread "GC Thread#2" [stack: 0x000000e258000000,0x000000e258100000] [id=20368]
  0x00000218cec45450 GCTaskThread "GC Thread#3" [stack: 0x000000e258100000,0x000000e258200000] [id=19928]
  0x00000218ced0c450 GCTaskThread "GC Thread#4" [stack: 0x000000e258200000,0x000000e258300000] [id=15140]
  0x00000218ce956920 GCTaskThread "GC Thread#5" [stack: 0x000000e258300000,0x000000e258400000] [id=776]
  0x00000218d2140dd0 GCTaskThread "GC Thread#6" [stack: 0x000000e259300000,0x000000e259400000] [id=23808]
  0x00000218d2141890 GCTaskThread "GC Thread#7" [stack: 0x000000e259400000,0x000000e259500000] [id=9348]
  0x00000218d2141b40 GCTaskThread "GC Thread#8" [stack: 0x000000e259500000,0x000000e259600000] [id=20972]
  0x00000218d21405c0 GCTaskThread "GC Thread#9" [stack: 0x000000e259600000,0x000000e259700000] [id=20428]
  0x00000218d2140870 GCTaskThread "GC Thread#10" [stack: 0x000000e259700000,0x000000e259800000] [id=22296]
  0x00000218d2140b20 GCTaskThread "GC Thread#11" [stack: 0x000000e259800000,0x000000e259900000] [id=18216]
  0x00000218d2140060 GCTaskThread "GC Thread#12" [stack: 0x000000e259900000,0x000000e259a00000] [id=16360]
  0x00000218ae360510 ConcurrentGCThread "G1 Main Marker" [stack: 0x000000e256900000,0x000000e256a00000] [id=15256]
  0x00000218ae360e20 ConcurrentGCThread "G1 Conc#0" [stack: 0x000000e256a00000,0x000000e256b00000] [id=23760]
  0x00000218d2140310 ConcurrentGCThread "G1 Conc#1" [stack: 0x000000e259a00000,0x000000e259b00000] [id=9436]
  0x00000218d2141080 ConcurrentGCThread "G1 Conc#2" [stack: 0x000000e259b00000,0x000000e259c00000] [id=18968]
  0x00000218c981c5b0 ConcurrentGCThread "G1 Refine#0" [stack: 0x000000e256b00000,0x000000e256c00000] [id=14648]
  0x00000218d09f1370 ConcurrentGCThread "G1 Refine#1" [stack: 0x000000e25aa00000,0x000000e25ab00000] [id=3412]
  0x00000218d09f1930 ConcurrentGCThread "G1 Refine#2" [stack: 0x000000e25ab00000,0x000000e25ac00000] [id=17788]
  0x00000218d09f1650 ConcurrentGCThread "G1 Refine#3" [stack: 0x000000e25ac00000,0x000000e25ad00000] [id=5100]
  0x00000218d09f0db0 ConcurrentGCThread "G1 Refine#4" [stack: 0x000000e25ad00000,0x000000e25ae00000] [id=13572]
  0x00000218d09f1c10 ConcurrentGCThread "G1 Refine#5" [stack: 0x000000e25ae00000,0x000000e25af00000] [id=17536]
  0x00000218d09f0ad0 ConcurrentGCThread "G1 Refine#6" [stack: 0x000000e25af00000,0x000000e25b000000] [id=24492]
  0x00000218d09eff50 ConcurrentGCThread "G1 Refine#7" [stack: 0x000000e25b000000,0x000000e25b100000] [id=392]
  0x00000218c981cc80 ConcurrentGCThread "G1 Service" [stack: 0x000000e256c00000,0x000000e256d00000] [id=3936]

Threads with active compile tasks:
C2 CompilerThread0     5524 4706       4       jdk.internal.org.objectweb.asm.Frame::execute (2305 bytes)
C1 CompilerThread0     5524 5146 %     3       org.gradle.internal.instantiation.generator.AbstractClassGenerator::inspectType @ 32 (560 bytes)
C1 CompilerThread1     5524 5153       3       com.google.common.reflect.TypeResolver$TypeTable::resolveInternal (105 bytes)
C1 CompilerThread2     5524 5150       3       com.google.common.reflect.TypeResolver$TypeTable::resolve (20 bytes)
C2 CompilerThread1     5524 4607       4       org.gradle.internal.service.DefaultServiceRegistry$OwnServices::getService (309 bytes)
C1 CompilerThread3     5524 5147       3       org.gradle.model.internal.asm.MethodVisitorScope::_IFNULL (9 bytes)
C2 CompilerThread2     5524 5134   !   4       java.net.URLClassLoader::findClass (47 bytes)
C2 CompilerThread3     5524 5115       4       org.objectweb.asm.Frame::execute (2318 bytes)
C2 CompilerThread4     5524 5139       4       sun.invoke.util.VerifyAccess::isSamePackage (37 bytes)

VM state: not at safepoint (normal execution)

VM Mutex/Monitor currently owned by a thread: None

Heap address: 0x00000000e0000000, size: 512 MB, Compressed Oops mode: 32-bit

CDS archive(s) mapped at: [0x0000000800000000-0x0000000800bc0000-0x0000000800bc0000), size 12320768, SharedBaseAddress: 0x0000000800000000, ArchiveRelocationMode: 0.
Compressed class space mapped at: 0x0000000801000000-0x0000000815000000, reserved size: 335544320
Narrow klass base: 0x0000000800000000, Narrow klass shift: 0, Narrow klass range: 0x100000000

GC Precious Log:
 CPUs: 16 total, 16 available
 Memory: 15741M
 Large Page Support: Disabled
 NUMA Support: Disabled
 Compressed Oops: Enabled (32-bit)
 Heap Region Size: 1M
 Heap Min Capacity: 256M
 Heap Initial Capacity: 256M
 Heap Max Capacity: 512M
 Pre-touch: Disabled
 Parallel Workers: 13
 Concurrent Workers: 3
 Concurrent Refinement Workers: 13
 Periodic GC: Disabled

Heap:
 garbage-first heap   total 262144K, used 106507K [0x00000000e0000000, 0x0000000100000000)
  region size 1024K, 75 young (76800K), 1 survivors (1024K)
 Metaspace       used 43576K, committed 44032K, reserved 393216K
  class space    used 6123K, committed 6336K, reserved 327680K

Heap Regions: E=young(eden), S=young(survivor), O=old, HS=humongous(starts), HC=humongous(continues), CS=collection set, F=free, OA=open archive, CA=closed archive, TAMS=top-at-mark-start (previous, next)
|   0|0x00000000e0000000, 0x00000000e0100000, 0x00000000e0100000|100%|HS|  |TAMS 0x00000000e0100000, 0x00000000e0000000| Complete 
|   1|0x00000000e0100000, 0x00000000e0200000, 0x00000000e0200000|100%|HC|  |TAMS 0x00000000e0200000, 0x00000000e0100000| Complete 
|   2|0x00000000e0200000, 0x00000000e0300000, 0x00000000e0300000|100%|HC|  |TAMS 0x00000000e0300000, 0x00000000e0200000| Complete 
|   3|0x00000000e0300000, 0x00000000e0400000, 0x00000000e0400000|100%|HC|  |TAMS 0x00000000e0400000, 0x00000000e0300000| Complete 
|   4|0x00000000e0400000, 0x00000000e0500000, 0x00000000e0500000|100%| O|  |TAMS 0x00000000e0500000, 0x00000000e0400000| Untracked 
|   5|0x00000000e0500000, 0x00000000e0600000, 0x00000000e0600000|100%| O|  |TAMS 0x00000000e0600000, 0x00000000e0500000| Untracked 
|   6|0x00000000e0600000, 0x00000000e0700000, 0x00000000e0700000|100%| O|  |TAMS 0x00000000e0700000, 0x00000000e0600000| Untracked 
|   7|0x00000000e0700000, 0x00000000e0800000, 0x00000000e0800000|100%|HS|  |TAMS 0x00000000e0700000, 0x00000000e0700000| Complete 
|   8|0x00000000e0800000, 0x00000000e0900000, 0x00000000e0900000|100%| O|  |TAMS 0x00000000e0900000, 0x00000000e0800000| Untracked 
|   9|0x00000000e0900000, 0x00000000e0a00000, 0x00000000e0a00000|100%| O|  |TAMS 0x00000000e0a00000, 0x00000000e0900000| Untracked 
|  10|0x00000000e0a00000, 0x00000000e0b00000, 0x00000000e0b00000|100%| O|  |TAMS 0x00000000e0b00000, 0x00000000e0a00000| Untracked 
|  11|0x00000000e0b00000, 0x00000000e0c00000, 0x00000000e0c00000|100%| O|  |TAMS 0x00000000e0c00000, 0x00000000e0b00000| Untracked 
|  12|0x00000000e0c00000, 0x00000000e0d00000, 0x00000000e0d00000|100%| O|  |TAMS 0x00000000e0d00000, 0x00000000e0c00000| Untracked 
|  13|0x00000000e0d00000, 0x00000000e0e00000, 0x00000000e0e00000|100%| O|  |TAMS 0x00000000e0e00000, 0x00000000e0d00000| Untracked 
|  14|0x00000000e0e00000, 0x00000000e0f00000, 0x00000000e0f00000|100%| O|  |TAMS 0x00000000e0f00000, 0x00000000e0e00000| Untracked 
|  15|0x00000000e0f00000, 0x00000000e1000000, 0x00000000e1000000|100%| O|  |TAMS 0x00000000e1000000, 0x00000000e0f00000| Untracked 
|  16|0x00000000e1000000, 0x00000000e1100000, 0x00000000e1100000|100%| O|  |TAMS 0x00000000e1100000, 0x00000000e1000000| Untracked 
|  17|0x00000000e1100000, 0x00000000e1200000, 0x00000000e1200000|100%| O|  |TAMS 0x00000000e1200000, 0x00000000e1100000| Untracked 
|  18|0x00000000e1200000, 0x00000000e1300000, 0x00000000e1300000|100%| O|  |TAMS 0x00000000e1300000, 0x00000000e1200000| Complete 
|  19|0x00000000e1300000, 0x00000000e1400000, 0x00000000e1400000|100%| O|  |TAMS 0x00000000e1400000, 0x00000000e1300000| Untracked 
|  20|0x00000000e1400000, 0x00000000e1500000, 0x00000000e1500000|100%| O|  |TAMS 0x00000000e1500000, 0x00000000e1400000| Untracked 
|  21|0x00000000e1500000, 0x00000000e1600000, 0x00000000e1600000|100%| O|  |TAMS 0x00000000e1600000, 0x00000000e1500000| Untracked 
|  22|0x00000000e1600000, 0x00000000e1700000, 0x00000000e1700000|100%| O|  |TAMS 0x00000000e1700000, 0x00000000e1600000| Untracked 
|  23|0x00000000e1700000, 0x00000000e1800000, 0x00000000e1800000|100%| O|  |TAMS 0x00000000e1800000, 0x00000000e1700000| Untracked 
|  24|0x00000000e1800000, 0x00000000e1900000, 0x00000000e1900000|100%| O|  |TAMS 0x00000000e1900000, 0x00000000e1800000| Untracked 
|  25|0x00000000e1900000, 0x00000000e1a00000, 0x00000000e1a00000|100%| O|  |TAMS 0x00000000e1a00000, 0x00000000e1900000| Untracked 
|  26|0x00000000e1a00000, 0x00000000e1b00000, 0x00000000e1b00000|100%| O|  |TAMS 0x00000000e1b00000, 0x00000000e1a00000| Untracked 
|  27|0x00000000e1b00000, 0x00000000e1c00000, 0x00000000e1c00000|100%| O|  |TAMS 0x00000000e1c00000, 0x00000000e1b00000| Untracked 
|  28|0x00000000e1c00000, 0x00000000e1d00000, 0x00000000e1d00000|100%| O|  |TAMS 0x00000000e1d00000, 0x00000000e1c00000| Untracked 
|  29|0x00000000e1d00000, 0x00000000e1e00000, 0x00000000e1e00000|100%| O|  |TAMS 0x00000000e1e00000, 0x00000000e1d00000| Untracked 
|  30|0x00000000e1e00000, 0x00000000e1ea8600, 0x00000000e1f00000| 65%| O|  |TAMS 0x00000000e1ea8600, 0x00000000e1e00000| Untracked 
|  31|0x00000000e1f00000, 0x00000000e2000000, 0x00000000e2000000|100%|HS|  |TAMS 0x00000000e1f00000, 0x00000000e1f00000| Complete 
|  32|0x00000000e2000000, 0x00000000e2000000, 0x00000000e2100000|  0%| F|  |TAMS 0x00000000e2000000, 0x00000000e2000000| Untracked 
|  33|0x00000000e2100000, 0x00000000e2100000, 0x00000000e2200000|  0%| F|  |TAMS 0x00000000e2100000, 0x00000000e2100000| Untracked 
|  34|0x00000000e2200000, 0x00000000e2200000, 0x00000000e2300000|  0%| F|  |TAMS 0x00000000e2200000, 0x00000000e2200000| Untracked 
|  35|0x00000000e2300000, 0x00000000e2300000, 0x00000000e2400000|  0%| F|  |TAMS 0x00000000e2300000, 0x00000000e2300000| Untracked 
|  36|0x00000000e2400000, 0x00000000e2400000, 0x00000000e2500000|  0%| F|  |TAMS 0x00000000e2400000, 0x00000000e2400000| Untracked 
|  37|0x00000000e2500000, 0x00000000e2500000, 0x00000000e2600000|  0%| F|  |TAMS 0x00000000e2500000, 0x00000000e2500000| Untracked 
|  38|0x00000000e2600000, 0x00000000e2600000, 0x00000000e2700000|  0%| F|  |TAMS 0x00000000e2600000, 0x00000000e2600000| Untracked 
|  39|0x00000000e2700000, 0x00000000e2700000, 0x00000000e2800000|  0%| F|  |TAMS 0x00000000e2700000, 0x00000000e2700000| Untracked 
|  40|0x00000000e2800000, 0x00000000e2800000, 0x00000000e2900000|  0%| F|  |TAMS 0x00000000e2800000, 0x00000000e2800000| Untracked 
|  41|0x00000000e2900000, 0x00000000e2900000, 0x00000000e2a00000|  0%| F|  |TAMS 0x00000000e2900000, 0x00000000e2900000| Untracked 
|  42|0x00000000e2a00000, 0x00000000e2a00000, 0x00000000e2b00000|  0%| F|  |TAMS 0x00000000e2a00000, 0x00000000e2a00000| Untracked 
|  43|0x00000000e2b00000, 0x00000000e2b00000, 0x00000000e2c00000|  0%| F|  |TAMS 0x00000000e2b00000, 0x00000000e2b00000| Untracked 
|  44|0x00000000e2c00000, 0x00000000e2c00000, 0x00000000e2d00000|  0%| F|  |TAMS 0x00000000e2c00000, 0x00000000e2c00000| Untracked 
|  45|0x00000000e2d00000, 0x00000000e2d00000, 0x00000000e2e00000|  0%| F|  |TAMS 0x00000000e2d00000, 0x00000000e2d00000| Untracked 
|  46|0x00000000e2e00000, 0x00000000e2e00000, 0x00000000e2f00000|  0%| F|  |TAMS 0x00000000e2e00000, 0x00000000e2e00000| Untracked 
|  47|0x00000000e2f00000, 0x00000000e2f00000, 0x00000000e3000000|  0%| F|  |TAMS 0x00000000e2f00000, 0x00000000e2f00000| Untracked 
|  48|0x00000000e3000000, 0x00000000e3000000, 0x00000000e3100000|  0%| F|  |TAMS 0x00000000e3000000, 0x00000000e3000000| Untracked 
|  49|0x00000000e3100000, 0x00000000e3100000, 0x00000000e3200000|  0%| F|  |TAMS 0x00000000e3100000, 0x00000000e3100000| Untracked 
|  50|0x00000000e3200000, 0x00000000e3200000, 0x00000000e3300000|  0%| F|  |TAMS 0x00000000e3200000, 0x00000000e3200000| Untracked 
|  51|0x00000000e3300000, 0x00000000e3300000, 0x00000000e3400000|  0%| F|  |TAMS 0x00000000e3300000, 0x00000000e3300000| Untracked 
|  52|0x00000000e3400000, 0x00000000e3400000, 0x00000000e3500000|  0%| F|  |TAMS 0x00000000e3400000, 0x00000000e3400000| Untracked 
|  53|0x00000000e3500000, 0x00000000e3500000, 0x00000000e3600000|  0%| F|  |TAMS 0x00000000e3500000, 0x00000000e3500000| Untracked 
|  54|0x00000000e3600000, 0x00000000e3600000, 0x00000000e3700000|  0%| F|  |TAMS 0x00000000e3600000, 0x00000000e3600000| Untracked 
|  55|0x00000000e3700000, 0x00000000e3700000, 0x00000000e3800000|  0%| F|  |TAMS 0x00000000e3700000, 0x00000000e3700000| Untracked 
|  56|0x00000000e3800000, 0x00000000e3800000, 0x00000000e3900000|  0%| F|  |TAMS 0x00000000e3800000, 0x00000000e3800000| Untracked 
|  57|0x00000000e3900000, 0x00000000e3900000, 0x00000000e3a00000|  0%| F|  |TAMS 0x00000000e3900000, 0x00000000e3900000| Untracked 
|  58|0x00000000e3a00000, 0x00000000e3a00000, 0x00000000e3b00000|  0%| F|  |TAMS 0x00000000e3a00000, 0x00000000e3a00000| Untracked 
|  59|0x00000000e3b00000, 0x00000000e3b00000, 0x00000000e3c00000|  0%| F|  |TAMS 0x00000000e3b00000, 0x00000000e3b00000| Untracked 
|  60|0x00000000e3c00000, 0x00000000e3c00000, 0x00000000e3d00000|  0%| F|  |TAMS 0x00000000e3c00000, 0x00000000e3c00000| Untracked 
|  61|0x00000000e3d00000, 0x00000000e3d00000, 0x00000000e3e00000|  0%| F|  |TAMS 0x00000000e3d00000, 0x00000000e3d00000| Untracked 
|  62|0x00000000e3e00000, 0x00000000e3e00000, 0x00000000e3f00000|  0%| F|  |TAMS 0x00000000e3e00000, 0x00000000e3e00000| Untracked 
|  63|0x00000000e3f00000, 0x00000000e3f00000, 0x00000000e4000000|  0%| F|  |TAMS 0x00000000e3f00000, 0x00000000e3f00000| Untracked 
|  64|0x00000000e4000000, 0x00000000e4000000, 0x00000000e4100000|  0%| F|  |TAMS 0x00000000e4000000, 0x00000000e4000000| Untracked 
|  65|0x00000000e4100000, 0x00000000e4100000, 0x00000000e4200000|  0%| F|  |TAMS 0x00000000e4100000, 0x00000000e4100000| Untracked 
|  66|0x00000000e4200000, 0x00000000e4200000, 0x00000000e4300000|  0%| F|  |TAMS 0x00000000e4200000, 0x00000000e4200000| Untracked 
|  67|0x00000000e4300000, 0x00000000e4300000, 0x00000000e4400000|  0%| F|  |TAMS 0x00000000e4300000, 0x00000000e4300000| Untracked 
|  68|0x00000000e4400000, 0x00000000e4400000, 0x00000000e4500000|  0%| F|  |TAMS 0x00000000e4400000, 0x00000000e4400000| Untracked 
|  69|0x00000000e4500000, 0x00000000e4500000, 0x00000000e4600000|  0%| F|  |TAMS 0x00000000e4500000, 0x00000000e4500000| Untracked 
|  70|0x00000000e4600000, 0x00000000e4600000, 0x00000000e4700000|  0%| F|  |TAMS 0x00000000e4600000, 0x00000000e4600000| Untracked 
|  71|0x00000000e4700000, 0x00000000e4700000, 0x00000000e4800000|  0%| F|  |TAMS 0x00000000e4700000, 0x00000000e4700000| Untracked 
|  72|0x00000000e4800000, 0x00000000e4800000, 0x00000000e4900000|  0%| F|  |TAMS 0x00000000e4800000, 0x00000000e4800000| Untracked 
|  73|0x00000000e4900000, 0x00000000e4900000, 0x00000000e4a00000|  0%| F|  |TAMS 0x00000000e4900000, 0x00000000e4900000| Untracked 
|  74|0x00000000e4a00000, 0x00000000e4a00000, 0x00000000e4b00000|  0%| F|  |TAMS 0x00000000e4a00000, 0x00000000e4a00000| Untracked 
|  75|0x00000000e4b00000, 0x00000000e4b00000, 0x00000000e4c00000|  0%| F|  |TAMS 0x00000000e4b00000, 0x00000000e4b00000| Untracked 
|  76|0x00000000e4c00000, 0x00000000e4c00000, 0x00000000e4d00000|  0%| F|  |TAMS 0x00000000e4c00000, 0x00000000e4c00000| Untracked 
|  77|0x00000000e4d00000, 0x00000000e4d00000, 0x00000000e4e00000|  0%| F|  |TAMS 0x00000000e4d00000, 0x00000000e4d00000| Untracked 
|  78|0x00000000e4e00000, 0x00000000e4e00000, 0x00000000e4f00000|  0%| F|  |TAMS 0x00000000e4e00000, 0x00000000e4e00000| Untracked 
|  79|0x00000000e4f00000, 0x00000000e4f00000, 0x00000000e5000000|  0%| F|  |TAMS 0x00000000e4f00000, 0x00000000e4f00000| Untracked 
|  80|0x00000000e5000000, 0x00000000e5000000, 0x00000000e5100000|  0%| F|  |TAMS 0x00000000e5000000, 0x00000000e5000000| Untracked 
|  81|0x00000000e5100000, 0x00000000e5100000, 0x00000000e5200000|  0%| F|  |TAMS 0x00000000e5100000, 0x00000000e5100000| Untracked 
|  82|0x00000000e5200000, 0x00000000e5200000, 0x00000000e5300000|  0%| F|  |TAMS 0x00000000e5200000, 0x00000000e5200000| Untracked 
|  83|0x00000000e5300000, 0x00000000e5300000, 0x00000000e5400000|  0%| F|  |TAMS 0x00000000e5300000, 0x00000000e5300000| Untracked 
|  84|0x00000000e5400000, 0x00000000e5400000, 0x00000000e5500000|  0%| F|  |TAMS 0x00000000e5400000, 0x00000000e5400000| Untracked 
|  85|0x00000000e5500000, 0x00000000e5500000, 0x00000000e5600000|  0%| F|  |TAMS 0x00000000e5500000, 0x00000000e5500000| Untracked 
|  86|0x00000000e5600000, 0x00000000e5600000, 0x00000000e5700000|  0%| F|  |TAMS 0x00000000e5600000, 0x00000000e5600000| Untracked 
|  87|0x00000000e5700000, 0x00000000e5700000, 0x00000000e5800000|  0%| F|  |TAMS 0x00000000e5700000, 0x00000000e5700000| Untracked 
|  88|0x00000000e5800000, 0x00000000e5800000, 0x00000000e5900000|  0%| F|  |TAMS 0x00000000e5800000, 0x00000000e5800000| Untracked 
|  89|0x00000000e5900000, 0x00000000e5900000, 0x00000000e5a00000|  0%| F|  |TAMS 0x00000000e5900000, 0x00000000e5900000| Untracked 
|  90|0x00000000e5a00000, 0x00000000e5a00000, 0x00000000e5b00000|  0%| F|  |TAMS 0x00000000e5a00000, 0x00000000e5a00000| Untracked 
|  91|0x00000000e5b00000, 0x00000000e5b00000, 0x00000000e5c00000|  0%| F|  |TAMS 0x00000000e5b00000, 0x00000000e5b00000| Untracked 
|  92|0x00000000e5c00000, 0x00000000e5c00000, 0x00000000e5d00000|  0%| F|  |TAMS 0x00000000e5c00000, 0x00000000e5c00000| Untracked 
|  93|0x00000000e5d00000, 0x00000000e5d00000, 0x00000000e5e00000|  0%| F|  |TAMS 0x00000000e5d00000, 0x00000000e5d00000| Untracked 
|  94|0x00000000e5e00000, 0x00000000e5e00000, 0x00000000e5f00000|  0%| F|  |TAMS 0x00000000e5e00000, 0x00000000e5e00000| Untracked 
|  95|0x00000000e5f00000, 0x00000000e5f00000, 0x00000000e6000000|  0%| F|  |TAMS 0x00000000e5f00000, 0x00000000e5f00000| Untracked 
|  96|0x00000000e6000000, 0x00000000e6000000, 0x00000000e6100000|  0%| F|  |TAMS 0x00000000e6000000, 0x00000000e6000000| Untracked 
|  97|0x00000000e6100000, 0x00000000e6100000, 0x00000000e6200000|  0%| F|  |TAMS 0x00000000e6100000, 0x00000000e6100000| Untracked 
|  98|0x00000000e6200000, 0x00000000e6200000, 0x00000000e6300000|  0%| F|  |TAMS 0x00000000e6200000, 0x00000000e6200000| Untracked 
|  99|0x00000000e6300000, 0x00000000e6300000, 0x00000000e6400000|  0%| F|  |TAMS 0x00000000e6300000, 0x00000000e6300000| Untracked 
| 100|0x00000000e6400000, 0x00000000e6400000, 0x00000000e6500000|  0%| F|  |TAMS 0x00000000e6400000, 0x00000000e6400000| Untracked 
| 101|0x00000000e6500000, 0x00000000e6500000, 0x00000000e6600000|  0%| F|  |TAMS 0x00000000e6500000, 0x00000000e6500000| Untracked 
| 102|0x00000000e6600000, 0x00000000e6600000, 0x00000000e6700000|  0%| F|  |TAMS 0x00000000e6600000, 0x00000000e6600000| Untracked 
| 103|0x00000000e6700000, 0x00000000e6700000, 0x00000000e6800000|  0%| F|  |TAMS 0x00000000e6700000, 0x00000000e6700000| Untracked 
| 104|0x00000000e6800000, 0x00000000e6800000, 0x00000000e6900000|  0%| F|  |TAMS 0x00000000e6800000, 0x00000000e6800000| Untracked 
| 105|0x00000000e6900000, 0x00000000e6900000, 0x00000000e6a00000|  0%| F|  |TAMS 0x00000000e6900000, 0x00000000e6900000| Untracked 
| 106|0x00000000e6a00000, 0x00000000e6a00000, 0x00000000e6b00000|  0%| F|  |TAMS 0x00000000e6a00000, 0x00000000e6a00000| Untracked 
| 107|0x00000000e6b00000, 0x00000000e6b00000, 0x00000000e6c00000|  0%| F|  |TAMS 0x00000000e6b00000, 0x00000000e6b00000| Untracked 
| 108|0x00000000e6c00000, 0x00000000e6c00000, 0x00000000e6d00000|  0%| F|  |TAMS 0x00000000e6c00000, 0x00000000e6c00000| Untracked 
| 109|0x00000000e6d00000, 0x00000000e6d00000, 0x00000000e6e00000|  0%| F|  |TAMS 0x00000000e6d00000, 0x00000000e6d00000| Untracked 
| 110|0x00000000e6e00000, 0x00000000e6e00000, 0x00000000e6f00000|  0%| F|  |TAMS 0x00000000e6e00000, 0x00000000e6e00000| Untracked 
| 111|0x00000000e6f00000, 0x00000000e6f00000, 0x00000000e7000000|  0%| F|  |TAMS 0x00000000e6f00000, 0x00000000e6f00000| Untracked 
| 112|0x00000000e7000000, 0x00000000e7000000, 0x00000000e7100000|  0%| F|  |TAMS 0x00000000e7000000, 0x00000000e7000000| Untracked 
| 113|0x00000000e7100000, 0x00000000e7100000, 0x00000000e7200000|  0%| F|  |TAMS 0x00000000e7100000, 0x00000000e7100000| Untracked 
| 114|0x00000000e7200000, 0x00000000e7200000, 0x00000000e7300000|  0%| F|  |TAMS 0x00000000e7200000, 0x00000000e7200000| Untracked 
| 115|0x00000000e7300000, 0x00000000e7300000, 0x00000000e7400000|  0%| F|  |TAMS 0x00000000e7300000, 0x00000000e7300000| Untracked 
| 116|0x00000000e7400000, 0x00000000e7400000, 0x00000000e7500000|  0%| F|  |TAMS 0x00000000e7400000, 0x00000000e7400000| Untracked 
| 117|0x00000000e7500000, 0x00000000e7500000, 0x00000000e7600000|  0%| F|  |TAMS 0x00000000e7500000, 0x00000000e7500000| Untracked 
| 118|0x00000000e7600000, 0x00000000e7600000, 0x00000000e7700000|  0%| F|  |TAMS 0x00000000e7600000, 0x00000000e7600000| Untracked 
| 119|0x00000000e7700000, 0x00000000e7700000, 0x00000000e7800000|  0%| F|  |TAMS 0x00000000e7700000, 0x00000000e7700000| Untracked 
| 120|0x00000000e7800000, 0x00000000e7800000, 0x00000000e7900000|  0%| F|  |TAMS 0x00000000e7800000, 0x00000000e7800000| Untracked 
| 121|0x00000000e7900000, 0x00000000e7900000, 0x00000000e7a00000|  0%| F|  |TAMS 0x00000000e7900000, 0x00000000e7900000| Untracked 
| 122|0x00000000e7a00000, 0x00000000e7a00000, 0x00000000e7b00000|  0%| F|  |TAMS 0x00000000e7a00000, 0x00000000e7a00000| Untracked 
| 123|0x00000000e7b00000, 0x00000000e7b00000, 0x00000000e7c00000|  0%| F|  |TAMS 0x00000000e7b00000, 0x00000000e7b00000| Untracked 
| 124|0x00000000e7c00000, 0x00000000e7c00000, 0x00000000e7d00000|  0%| F|  |TAMS 0x00000000e7c00000, 0x00000000e7c00000| Untracked 
| 125|0x00000000e7d00000, 0x00000000e7d00000, 0x00000000e7e00000|  0%| F|  |TAMS 0x00000000e7d00000, 0x00000000e7d00000| Untracked 
| 126|0x00000000e7e00000, 0x00000000e7e00000, 0x00000000e7f00000|  0%| F|  |TAMS 0x00000000e7e00000, 0x00000000e7e00000| Untracked 
| 127|0x00000000e7f00000, 0x00000000e7f00000, 0x00000000e8000000|  0%| F|  |TAMS 0x00000000e7f00000, 0x00000000e7f00000| Untracked 
| 128|0x00000000e8000000, 0x00000000e8000000, 0x00000000e8100000|  0%| F|  |TAMS 0x00000000e8000000, 0x00000000e8000000| Untracked 
| 129|0x00000000e8100000, 0x00000000e8100000, 0x00000000e8200000|  0%| F|  |TAMS 0x00000000e8100000, 0x00000000e8100000| Untracked 
| 130|0x00000000e8200000, 0x00000000e8200000, 0x00000000e8300000|  0%| F|  |TAMS 0x00000000e8200000, 0x00000000e8200000| Untracked 
| 131|0x00000000e8300000, 0x00000000e8300000, 0x00000000e8400000|  0%| F|  |TAMS 0x00000000e8300000, 0x00000000e8300000| Untracked 
| 132|0x00000000e8400000, 0x00000000e8400000, 0x00000000e8500000|  0%| F|  |TAMS 0x00000000e8400000, 0x00000000e8400000| Untracked 
| 133|0x00000000e8500000, 0x00000000e8500000, 0x00000000e8600000|  0%| F|  |TAMS 0x00000000e8500000, 0x00000000e8500000| Untracked 
| 134|0x00000000e8600000, 0x00000000e8600000, 0x00000000e8700000|  0%| F|  |TAMS 0x00000000e8600000, 0x00000000e8600000| Untracked 
| 135|0x00000000e8700000, 0x00000000e8700000, 0x00000000e8800000|  0%| F|  |TAMS 0x00000000e8700000, 0x00000000e8700000| Untracked 
| 136|0x00000000e8800000, 0x00000000e8800000, 0x00000000e8900000|  0%| F|  |TAMS 0x00000000e8800000, 0x00000000e8800000| Untracked 
| 137|0x00000000e8900000, 0x00000000e8900000, 0x00000000e8a00000|  0%| F|  |TAMS 0x00000000e8900000, 0x00000000e8900000| Untracked 
| 138|0x00000000e8a00000, 0x00000000e8a00000, 0x00000000e8b00000|  0%| F|  |TAMS 0x00000000e8a00000, 0x00000000e8a00000| Untracked 
| 139|0x00000000e8b00000, 0x00000000e8b00000, 0x00000000e8c00000|  0%| F|  |TAMS 0x00000000e8b00000, 0x00000000e8b00000| Untracked 
| 140|0x00000000e8c00000, 0x00000000e8c00000, 0x00000000e8d00000|  0%| F|  |TAMS 0x00000000e8c00000, 0x00000000e8c00000| Untracked 
| 141|0x00000000e8d00000, 0x00000000e8d00000, 0x00000000e8e00000|  0%| F|  |TAMS 0x00000000e8d00000, 0x00000000e8d00000| Untracked 
| 142|0x00000000e8e00000, 0x00000000e8e00000, 0x00000000e8f00000|  0%| F|  |TAMS 0x00000000e8e00000, 0x00000000e8e00000| Untracked 
| 143|0x00000000e8f00000, 0x00000000e8f00000, 0x00000000e9000000|  0%| F|  |TAMS 0x00000000e8f00000, 0x00000000e8f00000| Untracked 
| 144|0x00000000e9000000, 0x00000000e9000000, 0x00000000e9100000|  0%| F|  |TAMS 0x00000000e9000000, 0x00000000e9000000| Untracked 
| 145|0x00000000e9100000, 0x00000000e9100000, 0x00000000e9200000|  0%| F|  |TAMS 0x00000000e9100000, 0x00000000e9100000| Untracked 
| 146|0x00000000e9200000, 0x00000000e9200000, 0x00000000e9300000|  0%| F|  |TAMS 0x00000000e9200000, 0x00000000e9200000| Untracked 
| 147|0x00000000e9300000, 0x00000000e9300000, 0x00000000e9400000|  0%| F|  |TAMS 0x00000000e9300000, 0x00000000e9300000| Untracked 
| 148|0x00000000e9400000, 0x00000000e9400000, 0x00000000e9500000|  0%| F|  |TAMS 0x00000000e9400000, 0x00000000e9400000| Untracked 
| 149|0x00000000e9500000, 0x00000000e9500000, 0x00000000e9600000|  0%| F|  |TAMS 0x00000000e9500000, 0x00000000e9500000| Untracked 
| 150|0x00000000e9600000, 0x00000000e9600000, 0x00000000e9700000|  0%| F|  |TAMS 0x00000000e9600000, 0x00000000e9600000| Untracked 
| 151|0x00000000e9700000, 0x00000000e9700000, 0x00000000e9800000|  0%| F|  |TAMS 0x00000000e9700000, 0x00000000e9700000| Untracked 
| 152|0x00000000e9800000, 0x00000000e9800000, 0x00000000e9900000|  0%| F|  |TAMS 0x00000000e9800000, 0x00000000e9800000| Untracked 
| 153|0x00000000e9900000, 0x00000000e9900000, 0x00000000e9a00000|  0%| F|  |TAMS 0x00000000e9900000, 0x00000000e9900000| Untracked 
| 154|0x00000000e9a00000, 0x00000000e9a00000, 0x00000000e9b00000|  0%| F|  |TAMS 0x00000000e9a00000, 0x00000000e9a00000| Untracked 
| 155|0x00000000e9b00000, 0x00000000e9b00000, 0x00000000e9c00000|  0%| F|  |TAMS 0x00000000e9b00000, 0x00000000e9b00000| Untracked 
| 156|0x00000000e9c00000, 0x00000000e9c00000, 0x00000000e9d00000|  0%| F|  |TAMS 0x00000000e9c00000, 0x00000000e9c00000| Untracked 
| 157|0x00000000e9d00000, 0x00000000e9d00000, 0x00000000e9e00000|  0%| F|  |TAMS 0x00000000e9d00000, 0x00000000e9d00000| Untracked 
| 158|0x00000000e9e00000, 0x00000000e9e00000, 0x00000000e9f00000|  0%| F|  |TAMS 0x00000000e9e00000, 0x00000000e9e00000| Untracked 
| 159|0x00000000e9f00000, 0x00000000e9f00000, 0x00000000ea000000|  0%| F|  |TAMS 0x00000000e9f00000, 0x00000000e9f00000| Untracked 
| 160|0x00000000ea000000, 0x00000000ea000000, 0x00000000ea100000|  0%| F|  |TAMS 0x00000000ea000000, 0x00000000ea000000| Untracked 
| 161|0x00000000ea100000, 0x00000000ea100000, 0x00000000ea200000|  0%| F|  |TAMS 0x00000000ea100000, 0x00000000ea100000| Untracked 
| 162|0x00000000ea200000, 0x00000000ea200000, 0x00000000ea300000|  0%| F|  |TAMS 0x00000000ea200000, 0x00000000ea200000| Untracked 
| 163|0x00000000ea300000, 0x00000000ea300000, 0x00000000ea400000|  0%| F|  |TAMS 0x00000000ea300000, 0x00000000ea300000| Untracked 
| 164|0x00000000ea400000, 0x00000000ea400000, 0x00000000ea500000|  0%| F|  |TAMS 0x00000000ea400000, 0x00000000ea400000| Untracked 
| 165|0x00000000ea500000, 0x00000000ea500000, 0x00000000ea600000|  0%| F|  |TAMS 0x00000000ea500000, 0x00000000ea500000| Untracked 
| 166|0x00000000ea600000, 0x00000000ea600000, 0x00000000ea700000|  0%| F|  |TAMS 0x00000000ea600000, 0x00000000ea600000| Untracked 
| 167|0x00000000ea700000, 0x00000000ea700000, 0x00000000ea800000|  0%| F|  |TAMS 0x00000000ea700000, 0x00000000ea700000| Untracked 
| 168|0x00000000ea800000, 0x00000000ea800000, 0x00000000ea900000|  0%| F|  |TAMS 0x00000000ea800000, 0x00000000ea800000| Untracked 
| 169|0x00000000ea900000, 0x00000000ea900000, 0x00000000eaa00000|  0%| F|  |TAMS 0x00000000ea900000, 0x00000000ea900000| Untracked 
| 170|0x00000000eaa00000, 0x00000000eaa00000, 0x00000000eab00000|  0%| F|  |TAMS 0x00000000eaa00000, 0x00000000eaa00000| Untracked 
| 171|0x00000000eab00000, 0x00000000eab00000, 0x00000000eac00000|  0%| F|  |TAMS 0x00000000eab00000, 0x00000000eab00000| Untracked 
| 172|0x00000000eac00000, 0x00000000eac00000, 0x00000000ead00000|  0%| F|  |TAMS 0x00000000eac00000, 0x00000000eac00000| Untracked 
| 173|0x00000000ead00000, 0x00000000ead00000, 0x00000000eae00000|  0%| F|  |TAMS 0x00000000ead00000, 0x00000000ead00000| Untracked 
| 174|0x00000000eae00000, 0x00000000eae00000, 0x00000000eaf00000|  0%| F|  |TAMS 0x00000000eae00000, 0x00000000eae00000| Untracked 
| 175|0x00000000eaf00000, 0x00000000eaf00000, 0x00000000eb000000|  0%| F|  |TAMS 0x00000000eaf00000, 0x00000000eaf00000| Untracked 
| 176|0x00000000eb000000, 0x00000000eb000000, 0x00000000eb100000|  0%| F|  |TAMS 0x00000000eb000000, 0x00000000eb000000| Untracked 
| 177|0x00000000eb100000, 0x00000000eb100000, 0x00000000eb200000|  0%| F|  |TAMS 0x00000000eb100000, 0x00000000eb100000| Untracked 
| 178|0x00000000eb200000, 0x00000000eb200000, 0x00000000eb300000|  0%| F|  |TAMS 0x00000000eb200000, 0x00000000eb200000| Untracked 
| 179|0x00000000eb300000, 0x00000000eb300000, 0x00000000eb400000|  0%| F|  |TAMS 0x00000000eb300000, 0x00000000eb300000| Untracked 
| 180|0x00000000eb400000, 0x00000000eb400000, 0x00000000eb500000|  0%| F|  |TAMS 0x00000000eb400000, 0x00000000eb400000| Untracked 
| 181|0x00000000eb500000, 0x00000000eb580800, 0x00000000eb600000| 50%| E|  |TAMS 0x00000000eb500000, 0x00000000eb500000| Complete 
| 182|0x00000000eb600000, 0x00000000eb700000, 0x00000000eb700000|100%| E|CS|TAMS 0x00000000eb600000, 0x00000000eb600000| Complete 
| 183|0x00000000eb700000, 0x00000000eb800000, 0x00000000eb800000|100%| E|CS|TAMS 0x00000000eb700000, 0x00000000eb700000| Complete 
| 184|0x00000000eb800000, 0x00000000eb900000, 0x00000000eb900000|100%| E|CS|TAMS 0x00000000eb800000, 0x00000000eb800000| Complete 
| 185|0x00000000eb900000, 0x00000000eba00000, 0x00000000eba00000|100%| E|CS|TAMS 0x00000000eb900000, 0x00000000eb900000| Complete 
| 186|0x00000000eba00000, 0x00000000ebb00000, 0x00000000ebb00000|100%| E|CS|TAMS 0x00000000eba00000, 0x00000000eba00000| Complete 
| 187|0x00000000ebb00000, 0x00000000ebc00000, 0x00000000ebc00000|100%| E|CS|TAMS 0x00000000ebb00000, 0x00000000ebb00000| Complete 
| 188|0x00000000ebc00000, 0x00000000ebd00000, 0x00000000ebd00000|100%| E|CS|TAMS 0x00000000ebc00000, 0x00000000ebc00000| Complete 
| 189|0x00000000ebd00000, 0x00000000ebe00000, 0x00000000ebe00000|100%| E|CS|TAMS 0x00000000ebd00000, 0x00000000ebd00000| Complete 
| 190|0x00000000ebe00000, 0x00000000ebf00000, 0x00000000ebf00000|100%| E|CS|TAMS 0x00000000ebe00000, 0x00000000ebe00000| Complete 
| 191|0x00000000ebf00000, 0x00000000ec000000, 0x00000000ec000000|100%| E|CS|TAMS 0x00000000ebf00000, 0x00000000ebf00000| Complete 
| 192|0x00000000ec000000, 0x00000000ec100000, 0x00000000ec100000|100%| E|CS|TAMS 0x00000000ec000000, 0x00000000ec000000| Complete 
| 193|0x00000000ec100000, 0x00000000ec200000, 0x00000000ec200000|100%| E|CS|TAMS 0x00000000ec100000, 0x00000000ec100000| Complete 
| 194|0x00000000ec200000, 0x00000000ec300000, 0x00000000ec300000|100%| E|CS|TAMS 0x00000000ec200000, 0x00000000ec200000| Complete 
| 195|0x00000000ec300000, 0x00000000ec400000, 0x00000000ec400000|100%| E|CS|TAMS 0x00000000ec300000, 0x00000000ec300000| Complete 
| 196|0x00000000ec400000, 0x00000000ec500000, 0x00000000ec500000|100%| E|CS|TAMS 0x00000000ec400000, 0x00000000ec400000| Complete 
| 197|0x00000000ec500000, 0x00000000ec600000, 0x00000000ec600000|100%| E|CS|TAMS 0x00000000ec500000, 0x00000000ec500000| Complete 
| 198|0x00000000ec600000, 0x00000000ec700000, 0x00000000ec700000|100%| E|CS|TAMS 0x00000000ec600000, 0x00000000ec600000| Complete 
| 199|0x00000000ec700000, 0x00000000ec800000, 0x00000000ec800000|100%| E|CS|TAMS 0x00000000ec700000, 0x00000000ec700000| Complete 
| 200|0x00000000ec800000, 0x00000000ec900000, 0x00000000ec900000|100%| E|CS|TAMS 0x00000000ec800000, 0x00000000ec800000| Complete 
| 201|0x00000000ec900000, 0x00000000eca00000, 0x00000000eca00000|100%| E|CS|TAMS 0x00000000ec900000, 0x00000000ec900000| Complete 
| 202|0x00000000eca00000, 0x00000000ecb00000, 0x00000000ecb00000|100%| E|CS|TAMS 0x00000000eca00000, 0x00000000eca00000| Complete 
| 203|0x00000000ecb00000, 0x00000000ecc00000, 0x00000000ecc00000|100%| E|CS|TAMS 0x00000000ecb00000, 0x00000000ecb00000| Complete 
| 204|0x00000000ecc00000, 0x00000000ecd00000, 0x00000000ecd00000|100%| E|CS|TAMS 0x00000000ecc00000, 0x00000000ecc00000| Complete 
| 205|0x00000000ecd00000, 0x00000000ece00000, 0x00000000ece00000|100%| E|CS|TAMS 0x00000000ecd00000, 0x00000000ecd00000| Complete 
| 206|0x00000000ece00000, 0x00000000ecf00000, 0x00000000ecf00000|100%| E|CS|TAMS 0x00000000ece00000, 0x00000000ece00000| Complete 
| 207|0x00000000ecf00000, 0x00000000ed000000, 0x00000000ed000000|100%| E|CS|TAMS 0x00000000ecf00000, 0x00000000ecf00000| Complete 
| 208|0x00000000ed000000, 0x00000000ed100000, 0x00000000ed100000|100%| E|CS|TAMS 0x00000000ed000000, 0x00000000ed000000| Complete 
| 209|0x00000000ed100000, 0x00000000ed200000, 0x00000000ed200000|100%| E|CS|TAMS 0x00000000ed100000, 0x00000000ed100000| Complete 
| 210|0x00000000ed200000, 0x00000000ed300000, 0x00000000ed300000|100%| E|CS|TAMS 0x00000000ed200000, 0x00000000ed200000| Complete 
| 211|0x00000000ed300000, 0x00000000ed400000, 0x00000000ed400000|100%| E|CS|TAMS 0x00000000ed300000, 0x00000000ed300000| Complete 
| 212|0x00000000ed400000, 0x00000000ed500000, 0x00000000ed500000|100%| E|CS|TAMS 0x00000000ed400000, 0x00000000ed400000| Complete 
| 213|0x00000000ed500000, 0x00000000ed600000, 0x00000000ed600000|100%| E|CS|TAMS 0x00000000ed500000, 0x00000000ed500000| Complete 
| 214|0x00000000ed600000, 0x00000000ed700000, 0x00000000ed700000|100%| E|CS|TAMS 0x00000000ed600000, 0x00000000ed600000| Complete 
| 215|0x00000000ed700000, 0x00000000ed800000, 0x00000000ed800000|100%| E|CS|TAMS 0x00000000ed700000, 0x00000000ed700000| Complete 
| 216|0x00000000ed800000, 0x00000000ed900000, 0x00000000ed900000|100%| E|CS|TAMS 0x00000000ed800000, 0x00000000ed800000| Complete 
| 217|0x00000000ed900000, 0x00000000eda00000, 0x00000000eda00000|100%| E|CS|TAMS 0x00000000ed900000, 0x00000000ed900000| Complete 
| 218|0x00000000eda00000, 0x00000000edb00000, 0x00000000edb00000|100%| E|CS|TAMS 0x00000000eda00000, 0x00000000eda00000| Complete 
| 219|0x00000000edb00000, 0x00000000edc00000, 0x00000000edc00000|100%| E|CS|TAMS 0x00000000edb00000, 0x00000000edb00000| Complete 
| 220|0x00000000edc00000, 0x00000000edd00000, 0x00000000edd00000|100%| E|CS|TAMS 0x00000000edc00000, 0x00000000edc00000| Complete 
| 221|0x00000000edd00000, 0x00000000ede00000, 0x00000000ede00000|100%| E|CS|TAMS 0x00000000edd00000, 0x00000000edd00000| Complete 
| 222|0x00000000ede00000, 0x00000000edf00000, 0x00000000edf00000|100%| E|CS|TAMS 0x00000000ede00000, 0x00000000ede00000| Complete 
| 223|0x00000000edf00000, 0x00000000ee000000, 0x00000000ee000000|100%| E|CS|TAMS 0x00000000edf00000, 0x00000000edf00000| Complete 
| 224|0x00000000ee000000, 0x00000000ee100000, 0x00000000ee100000|100%| E|CS|TAMS 0x00000000ee000000, 0x00000000ee000000| Complete 
| 225|0x00000000ee100000, 0x00000000ee200000, 0x00000000ee200000|100%| E|CS|TAMS 0x00000000ee100000, 0x00000000ee100000| Complete 
| 226|0x00000000ee200000, 0x00000000ee300000, 0x00000000ee300000|100%| E|CS|TAMS 0x00000000ee200000, 0x00000000ee200000| Complete 
| 227|0x00000000ee300000, 0x00000000ee400000, 0x00000000ee400000|100%| E|CS|TAMS 0x00000000ee300000, 0x00000000ee300000| Complete 
| 228|0x00000000ee400000, 0x00000000ee500000, 0x00000000ee500000|100%| E|CS|TAMS 0x00000000ee400000, 0x00000000ee400000| Complete 
| 229|0x00000000ee500000, 0x00000000ee600000, 0x00000000ee600000|100%| E|CS|TAMS 0x00000000ee500000, 0x00000000ee500000| Complete 
| 230|0x00000000ee600000, 0x00000000ee700000, 0x00000000ee700000|100%| E|CS|TAMS 0x00000000ee600000, 0x00000000ee600000| Complete 
| 231|0x00000000ee700000, 0x00000000ee800000, 0x00000000ee800000|100%| E|CS|TAMS 0x00000000ee700000, 0x00000000ee700000| Complete 
| 232|0x00000000ee800000, 0x00000000ee900000, 0x00000000ee900000|100%| E|CS|TAMS 0x00000000ee800000, 0x00000000ee800000| Complete 
| 233|0x00000000ee900000, 0x00000000eea00000, 0x00000000eea00000|100%| E|CS|TAMS 0x00000000ee900000, 0x00000000ee900000| Complete 
| 234|0x00000000eea00000, 0x00000000eeb00000, 0x00000000eeb00000|100%| E|CS|TAMS 0x00000000eea00000, 0x00000000eea00000| Complete 
| 235|0x00000000eeb00000, 0x00000000eec00000, 0x00000000eec00000|100%| E|CS|TAMS 0x00000000eeb00000, 0x00000000eeb00000| Complete 
| 236|0x00000000eec00000, 0x00000000eed00000, 0x00000000eed00000|100%| E|CS|TAMS 0x00000000eec00000, 0x00000000eec00000| Complete 
| 237|0x00000000eed00000, 0x00000000eee00000, 0x00000000eee00000|100%| E|CS|TAMS 0x00000000eed00000, 0x00000000eed00000| Complete 
| 238|0x00000000eee00000, 0x00000000eef00000, 0x00000000eef00000|100%| E|CS|TAMS 0x00000000eee00000, 0x00000000eee00000| Complete 
| 239|0x00000000eef00000, 0x00000000ef000000, 0x00000000ef000000|100%| E|CS|TAMS 0x00000000eef00000, 0x00000000eef00000| Complete 
| 240|0x00000000ef000000, 0x00000000ef100000, 0x00000000ef100000|100%| E|CS|TAMS 0x00000000ef000000, 0x00000000ef000000| Complete 
| 241|0x00000000ef100000, 0x00000000ef200000, 0x00000000ef200000|100%| E|CS|TAMS 0x00000000ef100000, 0x00000000ef100000| Complete 
| 242|0x00000000ef200000, 0x00000000ef300000, 0x00000000ef300000|100%| E|CS|TAMS 0x00000000ef200000, 0x00000000ef200000| Complete 
| 243|0x00000000ef300000, 0x00000000ef400000, 0x00000000ef400000|100%| E|CS|TAMS 0x00000000ef300000, 0x00000000ef300000| Complete 
| 244|0x00000000ef400000, 0x00000000ef500000, 0x00000000ef500000|100%| E|CS|TAMS 0x00000000ef400000, 0x00000000ef400000| Complete 
| 245|0x00000000ef500000, 0x00000000ef600000, 0x00000000ef600000|100%| E|CS|TAMS 0x00000000ef500000, 0x00000000ef500000| Complete 
| 246|0x00000000ef600000, 0x00000000ef700000, 0x00000000ef700000|100%| E|CS|TAMS 0x00000000ef600000, 0x00000000ef600000| Complete 
| 247|0x00000000ef700000, 0x00000000ef800000, 0x00000000ef800000|100%| E|  |TAMS 0x00000000ef700000, 0x00000000ef700000| Complete 
| 248|0x00000000ef800000, 0x00000000ef900000, 0x00000000ef900000|100%| E|CS|TAMS 0x00000000ef800000, 0x00000000ef800000| Complete 
| 249|0x00000000ef900000, 0x00000000efa00000, 0x00000000efa00000|100%| E|CS|TAMS 0x00000000ef900000, 0x00000000ef900000| Complete 
| 250|0x00000000efa00000, 0x00000000efb00000, 0x00000000efb00000|100%| E|CS|TAMS 0x00000000efa00000, 0x00000000efa00000| Complete 
| 251|0x00000000efb00000, 0x00000000efc00000, 0x00000000efc00000|100%| E|CS|TAMS 0x00000000efb00000, 0x00000000efb00000| Complete 
| 252|0x00000000efc00000, 0x00000000efd00000, 0x00000000efd00000|100%| E|CS|TAMS 0x00000000efc00000, 0x00000000efc00000| Complete 
| 253|0x00000000efd00000, 0x00000000efe00000, 0x00000000efe00000|100%| E|CS|TAMS 0x00000000efd00000, 0x00000000efd00000| Complete 
| 254|0x00000000efe00000, 0x00000000efe5a720, 0x00000000eff00000| 35%| S|CS|TAMS 0x00000000efe00000, 0x00000000efe00000| Complete 
| 255|0x00000000eff00000, 0x00000000f0000000, 0x00000000f0000000|100%| E|CS|TAMS 0x00000000eff00000, 0x00000000eff00000| Complete 

Card table byte_map: [0x00000218c57b0000,0x00000218c58b0000] _byte_map_base: 0x00000218c50b0000

Marking Bits (Prev, Next): (CMBitMap*) 0x00000218ae35bbe0, (CMBitMap*) 0x00000218ae35bc20
 Prev Bits: [0x00000218c59b0000, 0x00000218c61b0000)
 Next Bits: [0x00000218c61b0000, 0x00000218c69b0000)

Polling page: 0x00000218ac230000

Metaspace:

Usage:
  Non-class:     36.61 MB used.
      Class:      5.99 MB used.
       Both:     42.59 MB used.

Virtual space:
  Non-class space:       64.00 MB reserved,      36.88 MB ( 58%) committed,  1 nodes.
      Class space:      320.00 MB reserved,       6.19 MB (  2%) committed,  1 nodes.
             Both:      384.00 MB reserved,      43.06 MB ( 11%) committed. 

Chunk freelists:
   Non-Class:  11.16 MB
       Class:  9.69 MB
        Both:  20.84 MB

MaxMetaspaceSize: 384.00 MB
CompressedClassSpaceSize: 320.00 MB
Initial GC threshold: 21.00 MB
Current GC threshold: 59.38 MB
CDS: on
MetaspaceReclaimPolicy: balanced
 - commit_granule_bytes: 65536.
 - commit_granule_words: 8192.
 - virtual_space_node_default_size: 8388608.
 - enlarge_chunks_in_place: 1.
 - new_chunks_are_fully_committed: 0.
 - uncommit_free_chunks: 1.
 - use_allocation_guard: 0.
 - handle_deallocations: 1.


Internal statistics:

num_allocs_failed_limit: 9.
num_arena_births: 494.
num_arena_deaths: 0.
num_vsnodes_births: 2.
num_vsnodes_deaths: 0.
num_space_committed: 689.
num_space_uncommitted: 0.
num_chunks_returned_to_freelist: 9.
num_chunks_taken_from_freelist: 2145.
num_chunk_merges: 9.
num_chunk_splits: 1441.
num_chunks_enlarged: 996.
num_inconsistent_stats: 0.

CodeHeap 'non-profiled nmethods': size=119168Kb used=2075Kb max_used=2952Kb free=117092Kb
 bounds [0x00000218bd9b0000, 0x00000218bdca0000, 0x00000218c4e10000]
CodeHeap 'profiled nmethods': size=119104Kb used=8617Kb max_used=10537Kb free=110486Kb
 bounds [0x00000218b5e10000, 0x00000218b6860000, 0x00000218bd260000]
CodeHeap 'non-nmethods': size=7488Kb used=4002Kb max_used=4050Kb free=3485Kb
 bounds [0x00000218bd260000, 0x00000218bd660000, 0x00000218bd9b0000]
 total_blobs=5215 nmethods=4384 adapters=739
 compilation: enabled
              stopped_count=0, restarted_count=0
 full_count=0

Compilation events (20 events):
Event: 5.465 Thread 0x00000218d0fc28e0 5126       4       org.gradle.internal.instantiation.generator.AbstractClassGenerator$InjectionAnnotationValidator::validateMethod (502 bytes)
Event: 5.468 Thread 0x00000218c9976d80 5131       3       java.lang.reflect.Method::hashCode (19 bytes)
Event: 5.468 Thread 0x00000218c9976d80 nmethod 5131 0x00000218b6168610 code [0x00000218b61687e0, 0x00000218b6168a88]
Event: 5.468 Thread 0x00000218ced0e850 5132       3       org.gradle.internal.instantiation.generator.AsmBackedClassGenerator$ClassBuilderImpl$$Lambda$154/0x00000008011b7c50::<init> (50 bytes)
Event: 5.469 Thread 0x00000218ced0e850 nmethod 5132 0x00000218b6451510 code [0x00000218b64516c0, 0x00000218b6451a78]
Event: 5.471 Thread 0x00000218d0fc28e0 nmethod 5126 0x00000218bd9bd390 code [0x00000218bd9bd580, 0x00000218bd9bdbc0]
Event: 5.471 Thread 0x00000218d0fc28e0 5130       4       org.gradle.internal.reflect.MethodSet$MethodKey::<init> (6 bytes)
Event: 5.474 Thread 0x00000218d0fc28e0 nmethod 5130 0x00000218bdabaa90 code [0x00000218bdabac20, 0x00000218bdabaf38]
Event: 5.474 Thread 0x00000218d0fc28e0 5133       4       org.objectweb.asm.MethodVisitor::<init> (94 bytes)
Event: 5.475 Thread 0x00000218d0fc28e0 nmethod 5133 0x00000218bdae7b10 code [0x00000218bdae7c80, 0x00000218bdae7df8]
Event: 5.475 Thread 0x00000218ce36b4d0 nmethod 5096 0x00000218bdb7bc10 code [0x00000218bdb7bec0, 0x00000218bdb7dee0]
Event: 5.475 Thread 0x00000218d0fc28e0 5134   !   4       java.net.URLClassLoader::findClass (47 bytes)
Event: 5.478 Thread 0x00000218c9bb7110 5135       3       org.gradle.internal.instantiation.generator.AsmBackedClassGenerator$ClassBuilderImpl::access$4100 (4 bytes)
Event: 5.478 Thread 0x00000218c9bb7110 nmethod 5135 0x00000218b6108d10 code [0x00000218b6108ea0, 0x00000218b6108f98]
Event: 5.478 Thread 0x00000218c9976d80 5136       3       org.gradle.internal.instantiation.generator.AsmBackedClassGenerator$ClassBuilderImpl::access$5400 (4 bytes)
Event: 5.478 Thread 0x00000218c9976d80 nmethod 5136 0x00000218b6176710 code [0x00000218b61768a0, 0x00000218b6176998]
Event: 5.479 Thread 0x00000218ce36b4d0 5139       4       sun.invoke.util.VerifyAccess::isSamePackage (37 bytes)
Event: 5.485 Thread 0x00000218c9bb7110 5144       3       sun.reflect.generics.reflectiveObjects.LazyReflectiveObjectGenerator::<init> (10 bytes)
Event: 5.485 Thread 0x00000218c9bb2320 5145       3       sun.reflect.generics.reflectiveObjects.WildcardTypeImpl::getUpperBounds (34 bytes)
Event: 5.485 Thread 0x00000218c9976d80 5146 %     3       org.gradle.internal.instantiation.generator.AbstractClassGenerator::inspectType @ 32 (560 bytes)

GC Heap History (12 events):
Event: 0.540 GC heap before
{Heap before GC invocations=0 (full 0):
 garbage-first heap   total 262144K, used 26624K [0x00000000e0000000, 0x0000000100000000)
  region size 1024K, 23 young (23552K), 0 survivors (0K)
 Metaspace       used 3076K, committed 3200K, reserved 393216K
  class space    used 389K, committed 448K, reserved 327680K
}
Event: 0.543 GC heap after
{Heap after GC invocations=1 (full 0):
 garbage-first heap   total 262144K, used 10413K [0x00000000e0000000, 0x0000000100000000)
  region size 1024K, 3 young (3072K), 3 survivors (3072K)
 Metaspace       used 3076K, committed 3200K, reserved 393216K
  class space    used 389K, committed 448K, reserved 327680K
}
Event: 0.914 GC heap before
{Heap before GC invocations=1 (full 0):
 garbage-first heap   total 262144K, used 38061K [0x00000000e0000000, 0x0000000100000000)
  region size 1024K, 30 young (30720K), 3 survivors (3072K)
 Metaspace       used 4078K, committed 4224K, reserved 393216K
  class space    used 494K, committed 576K, reserved 327680K
}
Event: 0.918 GC heap after
{Heap after GC invocations=2 (full 0):
 garbage-first heap   total 262144K, used 11261K [0x00000000e0000000, 0x0000000100000000)
  region size 1024K, 1 young (1024K), 1 survivors (1024K)
 Metaspace       used 4078K, committed 4224K, reserved 393216K
  class space    used 494K, committed 576K, reserved 327680K
}
Event: 2.918 GC heap before
{Heap before GC invocations=2 (full 0):
 garbage-first heap   total 262144K, used 129021K [0x00000000e0000000, 0x0000000100000000)
  region size 1024K, 116 young (118784K), 1 survivors (1024K)
 Metaspace       used 21283K, committed 21504K, reserved 393216K
  class space    used 3106K, committed 3200K, reserved 327680K
}
Event: 2.925 GC heap after
{Heap after GC invocations=3 (full 0):
 garbage-first heap   total 262144K, used 21977K [0x00000000e0000000, 0x0000000100000000)
  region size 1024K, 12 young (12288K), 12 survivors (12288K)
 Metaspace       used 21283K, committed 21504K, reserved 393216K
  class space    used 3106K, committed 3200K, reserved 327680K
}
Event: 4.496 GC heap before
{Heap before GC invocations=4 (full 0):
 garbage-first heap   total 262144K, used 142809K [0x00000000e0000000, 0x0000000100000000)
  region size 1024K, 127 young (130048K), 12 survivors (12288K)
 Metaspace       used 35613K, committed 35968K, reserved 393216K
  class space    used 4959K, committed 5120K, reserved 327680K
}
Event: 4.508 GC heap after
{Heap after GC invocations=5 (full 0):
 garbage-first heap   total 262144K, used 31419K [0x00000000e0000000, 0x0000000100000000)
  region size 1024K, 10 young (10240K), 10 survivors (10240K)
 Metaspace       used 35613K, committed 35968K, reserved 393216K
  class space    used 4959K, committed 5120K, reserved 327680K
}
Event: 4.543 GC heap before
{Heap before GC invocations=5 (full 0):
 garbage-first heap   total 262144K, used 32443K [0x00000000e0000000, 0x0000000100000000)
  region size 1024K, 12 young (12288K), 10 survivors (10240K)
 Metaspace       used 35902K, committed 36288K, reserved 393216K
  class space    used 5012K, committed 5184K, reserved 327680K
}
Event: 4.550 GC heap after
{Heap after GC invocations=6 (full 0):
 garbage-first heap   total 262144K, used 31865K [0x00000000e0000000, 0x0000000100000000)
  region size 1024K, 2 young (2048K), 2 survivors (2048K)
 Metaspace       used 35902K, committed 36288K, reserved 393216K
  class space    used 5012K, committed 5184K, reserved 327680K
}
Event: 4.556 GC heap before
{Heap before GC invocations=6 (full 0):
 garbage-first heap   total 262144K, used 31865K [0x00000000e0000000, 0x0000000100000000)
  region size 1024K, 3 young (3072K), 2 survivors (2048K)
 Metaspace       used 35969K, committed 36288K, reserved 393216K
  class space    used 5023K, committed 5184K, reserved 327680K
}
Event: 4.557 GC heap after
{Heap after GC invocations=7 (full 0):
 garbage-first heap   total 262144K, used 30731K [0x00000000e0000000, 0x0000000100000000)
  region size 1024K, 1 young (1024K), 1 survivors (1024K)
 Metaspace       used 35969K, committed 36288K, reserved 393216K
  class space    used 5023K, committed 5184K, reserved 327680K
}

Dll operation events (14 events):
Event: 0.009 Loaded shared library C:\Users\ankuz\.jdks\corretto-17.0.7\bin\java.dll
Event: 0.017 Loaded shared library C:\Users\ankuz\.jdks\corretto-17.0.7\bin\jsvml.dll
Event: 0.060 Loaded shared library C:\Users\ankuz\.jdks\corretto-17.0.7\bin\zip.dll
Event: 0.063 Loaded shared library C:\Users\ankuz\.jdks\corretto-17.0.7\bin\instrument.dll
Event: 0.067 Loaded shared library C:\Users\ankuz\.jdks\corretto-17.0.7\bin\net.dll
Event: 0.069 Loaded shared library C:\Users\ankuz\.jdks\corretto-17.0.7\bin\nio.dll
Event: 0.073 Loaded shared library C:\Users\ankuz\.jdks\corretto-17.0.7\bin\zip.dll
Event: 0.256 Loaded shared library C:\Users\ankuz\.jdks\corretto-17.0.7\bin\jimage.dll
Event: 0.312 Loaded shared library C:\Users\ankuz\.jdks\corretto-17.0.7\bin\verify.dll
Event: 0.441 Loaded shared library C:\Users\ankuz\.gradle\native\c067742578af261105cb4f569cf0c3c89f3d7b1fecec35dd04571415982c5e48\windows-amd64\native-platform.dll
Event: 0.446 Loaded shared library C:\Users\ankuz\.gradle\native\38dada09dfb8b06ba9b0570ebf7e218e3eb74d4ef43ca46872605cf95ebc2f47\windows-amd64\native-platform-file-events.dll
Event: 1.244 Loaded shared library C:\Users\ankuz\.jdks\corretto-17.0.7\bin\management.dll
Event: 1.246 Loaded shared library C:\Users\ankuz\.jdks\corretto-17.0.7\bin\management_ext.dll
Event: 1.697 Loaded shared library C:\Users\ankuz\.jdks\corretto-17.0.7\bin\sunmscapi.dll

Deoptimization events (20 events):
Event: 5.352 Thread 0x00000218d2195a30 Uncommon trap: trap_request=0xffffff54 fr.pc=0x00000218bdb52a18 relative=0x0000000000004d38
Event: 5.352 Thread 0x00000218c9e46ca0 Uncommon trap: trap_request=0xffffff54 fr.pc=0x00000218bdb52a18 relative=0x0000000000004d38
Event: 5.352 Thread 0x00000218d2fd5460 Uncommon trap: trap_request=0xffffff54 fr.pc=0x00000218bdb52a18 relative=0x0000000000004d38
Event: 5.352 Thread 0x00000218d22841c0 Uncommon trap: trap_request=0xffffff54 fr.pc=0x00000218bdb52a18 relative=0x0000000000004d38
Event: 5.352 Thread 0x00000218d2195a30 Uncommon trap: reason=speculate_null_assert action=make_not_entrant pc=0x00000218bdb52a18 method=java.lang.invoke.MethodType$ConcurrentWeakInternSet.add(Ljava/lang/Object;)Ljava/lang/Object; @ 47 c2
Event: 5.352 Thread 0x00000218d0c3e780 Uncommon trap: trap_request=0xffffff54 fr.pc=0x00000218bdb52a18 relative=0x0000000000004d38
Event: 5.352 Thread 0x00000218c9e46ca0 Uncommon trap: reason=speculate_null_assert action=make_not_entrant pc=0x00000218bdb52a18 method=java.lang.invoke.MethodType$ConcurrentWeakInternSet.add(Ljava/lang/Object;)Ljava/lang/Object; @ 47 c2
Event: 5.352 Thread 0x00000218d2fd5460 Uncommon trap: reason=speculate_null_assert action=make_not_entrant pc=0x00000218bdb52a18 method=java.lang.invoke.MethodType$ConcurrentWeakInternSet.add(Ljava/lang/Object;)Ljava/lang/Object; @ 47 c2
Event: 5.352 Thread 0x00000218d22841c0 Uncommon trap: reason=speculate_null_assert action=make_not_entrant pc=0x00000218bdb52a18 method=java.lang.invoke.MethodType$ConcurrentWeakInternSet.add(Ljava/lang/Object;)Ljava/lang/Object; @ 47 c2
Event: 5.352 Thread 0x00000218d0c3e780 Uncommon trap: reason=speculate_null_assert action=make_not_entrant pc=0x00000218bdb52a18 method=java.lang.invoke.MethodType$ConcurrentWeakInternSet.add(Ljava/lang/Object;)Ljava/lang/Object; @ 47 c2
Event: 5.352 Thread 0x00000218d2195a30 DEOPT PACKING pc=0x00000218bdb52a18 sp=0x000000e25a4fd710
Event: 5.352 Thread 0x00000218d2195a30 DEOPT UNPACKING pc=0x00000218bd2b69a3 sp=0x000000e25a4fd6a8 mode 2
Event: 5.352 Thread 0x00000218c9e46ca0 DEOPT PACKING pc=0x00000218bdb52a18 sp=0x000000e25a7fd3e0
Event: 5.352 Thread 0x00000218d2fd5460 DEOPT PACKING pc=0x00000218bdb52a18 sp=0x000000e25a3fd8a0
Event: 5.352 Thread 0x00000218d22841c0 DEOPT PACKING pc=0x00000218bdb52a18 sp=0x000000e25a5fd800
Event: 5.352 Thread 0x00000218c9e46ca0 DEOPT UNPACKING pc=0x00000218bd2b69a3 sp=0x000000e25a7fd378 mode 2
Event: 5.352 Thread 0x00000218d22841c0 DEOPT UNPACKING pc=0x00000218bd2b69a3 sp=0x000000e25a5fd798 mode 2
Event: 5.352 Thread 0x00000218d2fd5460 DEOPT UNPACKING pc=0x00000218bd2b69a3 sp=0x000000e25a3fd838 mode 2
Event: 5.353 Thread 0x00000218d0c3e780 DEOPT PACKING pc=0x00000218bdb52a18 sp=0x000000e25c2fd450
Event: 5.353 Thread 0x00000218d0c3e780 DEOPT UNPACKING pc=0x00000218bd2b69a3 sp=0x000000e25c2fd3e8 mode 2

Classes unloaded (0 events):
No events

Classes redefined (0 events):
No events

Internal exceptions (20 events):
Event: 5.056 Thread 0x00000218d0096d60 Exception <a 'java/lang/NoSuchMethodError'{0x00000000ed7bff80}: 'int java.lang.invoke.DirectMethodHandle$Holder.invokeStaticInit(java.lang.Object)'> (0x00000000ed7bff80) 
thrown [s\src\hotspot\share\interpreter\linkResolver.cpp, line 759]
Event: 5.066 Thread 0x00000218d0096d60 Exception <a 'java/lang/NoSuchMethodError'{0x00000000ed64cfd0}: 'java.lang.Object java.lang.invoke.DirectMethodHandle$Holder.newInvokeSpecial(java.lang.Object, java.lang.Object, java.lang.Object, java.lang.Object, java.lang.Object, int)'> (0x00000000ed64cfd0) 
thrown [s\src\hotspot\share\interpreter\linkResolver.cpp, line 759]
Event: 5.067 Thread 0x00000218d0096d60 Exception <a 'java/lang/NoSuchMethodError'{0x00000000ed652628}: 'java.lang.Object java.lang.invoke.DirectMethodHandle$Holder.invokeSpecial(java.lang.Object, java.lang.Object, java.lang.Object, java.lang.Object, java.lang.Object, java.lang.Object, int)'> (0x00000000ed652628) 
thrown [s\src\hotspot\share\interpreter\linkResolver.cpp, line 759]
Event: 5.076 Thread 0x00000218d0096d60 Exception <a 'java/lang/NoSuchMethodError'{0x00000000ed6ac760}: 'java.lang.Object java.lang.invoke.DirectMethodHandle$Holder.invokeSpecial(java.lang.Object, java.lang.Object, java.lang.Object, java.lang.Object, java.lang.Object, long)'> (0x00000000ed6ac760) 
thrown [s\src\hotspot\share\interpreter\linkResolver.cpp, line 759]
Event: 5.078 Thread 0x00000218d0096d60 Exception <a 'java/lang/NoSuchMethodError'{0x00000000ed6db598}: 'void java.lang.invoke.DirectMethodHandle$Holder.invokeStatic(java.lang.Object, java.lang.Object, java.lang.Object, int, java.lang.Object)'> (0x00000000ed6db598) 
thrown [s\src\hotspot\share\interpreter\linkResolver.cpp, line 759]
Event: 5.178 Thread 0x00000218d0096d60 Exception <a 'java/lang/NoSuchMethodError'{0x00000000ed0cf708}: 'java.lang.Object java.lang.invoke.DelegatingMethodHandle$Holder.reinvoke_L(java.lang.Object, java.lang.Object, java.lang.Object, java.lang.Object, java.lang.Object, java.lang.Object, java.lang.Object, java.lang.Object, java.lang.Object, java.lang.Object, java.lang.Object, java.lang.Object, java.lang.Object, java.lang.Object, java.lang.Object, java.lang.Object, java.lang.Object, java.lang.Object, java.lang.Object, java.lang.Object, java.lang.O
Event: 5.179 Thread 0x00000218d0096d60 Exception <a 'java/lang/NoSuchMethodError'{0x00000000ed0dbab8}: 'java.lang.Object java.lang.invoke.Invokers$Holder.invoker(java.lang.Object, java.lang.Object, java.lang.Object, java.lang.Object, java.lang.Object, java.lang.Object, java.lang.Object, java.lang.Object, java.lang.Object, java.lang.Object, java.lang.Object, java.lang.Object, java.lang.Object, java.lang.Object, java.lang.Object, java.lang.Object, java.lang.Object, java.lang.Object, java.lang.Object, java.lang.Object, java.lang.Object, java.lang.
Event: 5.179 Thread 0x00000218d0096d60 Exception <a 'java/lang/NoSuchMethodError'{0x00000000ed0e2f38}: 'java.lang.Object java.lang.invoke.DelegatingMethodHandle$Holder.delegate(java.lang.Object, java.lang.Object, java.lang.Object, java.lang.Object, java.lang.Object, java.lang.Object, java.lang.Object, java.lang.Object, java.lang.Object, java.lang.Object, java.lang.Object, java.lang.Object, java.lang.Object, java.lang.Object, java.lang.Object, java.lang.Object, java.lang.Object, java.lang.Object, java.lang.Object, java.lang.Object, java.lang.Obj
Event: 5.189 Thread 0x00000218d0096d60 Exception <a 'java/lang/NoSuchMethodError'{0x00000000ecf5dad8}: 'java.lang.Object java.lang.invoke.DirectMethodHandle$Holder.invokeStatic(java.lang.Object, java.lang.Object, java.lang.Object, java.lang.Object, java.lang.Object, java.lang.Object, java.lang.Object, java.lang.Object, java.lang.Object, java.lang.Object, java.lang.Object, java.lang.Object, java.lang.Object, java.lang.Object, java.lang.Object, java.lang.Object, java.lang.Object)'> (0x00000000ecf5dad8) 
thrown [s\src\hotspot\share\interpreter\lin
Event: 5.191 Thread 0x00000218d0096d60 Exception <a 'java/lang/NoSuchMethodError'{0x00000000ecf877b8}: 'java.lang.Object java.lang.invoke.DirectMethodHandle$Holder.invokeStatic(java.lang.Object, java.lang.Object, java.lang.Object, java.lang.Object, java.lang.Object, java.lang.Object, java.lang.Object, java.lang.Object, java.lang.Object, java.lang.Object, java.lang.Object, java.lang.Object, java.lang.Object, java.lang.Object, java.lang.Object, java.lang.Object, java.lang.Object, java.lang.Object)'> (0x00000000ecf877b8) 
thrown [s\src\hotspot\sha
Event: 5.193 Thread 0x00000218d0096d60 Exception <a 'java/lang/NoSuchMethodError'{0x00000000ecfb2368}: 'java.lang.Object java.lang.invoke.DirectMethodHandle$Holder.invokeStatic(java.lang.Object, java.lang.Object, java.lang.Object, java.lang.Object, java.lang.Object, java.lang.Object, java.lang.Object, java.lang.Object, java.lang.Object, java.lang.Object, java.lang.Object, java.lang.Object, java.lang.Object, java.lang.Object, java.lang.Object, java.lang.Object, java.lang.Object, java.lang.Object, java.lang.Object)'> (0x00000000ecfb2368) 
thrown 
Event: 5.195 Thread 0x00000218d0096d60 Exception <a 'java/lang/NoSuchMethodError'{0x00000000ecfddba0}: 'java.lang.Object java.lang.invoke.DirectMethodHandle$Holder.invokeStatic(java.lang.Object, java.lang.Object, java.lang.Object, java.lang.Object, java.lang.Object, java.lang.Object, java.lang.Object, java.lang.Object, java.lang.Object, java.lang.Object, java.lang.Object, java.lang.Object, java.lang.Object, java.lang.Object, java.lang.Object, java.lang.Object, java.lang.Object, java.lang.Object, java.lang.Object, java.lang.Object)'> (0x00000000
Event: 5.197 Thread 0x00000218d0096d60 Exception <a 'java/lang/NoSuchMethodError'{0x00000000ece0a980}: 'java.lang.Object java.lang.invoke.DirectMethodHandle$Holder.invokeStatic(java.lang.Object, java.lang.Object, java.lang.Object, java.lang.Object, java.lang.Object, java.lang.Object, java.lang.Object, java.lang.Object, java.lang.Object, java.lang.Object, java.lang.Object, java.lang.Object, java.lang.Object, java.lang.Object, java.lang.Object, java.lang.Object, java.lang.Object, java.lang.Object, java.lang.Object, java.lang.Object, java.lang.Obj
Event: 5.200 Thread 0x00000218d0096d60 Exception <a 'java/lang/NoSuchMethodError'{0x00000000ece383e0}: 'java.lang.Object java.lang.invoke.DirectMethodHandle$Holder.invokeStatic(java.lang.Object, java.lang.Object, java.lang.Object, java.lang.Object, java.lang.Object, java.lang.Object, java.lang.Object, java.lang.Object, java.lang.Object, java.lang.Object, java.lang.Object, java.lang.Object, java.lang.Object, java.lang.Object, java.lang.Object, java.lang.Object, java.lang.Object, java.lang.Object, java.lang.Object, java.lang.Object, java.lang.Obj
Event: 5.202 Thread 0x00000218d0096d60 Exception <a 'java/lang/NoSuchMethodError'{0x00000000ece66870}: 'java.lang.Object java.lang.invoke.DirectMethodHandle$Holder.invokeStatic(java.lang.Object, java.lang.Object, java.lang.Object, java.lang.Object, java.lang.Object, java.lang.Object, java.lang.Object, java.lang.Object, java.lang.Object, java.lang.Object, java.lang.Object, java.lang.Object, java.lang.Object, java.lang.Object, java.lang.Object, java.lang.Object, java.lang.Object, java.lang.Object, java.lang.Object, java.lang.Object, java.lang.Obj
Event: 5.204 Thread 0x00000218d0096d60 Exception <a 'java/lang/NoSuchMethodError'{0x00000000ecd02820}: 'java.lang.Object java.lang.invoke.DirectMethodHandle$Holder.invokeStatic(java.lang.Object, java.lang.Object, java.lang.Object, java.lang.Object, java.lang.Object, java.lang.Object, java.lang.Object, java.lang.Object, java.lang.Object, java.lang.Object, java.lang.Object, java.lang.Object, java.lang.Object, java.lang.Object, java.lang.Object, java.lang.Object, java.lang.Object, java.lang.Object, java.lang.Object, java.lang.Object, java.lang.Obj
Event: 5.207 Thread 0x00000218d0096d60 Exception <a 'java/lang/NoSuchMethodError'{0x00000000ecd34398}: 'java.lang.Object java.lang.invoke.DirectMethodHandle$Holder.invokeStatic(java.lang.Object, java.lang.Object, java.lang.Object, java.lang.Object, java.lang.Object, java.lang.Object, java.lang.Object, java.lang.Object, java.lang.Object, java.lang.Object, java.lang.Object, java.lang.Object, java.lang.Object, java.lang.Object, java.lang.Object, java.lang.Object, java.lang.Object, java.lang.Object, java.lang.Object, java.lang.Object, java.lang.Obj
Event: 5.479 Thread 0x00000218d0096d60 Exception <a 'java/lang/NoSuchMethodError'{0x00000000eb82ffa8}: 'java.lang.Object java.lang.invoke.DirectMethodHandle$Holder.newInvokeSpecial(java.lang.Object, java.lang.Object, java.lang.Object, java.lang.Object, int)'> (0x00000000eb82ffa8) 
thrown [s\src\hotspot\share\interpreter\linkResolver.cpp, line 759]
Event: 5.479 Thread 0x00000218d0096d60 Exception <a 'java/lang/NoSuchMethodError'{0x00000000eb835688}: 'java.lang.Object java.lang.invoke.DirectMethodHandle$Holder.invokeSpecial(java.lang.Object, java.lang.Object, java.lang.Object, java.lang.Object, java.lang.Object, int)'> (0x00000000eb835688) 
thrown [s\src\hotspot\share\interpreter\linkResolver.cpp, line 759]
Event: 5.480 Thread 0x00000218d0096d60 Exception <a 'java/lang/NoSuchMethodError'{0x00000000eb83a668}: 'java.lang.Object java.lang.invoke.Invokers$Holder.linkToTargetMethod(java.lang.Object, java.lang.Object, java.lang.Object, int, java.lang.Object)'> (0x00000000eb83a668) 
thrown [s\src\hotspot\share\interpreter\linkResolver.cpp, line 759]

VM Operations (20 events):
Event: 4.542 Executing VM operation: G1CollectForAllocation
Event: 4.550 Executing VM operation: G1CollectForAllocation done
Event: 4.555 Executing VM operation: CollectForMetadataAllocation
Event: 4.557 Executing VM operation: CollectForMetadataAllocation done
Event: 4.569 Executing VM operation: G1Concurrent
Event: 4.572 Executing VM operation: G1Concurrent done
Event: 4.576 Executing VM operation: G1Concurrent
Event: 4.576 Executing VM operation: G1Concurrent done
Event: 4.586 Executing VM operation: HandshakeAllThreads
Event: 4.586 Executing VM operation: HandshakeAllThreads done
Event: 5.031 Executing VM operation: ICBufferFull
Event: 5.031 Executing VM operation: ICBufferFull done
Event: 5.384 Executing VM operation: HandshakeAllThreads
Event: 5.385 Executing VM operation: HandshakeAllThreads done
Event: 5.391 Executing VM operation: ICBufferFull
Event: 5.391 Executing VM operation: ICBufferFull done
Event: 5.403 Executing VM operation: HandshakeAllThreads
Event: 5.404 Executing VM operation: HandshakeAllThreads done
Event: 5.417 Executing VM operation: HandshakeAllThreads
Event: 5.417 Executing VM operation: HandshakeAllThreads done

Events (20 events):
Event: 5.421 Thread 0x00000218c99863f0 flushing nmethod 0x00000218b65bf410
Event: 5.421 Thread 0x00000218c99863f0 flushing nmethod 0x00000218b65ca910
Event: 5.421 Thread 0x00000218c99863f0 flushing nmethod 0x00000218b65cbb90
Event: 5.421 Thread 0x00000218c99863f0 flushing nmethod 0x00000218b65cc610
Event: 5.421 Thread 0x00000218c99863f0 flushing nmethod 0x00000218b65cce10
Event: 5.421 Thread 0x00000218c99863f0 flushing nmethod 0x00000218b65cdc10
Event: 5.421 Thread 0x00000218c99863f0 flushing nmethod 0x00000218b65d3490
Event: 5.422 Thread 0x00000218c99863f0 flushing nmethod 0x00000218b65e8c90
Event: 5.422 Thread 0x00000218c99863f0 flushing nmethod 0x00000218b6617410
Event: 5.422 Thread 0x00000218c99863f0 flushing nmethod 0x00000218b66d0c90
Event: 5.422 Thread 0x00000218c99863f0 flushing nmethod 0x00000218b66dd190
Event: 5.422 Thread 0x00000218c99863f0 flushing nmethod 0x00000218b66dfe10
Event: 5.422 Thread 0x00000218c99863f0 flushing nmethod 0x00000218b66efe90
Event: 5.422 Thread 0x00000218c99863f0 flushing nmethod 0x00000218b66fc190
Event: 5.422 Thread 0x00000218c99863f0 flushing nmethod 0x00000218b66fde90
Event: 5.422 Thread 0x00000218c99863f0 flushing nmethod 0x00000218b6700410
Event: 5.423 Thread 0x00000218c99863f0 flushing nmethod 0x00000218b670f990
Event: 5.423 Thread 0x00000218c99863f0 flushing nmethod 0x00000218b6710290
Event: 5.423 Thread 0x00000218c99863f0 flushing nmethod 0x00000218b6711b10
Event: 5.423 Thread 0x00000218c99863f0 flushing nmethod 0x00000218b6712010


Dynamic libraries:
0x00007ff65b5e0000 - 0x00007ff65b5ed000 	C:\Users\ankuz\.jdks\corretto-17.0.7\bin\java.exe
0x00007ffe565b0000 - 0x00007ffe567c6000 	C:\WINDOWS\SYSTEM32\ntdll.dll
0x00007ffe54990000 - 0x00007ffe54a54000 	C:\WINDOWS\System32\KERNEL32.DLL
0x00007ffe53cf0000 - 0x00007ffe54097000 	C:\WINDOWS\System32\KERNELBASE.dll
0x00007ffe541c0000 - 0x00007ffe542d1000 	C:\WINDOWS\System32\ucrtbase.dll
0x00007ffe489f0000 - 0x00007ffe48a07000 	C:\Users\ankuz\.jdks\corretto-17.0.7\bin\jli.dll
0x00007ffe48240000 - 0x00007ffe48255000 	C:\Users\ankuz\.jdks\corretto-17.0.7\bin\VCRUNTIME140.dll
0x00007ffe55720000 - 0x00007ffe558ce000 	C:\WINDOWS\System32\USER32.dll
0x00007ffe53cc0000 - 0x00007ffe53ce6000 	C:\WINDOWS\System32\win32u.dll
0x00007ffe55530000 - 0x00007ffe55559000 	C:\WINDOWS\System32\GDI32.dll
0x00007ffe540a0000 - 0x00007ffe541b9000 	C:\WINDOWS\System32\gdi32full.dll
0x00007ffe53940000 - 0x00007ffe539da000 	C:\WINDOWS\System32\msvcp_win.dll
0x00007ffe472a0000 - 0x00007ffe47533000 	C:\WINDOWS\WinSxS\amd64_microsoft.windows.common-controls_6595b64144ccf1df_6.0.22621.3235_none_270f74e173860f98\COMCTL32.dll
0x00007ffe54350000 - 0x00007ffe543f7000 	C:\WINDOWS\System32\msvcrt.dll
0x00007ffe55b00000 - 0x00007ffe55b31000 	C:\WINDOWS\System32\IMM32.DLL
0x00000000595e0000 - 0x00000000595ec000 	C:\Program Files (x86)\360\Total Security\safemon\SafeWrapper.dll
0x00007ffe54490000 - 0x00007ffe54542000 	C:\WINDOWS\System32\ADVAPI32.dll
0x00007ffe55660000 - 0x00007ffe55708000 	C:\WINDOWS\System32\sechost.dll
0x00007ffe53aa0000 - 0x00007ffe53ac8000 	C:\WINDOWS\System32\bcrypt.dll
0x00007ffe559b0000 - 0x00007ffe55ac5000 	C:\WINDOWS\System32\RPCRT4.dll
0x00007ffe3bfa0000 - 0x00007ffe3c032000 	C:\Program Files (x86)\360\Total Security\safemon\libzdtp64.dll
0x00007ffe55b40000 - 0x00007ffe5639c000 	C:\WINDOWS\System32\SHELL32.dll
0x00007ffe54930000 - 0x00007ffe5498e000 	C:\WINDOWS\System32\SHLWAPI.dll
0x00007ffe53510000 - 0x00007ffe5351a000 	C:\WINDOWS\SYSTEM32\VERSION.dll
0x00007ffe2dd40000 - 0x00007ffe2dddb000 	C:\Users\ankuz\.jdks\corretto-17.0.7\bin\msvcp140.dll
0x00007ffde86e0000 - 0x00007ffde92fa000 	C:\Users\ankuz\.jdks\corretto-17.0.7\bin\server\jvm.dll
0x00007ffe4c7a0000 - 0x00007ffe4c7d4000 	C:\WINDOWS\SYSTEM32\WINMM.dll
0x00007ffe37640000 - 0x00007ffe37649000 	C:\WINDOWS\SYSTEM32\WSOCK32.dll
0x00007ffe54710000 - 0x00007ffe54781000 	C:\WINDOWS\System32\WS2_32.dll
0x00007ffe528f0000 - 0x00007ffe52908000 	C:\WINDOWS\SYSTEM32\kernel.appcore.dll
0x00007ffe4edd0000 - 0x00007ffe4edda000 	C:\Users\ankuz\.jdks\corretto-17.0.7\bin\jimage.dll
0x00007ffe50c00000 - 0x00007ffe50e33000 	C:\WINDOWS\SYSTEM32\DBGHELP.DLL
0x00007ffe551a0000 - 0x00007ffe55528000 	C:\WINDOWS\System32\combase.dll
0x00007ffe558d0000 - 0x00007ffe559a7000 	C:\WINDOWS\System32\OLEAUT32.dll
0x00007ffe310b0000 - 0x00007ffe310e2000 	C:\WINDOWS\SYSTEM32\dbgcore.DLL
0x00007ffe53ad0000 - 0x00007ffe53b49000 	C:\WINDOWS\System32\bcryptPrimitives.dll
0x00007ffe4ed80000 - 0x00007ffe4ed8e000 	C:\Users\ankuz\.jdks\corretto-17.0.7\bin\instrument.dll
0x00007ffe47e70000 - 0x00007ffe47e95000 	C:\Users\ankuz\.jdks\corretto-17.0.7\bin\java.dll
0x00007ffe172c0000 - 0x00007ffe17396000 	C:\Users\ankuz\.jdks\corretto-17.0.7\bin\jsvml.dll
0x00007ffe51770000 - 0x00007ffe52069000 	C:\WINDOWS\SYSTEM32\windows.storage.dll
0x00007ffe51630000 - 0x00007ffe5176e000 	C:\WINDOWS\SYSTEM32\wintypes.dll
0x00007ffe55560000 - 0x00007ffe55653000 	C:\WINDOWS\System32\SHCORE.dll
0x00007ffe53800000 - 0x00007ffe53821000 	C:\WINDOWS\SYSTEM32\profapi.dll
0x00007ffe47a30000 - 0x00007ffe47a48000 	C:\Users\ankuz\.jdks\corretto-17.0.7\bin\zip.dll
0x00007ffe47030000 - 0x00007ffe47049000 	C:\Users\ankuz\.jdks\corretto-17.0.7\bin\net.dll
0x00007ffe4d5d0000 - 0x00007ffe4d706000 	C:\WINDOWS\SYSTEM32\WINHTTP.dll
0x00007ffe52dc0000 - 0x00007ffe52e29000 	C:\WINDOWS\system32\mswsock.dll
0x00007ffe45b40000 - 0x00007ffe45b55000 	C:\Users\ankuz\.jdks\corretto-17.0.7\bin\nio.dll
0x00007ffe4ea80000 - 0x00007ffe4ea90000 	C:\Users\ankuz\.jdks\corretto-17.0.7\bin\verify.dll
0x00007ffe4ea90000 - 0x00007ffe4eab7000 	C:\Users\ankuz\.gradle\native\c067742578af261105cb4f569cf0c3c89f3d7b1fecec35dd04571415982c5e48\windows-amd64\native-platform.dll
0x00007ffe16420000 - 0x00007ffe16564000 	C:\Users\ankuz\.gradle\native\38dada09dfb8b06ba9b0570ebf7e218e3eb74d4ef43ca46872605cf95ebc2f47\windows-amd64\native-platform-file-events.dll
0x00007ffe4d1a0000 - 0x00007ffe4d1a9000 	C:\Users\ankuz\.jdks\corretto-17.0.7\bin\management.dll
0x00007ffe48230000 - 0x00007ffe4823b000 	C:\Users\ankuz\.jdks\corretto-17.0.7\bin\management_ext.dll
0x00007ffe55710000 - 0x00007ffe55718000 	C:\WINDOWS\System32\PSAPI.DLL
0x00007ffe52fe0000 - 0x00007ffe52ffb000 	C:\WINDOWS\SYSTEM32\CRYPTSP.dll
0x00007ffe528b0000 - 0x00007ffe528e5000 	C:\WINDOWS\system32\rsaenh.dll
0x00007ffe52e80000 - 0x00007ffe52ea8000 	C:\WINDOWS\SYSTEM32\USERENV.dll
0x00007ffe53010000 - 0x00007ffe5301c000 	C:\WINDOWS\SYSTEM32\CRYPTBASE.dll
0x00007ffe522d0000 - 0x00007ffe522fd000 	C:\WINDOWS\SYSTEM32\IPHLPAPI.DLL
0x00007ffe54a60000 - 0x00007ffe54a69000 	C:\WINDOWS\System32\NSI.dll
0x00007ffe4d3c0000 - 0x00007ffe4d3d9000 	C:\WINDOWS\SYSTEM32\dhcpcsvc6.DLL
0x00007ffe4d1f0000 - 0x00007ffe4d20f000 	C:\WINDOWS\SYSTEM32\dhcpcsvc.DLL
0x00007ffe523b0000 - 0x00007ffe524a9000 	C:\WINDOWS\SYSTEM32\DNSAPI.dll
0x00007ffe47e60000 - 0x00007ffe47e6e000 	C:\Users\ankuz\.jdks\corretto-17.0.7\bin\sunmscapi.dll
0x00007ffe53b50000 - 0x00007ffe53cb7000 	C:\WINDOWS\System32\CRYPT32.dll
0x00007ffe53200000 - 0x00007ffe5322e000 	C:\WINDOWS\SYSTEM32\ncrypt.dll
0x00007ffe531c0000 - 0x00007ffe531f7000 	C:\WINDOWS\SYSTEM32\NTASN1.dll
0x00007ffe44920000 - 0x00007ffe44928000 	C:\WINDOWS\system32\wshunix.dll

dbghelp: loaded successfully - version: 4.0.5 - missing functions: none
symbol engine: initialized successfully - sym options: 0x614 - pdb path: (cannot be retrieved)

VM Arguments:
jvm_args: --add-opens=java.base/java.util=ALL-UNNAMED --add-opens=java.base/java.lang=ALL-UNNAMED --add-opens=java.base/java.lang.invoke=ALL-UNNAMED --add-opens=java.prefs/java.util.prefs=ALL-UNNAMED --add-opens=java.base/java.nio.charset=ALL-UNNAMED --add-opens=java.base/java.net=ALL-UNNAMED --add-opens=java.base/java.util.concurrent.atomic=ALL-UNNAMED -XX:MaxMetaspaceSize=384m -XX:+HeapDumpOnOutOfMemoryError -Xms256m -Xmx512m -Dfile.encoding=windows-1250 -Duser.country=PL -Duser.language=pl -Duser.variant -javaagent:C:\Users\ankuz\.gradle\wrapper\dists\gradle-8.5-bin\5t9huq95ubn472n8rpzujfbqh\gradle-8.5\lib\agents\gradle-instrumentation-agent-8.5.jar 
java_command: org.gradle.launcher.daemon.bootstrap.GradleDaemon 8.5
java_class_path (initial): C:\Users\ankuz\.gradle\wrapper\dists\gradle-8.5-bin\5t9huq95ubn472n8rpzujfbqh\gradle-8.5\lib\gradle-launcher-8.5.jar
Launcher Type: SUN_STANDARD

[Global flags]
     intx CICompilerCount                          = 12                                        {product} {ergonomic}
   size_t CompressedClassSpaceSize                 = 335544320                                 {product} {ergonomic}
     uint ConcGCThreads                            = 3                                         {product} {ergonomic}
     uint G1ConcRefinementThreads                  = 13                                        {product} {ergonomic}
   size_t G1HeapRegionSize                         = 1048576                                   {product} {ergonomic}
    uintx GCDrainStackTargetSize                   = 64                                        {product} {ergonomic}
     bool HeapDumpOnOutOfMemoryError               = true                                   {manageable} {command line}
   size_t InitialHeapSize                          = 268435456                                 {product} {command line}
   size_t MarkStackSize                            = 4194304                                   {product} {ergonomic}
   size_t MaxHeapSize                              = 536870912                                 {product} {command line}
   size_t MaxMetaspaceSize                         = 402653184                                 {product} {command line}
   size_t MaxNewSize                               = 321912832                                 {product} {ergonomic}
   size_t MinHeapDeltaBytes                        = 1048576                                   {product} {ergonomic}
   size_t MinHeapSize                              = 268435456                                 {product} {command line}
    uintx NonNMethodCodeHeapSize                   = 7602480                                {pd product} {ergonomic}
    uintx NonProfiledCodeHeapSize                  = 122027880                              {pd product} {ergonomic}
    uintx ProfiledCodeHeapSize                     = 122027880                              {pd product} {ergonomic}
    uintx ReservedCodeCacheSize                    = 251658240                              {pd product} {ergonomic}
     bool SegmentedCodeCache                       = true                                      {product} {ergonomic}
   size_t SoftMaxHeapSize                          = 536870912                              {manageable} {ergonomic}
     bool UseCompressedClassPointers               = true                           {product lp64_product} {ergonomic}
     bool UseCompressedOops                        = true                           {product lp64_product} {ergonomic}
     bool UseG1GC                                  = true                                      {product} {ergonomic}
     bool UseLargePagesIndividualAllocation        = false                                  {pd product} {ergonomic}

Logging:
Log output configuration:
 #0: stdout all=warning uptime,level,tags
 #1: stderr all=off uptime,level,tags

Environment Variables:
PATH=C:\Program Files (x86)\VMware\VMware Player\bin\;C:\Program Files\Microsoft\jdk-11.0.16.101-hotspot\bin;C:\Program Files (x86)\Razer Chroma SDK\bin;C:\Program Files\Razer Chroma SDK\bin;C:\Program Files (x86)\Razer\ChromaBroadcast\bin;C:\Program Files\Razer\ChromaBroadcast\bin;C:\Program Files (x86)\Common Files\Oracle\Java\javapath;C:\Windows\system32;C:\Windows;C:\Windows\System32\Wbem;C:\Windows\System32\WindowsPowerShell\v1.0\;C:\Windows\System32\OpenSSH\;C:\Program Files (x86)\NVIDIA Corporation\PhysX\Common;C:\WINDOWS\system32;C:\WINDOWS;C:\WINDOWS\System32\Wbem;C:\WINDOWS\System32\WindowsPowerShell\v1.0\;C:\WINDOWS\System32\OpenSSH\;C:\Program Files\dotnet\;C:\WINDOWS\system32\config\systemprofile\AppData\Local\Microsoft\WindowsApps;C:\Users\ankuz\AppData\Local\Microsoft\WindowsApps;C:\Users\ankuz\AppData\Local\Programs\Microsoft VS Code\bin;C:\Users\ankuz\.dotnet\tools;C:\Users\ankuz\AppData\Local\GitHubDesktop\bin;C:\WINDOWS\system32;C:\WINDOWS;C:\WINDOWS\System32\Wbem;C:\WINDOWS\System32\WindowsPowerShell\v1.0\;C:\WINDOWS\System32\OpenSSH\;C:\TDM-GCC-64\bin;C:\Program Files\NVIDIA Corporation\NVIDIA NvDLISR;C:\Program Files\nodejs\;C:\Users\ankuz\AppData\Local\Programs\Python\Python39\Scripts\;C:\Users\ankuz\AppData\Local\Programs\Python\Python39\;C:\Program Files\PlasticSCM5;C:\Users\ankuz\AppData\Local\Programs\Microsoft VS Code\bin;C:\Users\ankuz\AppData\Local\GitHubDesktop\bin;C:\Users\ankuz\AppData\Roaming\npm;C:\Program Files\JetBrains\PyCharm 2024.1\bin;
USERNAME=ankuz
OS=Windows_NT
PROCESSOR_IDENTIFIER=AMD64 Family 23 Model 96 Stepping 1, AuthenticAMD
TMP=C:\Users\ankuz\AppData\Local\Temp
TEMP=C:\Users\ankuz\AppData\Local\Temp



---------------  S Y S T E M  ---------------

OS:
 Windows 11 , 64 bit Build 22621 (10.0.22621.3374)
OS uptime: 13 days 12:41 hours
Hyper-V role detected

CPU: total 16 (initial active 16) (16 cores per cpu, 2 threads per core) family 23 model 96 stepping 1 microcode 0x0, cx8, cmov, fxsr, ht, mmx, 3dnowpref, sse, sse2, sse3, ssse3, sse4a, sse4.1, sse4.2, popcnt, lzcnt, tsc, tscinvbit, avx, avx2, aes, clmul, bmi1, bmi2, adx, sha, fma, vzeroupper, clflush, clflushopt, hv

Memory: 4k page, system-wide physical 15741M (2368M free)
TotalPageFile size 17789M (AvailPageFile size 3M)
current process WorkingSet (physical memory assigned to process): 378M, peak: 378M
current process commit charge ("private bytes"): 522M, peak: 522M

vm_info: OpenJDK 64-Bit Server VM (17.0.7+7-LTS) for windows-amd64 JRE (17.0.7+7-LTS), built on Apr 14 2023 01:39:21 by "Administrator" with MS VC++ 15.9 (VS2017)

END.
