#
# There is insufficient memory for the Java Runtime Environment to continue.
# Native memory allocation (mmap) failed to map 257949696 bytes for G1 virtual space
# Possible reasons:
#   The system is out of physical RAM or swap space
#   The process is running with CompressedOops enabled, and the Java Heap may be blocking the growth of the native heap
# Possible solutions:
#   Reduce memory load on the system
#   Increase physical memory or swap space
#   Check if swap backing store is full
#   Decrease Java heap size (-Xmx/-Xms)
#   Decrease number of Java threads
#   Decrease Java thread stack sizes (-Xss)
#   Set larger code cache with -XX:ReservedCodeCacheSize=
#   JVM is running with Unscaled Compressed Oops mode in which the Java heap is
#     placed in the first 4GB address space. The Java Heap base address is the
#     maximum limit for the native heap growth. Please use -XX:HeapBaseMinAddress
#     to set the Java Heap base and to place the Java Heap above 4GB virtual address.
# This output file may be truncated or incomplete.
#
#  Out of Memory Error (os_windows.cpp:3559), pid=14308, tid=23180
#
# JRE version:  (17.0.7+7) (build )
# Java VM: OpenJDK 64-Bit Server VM (17.0.7+7-LTS, mixed mode, sharing, tiered, compressed oops, compressed class ptrs, g1 gc, windows-amd64)
# No core dump will be written. Minidumps are not enabled by default on client versions of Windows
#

---------------  S U M M A R Y ------------

Command Line: -Dorg.gradle.internal.worker.tmpdir=C:\jorgX_backend\build\tmp\test\work -Dorg.gradle.native=false -Xmx512m -Dfile.encoding=windows-1250 -Duser.country=PL -Duser.language=pl -Duser.variant -ea worker.org.gradle.process.internal.worker.GradleWorkerMain 'Gradle Test Executor 33'

Host: AMD Ryzen 7 4800H with Radeon Graphics         , 16 cores, 15G,  Windows 11 , 64 bit Build 22621 (10.0.22621.3374)
Time: Wed May 22 20:42:11 2024  Windows 11 , 64 bit Build 22621 (10.0.22621.3374) elapsed time: 0.010486 seconds (0d 0h 0m 0s)

---------------  T H R E A D  ---------------

Current thread (0x000002c4184ea5c0):  JavaThread "Unknown thread" [_thread_in_vm, id=23180, stack(0x000000d730600000,0x000000d730700000)]

Stack: [0x000000d730600000,0x000000d730700000]
Native frames: (J=compiled Java code, j=interpreted, Vv=VM code, C=native code)
V  [jvm.dll+0x64b53a]
V  [jvm.dll+0x7fef54]
V  [jvm.dll+0x80070e]
V  [jvm.dll+0x800d63]
V  [jvm.dll+0x236a2b]
V  [jvm.dll+0x64843a]
V  [jvm.dll+0x63ce8a]
V  [jvm.dll+0x2f5629]
V  [jvm.dll+0x2fc826]
V  [jvm.dll+0x348eea]
V  [jvm.dll+0x34912f]
V  [jvm.dll+0x2cb9a8]
V  [jvm.dll+0x2cc939]
V  [jvm.dll+0x7d2cd1]
V  [jvm.dll+0x3563c1]
V  [jvm.dll+0x7b32ae]
V  [jvm.dll+0x3d38d3]
V  [jvm.dll+0x3d52c1]
C  [jli.dll+0x51bf]
C  [ucrtbase.dll+0x29333]
C  [KERNEL32.DLL+0x1257d]
C  [ntdll.dll+0x5aa48]


---------------  P R O C E S S  ---------------

Threads class SMR info:
_java_thread_list=0x00007ffb0ecdc858, length=0, elements={
}

Java Threads: ( => current thread )

Other Threads:
  0x000002c418518e00 GCTaskThread "GC Thread#0" [stack: 0x000000d730700000,0x000000d730800000] [id=23248]
  0x000002c41851dd40 ConcurrentGCThread "G1 Main Marker" [stack: 0x000000d730800000,0x000000d730900000] [id=20040]
  0x000002c41851e750 ConcurrentGCThread "G1 Conc#0" [stack: 0x000000d730900000,0x000000d730a00000] [id=8216]

[error occurred during error reporting (printing all threads), id 0xc0000005, EXCEPTION_ACCESS_VIOLATION (0xc0000005) at pc=0x00007ffb0e4ccc47]

VM state: not at safepoint (not fully initialized)

VM Mutex/Monitor currently owned by a thread:  ([mutex/lock_event])
[0x000002c4184e6410] Heap_lock - owner thread: 0x000002c4184ea5c0

Heap address: 0x00000000e0000000, size: 512 MB, Compressed Oops mode: 32-bit

CDS archive(s) mapped at: [0x0000000000000000-0x0000000000000000-0x0000000000000000), size 0, SharedBaseAddress: 0x0000000800000000, ArchiveRelocationMode: 0.
Narrow klass base: 0x0000000000000000, Narrow klass shift: 0, Narrow klass range: 0x0

GC Precious Log:
<Empty>

Heap:
 garbage-first heap   total 0K, used 0K [0x00000000e0000000, 0x0000000100000000)
  region size 1024K, 0 young (0K), 0 survivors (0K)

[error occurred during error reporting (printing heap information), id 0xc0000005, EXCEPTION_ACCESS_VIOLATION (0xc0000005) at pc=0x00007ffb0e893419]

GC Heap History (0 events):
No events

Dll operation events (1 events):
Event: 0.007 Loaded shared library C:\Users\ankuz\.jdks\corretto-17.0.7\bin\java.dll

Deoptimization events (0 events):
No events

Classes unloaded (0 events):
No events

Classes redefined (0 events):
No events

Internal exceptions (0 events):
No events

VM Operations (0 events):
No events

Events (0 events):
No events


Dynamic libraries:
0x00007ff6c7b30000 - 0x00007ff6c7b3d000 	C:\Users\ankuz\.jdks\corretto-17.0.7\bin\java.exe
0x00007ffb710d0000 - 0x00007ffb712e6000 	C:\WINDOWS\SYSTEM32\ntdll.dll
0x00007ffb70f10000 - 0x00007ffb70fd4000 	C:\WINDOWS\System32\KERNEL32.DLL
0x00007ffb6e810000 - 0x00007ffb6ebb7000 	C:\WINDOWS\System32\KERNELBASE.dll
0x00007ffb6ec70000 - 0x00007ffb6ed81000 	C:\WINDOWS\System32\ucrtbase.dll
0x00007ffb68c70000 - 0x00007ffb68c87000 	C:\Users\ankuz\.jdks\corretto-17.0.7\bin\jli.dll
0x00007ffb689e0000 - 0x00007ffb689f5000 	C:\Users\ankuz\.jdks\corretto-17.0.7\bin\VCRUNTIME140.dll
0x00007ffb706a0000 - 0x00007ffb7084e000 	C:\WINDOWS\System32\USER32.dll
0x00007ffb6e7e0000 - 0x00007ffb6e806000 	C:\WINDOWS\System32\win32u.dll
0x00007ffb70d60000 - 0x00007ffb70d89000 	C:\WINDOWS\System32\GDI32.dll
0x00007ffb56020000 - 0x00007ffb562b3000 	C:\WINDOWS\WinSxS\amd64_microsoft.windows.common-controls_6595b64144ccf1df_6.0.22621.3235_none_270f74e173860f98\COMCTL32.dll
0x00007ffb6fec0000 - 0x00007ffb6ff67000 	C:\WINDOWS\System32\msvcrt.dll
0x00007ffb6e3f0000 - 0x00007ffb6e509000 	C:\WINDOWS\System32\gdi32full.dll
0x00007ffb6e740000 - 0x00007ffb6e7da000 	C:\WINDOWS\System32\msvcp_win.dll
0x00007ffb6fa50000 - 0x00007ffb6fa81000 	C:\WINDOWS\System32\IMM32.DLL
0x0000000077410000 - 0x000000007741c000 	C:\Program Files (x86)\360\Total Security\safemon\SafeWrapper.dll
0x00007ffb6fe00000 - 0x00007ffb6feb2000 	C:\WINDOWS\System32\ADVAPI32.dll
0x00007ffb6ef70000 - 0x00007ffb6f018000 	C:\WINDOWS\System32\sechost.dll
0x00007ffb6ec40000 - 0x00007ffb6ec68000 	C:\WINDOWS\System32\bcrypt.dll
0x00007ffb6ff70000 - 0x00007ffb70085000 	C:\WINDOWS\System32\RPCRT4.dll
0x00007ffb576a0000 - 0x00007ffb57732000 	C:\Program Files (x86)\360\Total Security\safemon\libzdtp64.dll
0x00007ffb6f030000 - 0x00007ffb6f88c000 	C:\WINDOWS\System32\SHELL32.dll
0x00007ffb6ee00000 - 0x00007ffb6ee5e000 	C:\WINDOWS\System32\SHLWAPI.dll
0x00007ffb6e030000 - 0x00007ffb6e03a000 	C:\WINDOWS\SYSTEM32\VERSION.dll
0x00007ffb57600000 - 0x00007ffb5769b000 	C:\Users\ankuz\.jdks\corretto-17.0.7\bin\msvcp140.dll
0x00007ffb0e1f0000 - 0x00007ffb0ee0a000 	C:\Users\ankuz\.jdks\corretto-17.0.7\bin\server\jvm.dll
0x00007ffb51d60000 - 0x00007ffb51d69000 	C:\WINDOWS\SYSTEM32\WSOCK32.dll
0x00007ffb70620000 - 0x00007ffb70691000 	C:\WINDOWS\System32\WS2_32.dll
0x00007ffb67920000 - 0x00007ffb67954000 	C:\WINDOWS\SYSTEM32\WINMM.dll
0x00007ffb6d410000 - 0x00007ffb6d428000 	C:\WINDOWS\SYSTEM32\kernel.appcore.dll
0x00007ffb679d0000 - 0x00007ffb679da000 	C:\Users\ankuz\.jdks\corretto-17.0.7\bin\jimage.dll
0x00007ffb6bd90000 - 0x00007ffb6bfc3000 	C:\WINDOWS\SYSTEM32\DBGHELP.DLL
0x00007ffb709d0000 - 0x00007ffb70d58000 	C:\WINDOWS\System32\combase.dll
0x00007ffb708f0000 - 0x00007ffb709c7000 	C:\WINDOWS\System32\OLEAUT32.dll
0x00007ffb65a60000 - 0x00007ffb65a92000 	C:\WINDOWS\SYSTEM32\dbgcore.DLL
0x00007ffb6ebc0000 - 0x00007ffb6ec39000 	C:\WINDOWS\System32\bcryptPrimitives.dll
0x00007ffb5deb0000 - 0x00007ffb5ded5000 	C:\Users\ankuz\.jdks\corretto-17.0.7\bin\java.dll

dbghelp: loaded successfully - version: 4.0.5 - missing functions: none
symbol engine: initialized successfully - sym options: 0x614 - pdb path: .;C:\Users\ankuz\.jdks\corretto-17.0.7\bin;C:\WINDOWS\SYSTEM32;C:\WINDOWS\WinSxS\amd64_microsoft.windows.common-controls_6595b64144ccf1df_6.0.22621.3235_none_270f74e173860f98;C:\Program Files (x86)\360\Total Security\safemon;C:\Users\ankuz\.jdks\corretto-17.0.7\bin\server

VM Arguments:
jvm_args: -Dorg.gradle.internal.worker.tmpdir=C:\jorgX_backend\build\tmp\test\work -Dorg.gradle.native=false -Xmx512m -Dfile.encoding=windows-1250 -Duser.country=PL -Duser.language=pl -Duser.variant -ea 
java_command: worker.org.gradle.process.internal.worker.GradleWorkerMain 'Gradle Test Executor 33'
java_class_path (initial): C:\\Users\\ankuz\\.gradle\\caches\\8.5\\workerMain\\gradle-worker.jar;C:\\jorgX_backend\\build\\classes\\java\\test;C:\\jorgX_backend\\build\\classes\\java\\main;C:\\jorgX_backend\\build\\resources\\main;C:\\Users\\ankuz\\.gradle\\caches\\modules-2\\files-2.1\\org.tensorflow\\tensorflow-core-platform\\0.5.0\\f0f5e2f430e6821d6e5bfae7be0bb0cd72123790\\tensorflow-core-platform-0.5.0.jar;C:\\Users\\ankuz\\.gradle\\caches\\modules-2\\files-2.1\\org.springdoc\\springdoc-openapi-starter-webmvc-ui\\2.2.0\\178d8ed6714d78b8b475c45bc60642a9232fcb70\\springdoc-openapi-starter-webmvc-ui-2.2.0.jar;C:\\Users\\ankuz\\.gradle\\caches\\modules-2\\files-2.1\\org.springdoc\\springdoc-openapi-ui\\1.7.0\\f4763107b0fb1f9c17fe6523b2fd0ca6cb201d66\\springdoc-openapi-ui-1.7.0.jar;C:\\Users\\ankuz\\.gradle\\caches\\modules-2\\files-2.1\\org.springframework.boot\\spring-boot-starter-data-jpa\\3.0.5\\3878bf2b2555fc1d38a9ebde0169eec4eaf6bf1c\\spring-boot-starter-data-jpa-3.0.5.jar;C:\\Users\\ankuz\\.gradle\\caches\\modules-2\\files-2.1\\org.springframework.boot\\spring-boot-starter-security\\3.0.5\\9b6d2f74bda45211dca26ff5268f6c968bb7de19\\spring-boot-starter-security-3.0.5.jar;C:\\Users\\ankuz\\.gradle\\caches\\modules-2\\files-2.1\\org.thymeleaf.extras\\thymeleaf-extras-springsecurity6\\3.1.1.RELEASE\\af922bd525aa914b70723f3b19adefd09c49bb3b\\thymeleaf-extras-springsecurity6-3.1.1.RELEASE.jar;C:\\Users\\ankuz\\.gradle\\caches\\modules-2\\files-2.1\\org.springframework.boot\\spring-boot-starter-thymeleaf\\3.0.5\\e23e18da18a7eef641be6797e74de61ac7b399bd\\spring-boot-starter-thymeleaf-3.0.5.jar;C:\\Users\\ankuz\\.gradle\\caches\\modules-2\\files-2.1\\org.springframework.boot\\spring-boot-starter-web\\3.0.5\\c8f9a85fed134963b69cb2f2a0dcf151047b6cd1\\spring-boot-starter-web-3.0.5.jar;C:\\Users\\ankuz\\.gradle\\caches\\modules-2\\files-2.1\\org.postgresql\\postgresql\\42.6.0\\7614cfce466145b84972781ab0079b8dea49e363\\postgresql-42.6.0.jar;C:\\Users\\ankuz\\.gradle\\cache
Launcher Type: SUN_STANDARD

[Global flags]
     intx CICompilerCount                          = 12                                        {product} {ergonomic}
     uint ConcGCThreads                            = 3                                         {product} {ergonomic}
     uint G1ConcRefinementThreads                  = 13                                        {product} {ergonomic}
   size_t G1HeapRegionSize                         = 1048576                                   {product} {ergonomic}
    uintx GCDrainStackTargetSize                   = 64                                        {product} {ergonomic}
   size_t InitialHeapSize                          = 257949696                                 {product} {ergonomic}
   size_t MarkStackSize                            = 4194304                                   {product} {ergonomic}
   size_t MaxHeapSize                              = 536870912                                 {product} {command line}
   size_t MinHeapDeltaBytes                        = 1048576                                   {product} {ergonomic}
   size_t MinHeapSize                              = 8388608                                   {product} {ergonomic}
    uintx NonNMethodCodeHeapSize                   = 7602480                                {pd product} {ergonomic}
    uintx NonProfiledCodeHeapSize                  = 122027880                              {pd product} {ergonomic}
    uintx ProfiledCodeHeapSize                     = 122027880                              {pd product} {ergonomic}
    uintx ReservedCodeCacheSize                    = 251658240                              {pd product} {ergonomic}
     bool SegmentedCodeCache                       = true                                      {product} {ergonomic}
   size_t SoftMaxHeapSize                          = 536870912                              {manageable} {ergonomic}
     bool UseCompressedClassPointers               = true                           {product lp64_product} {ergonomic}
     bool UseCompressedOops                        = true                           {product lp64_product} {ergonomic}
     bool UseG1GC                                  = true                                      {product} {ergonomic}
     bool UseLargePagesIndividualAllocation        = false                                  {pd product} {ergonomic}

Logging:
Log output configuration:
 #0: stdout all=warning uptime,level,tags
 #1: stderr all=off uptime,level,tags

Environment Variables:
PATH=C:\Program Files (x86)\VMware\VMware Player\bin\;C:\Program Files\Microsoft\jdk-11.0.16.101-hotspot\bin;C:\Program Files (x86)\Razer Chroma SDK\bin;C:\Program Files\Razer Chroma SDK\bin;C:\Program Files (x86)\Razer\ChromaBroadcast\bin;C:\Program Files\Razer\ChromaBroadcast\bin;C:\Program Files (x86)\Common Files\Oracle\Java\javapath;C:\Windows\system32;C:\Windows;C:\Windows\System32\Wbem;C:\Windows\System32\WindowsPowerShell\v1.0\;C:\Windows\System32\OpenSSH\;C:\Program Files (x86)\NVIDIA Corporation\PhysX\Common;C:\WINDOWS\system32;C:\WINDOWS;C:\WINDOWS\System32\Wbem;C:\WINDOWS\System32\WindowsPowerShell\v1.0\;C:\WINDOWS\System32\OpenSSH\;C:\Program Files\dotnet\;C:\WINDOWS\system32\config\systemprofile\AppData\Local\Microsoft\WindowsApps;C:\Users\ankuz\AppData\Local\Microsoft\WindowsApps;C:\Users\ankuz\AppData\Local\Programs\Microsoft VS Code\bin;C:\Users\ankuz\.dotnet\tools;C:\Users\ankuz\AppData\Local\GitHubDesktop\bin;C:\WINDOWS\system32;C:\WINDOWS;C:\WINDOWS\System32\Wbem;C:\WINDOWS\System32\WindowsPowerShell\v1.0\;C:\WINDOWS\System32\OpenSSH\;C:\TDM-GCC-64\bin;C:\Program Files\NVIDIA Corporation\NVIDIA NvDLISR;C:\Program Files\nodejs\;C:\Program Files\Docker\Docker\resources\bin;C:\Users\ankuz\AppData\Local\Programs\Python\Python39\Scripts\;C:\Users\ankuz\AppData\Local\Programs\Python\Python39\;C:\Program Files\PlasticSCM5;C:\Users\ankuz\AppData\Local\Programs\Microsoft VS Code\bin;C:\Users\ankuz\AppData\Local\GitHubDesktop\bin;C:\Users\ankuz\AppData\Roaming\npm;C:\Program Files\JetBrains\PyCharm 2024.1\bin;
USERNAME=ankuz
OS=Windows_NT
PROCESSOR_IDENTIFIER=AMD64 Family 23 Model 96 Stepping 1, AuthenticAMD
TMP=C:\Users\ankuz\AppData\Local\Temp
TEMP=C:\Users\ankuz\AppData\Local\Temp



---------------  S Y S T E M  ---------------

OS:
 Windows 11 , 64 bit Build 22621 (10.0.22621.3374)
OS uptime: 1 days 0:57 hours
Hyper-V role detected

CPU: total 16 (initial active 16) (16 cores per cpu, 2 threads per core) family 23 model 96 stepping 1 microcode 0x0, cx8, cmov, fxsr, ht, mmx, 3dnowpref, sse, sse2, sse3, ssse3, sse4a, sse4.1, sse4.2, popcnt, lzcnt, tsc, tscinvbit, avx, avx2, aes, clmul, bmi1, bmi2, adx, sha, fma, vzeroupper, clflush, clflushopt, hv

Memory: 4k page, system-wide physical 15741M (2563M free)
TotalPageFile size 17789M (AvailPageFile size 172M)
current process WorkingSet (physical memory assigned to process): 12M, peak: 12M
current process commit charge ("private bytes"): 70M, peak: 316M

vm_info: OpenJDK 64-Bit Server VM (17.0.7+7-LTS) for windows-amd64 JRE (17.0.7+7-LTS), built on Apr 14 2023 01:39:21 by "Administrator" with MS VC++ 15.9 (VS2017)

END.
