#
# There is insufficient memory for the Java Runtime Environment to continue.
# Native memory allocation (malloc) failed to allocate 1788528 bytes for Chunk::new
# Possible reasons:
#   The system is out of physical RAM or swap space
#   The process is running with CompressedOops enabled, and the Java Heap may be blocking the growth of the native heap
# Possible solutions:
#   Reduce memory load on the system
#   Increase physical memory or swap space
#   Check if swap backing store is full
#   Decrease Java heap size (-Xmx/-Xms)
#   Decrease number of Java threads
#   Decrease Java thread stack sizes (-Xss)
#   Set larger code cache with -XX:ReservedCodeCacheSize=
#   JVM is running with Unscaled Compressed Oops mode in which the Java heap is
#     placed in the first 4GB address space. The Java Heap base address is the
#     maximum limit for the native heap growth. Please use -XX:HeapBaseMinAddress
#     to set the Java Heap base and to place the Java Heap above 4GB virtual address.
# This output file may be truncated or incomplete.
#
#  Out of Memory Error (arena.cpp:189), pid=4804, tid=17524
#
# JRE version: OpenJDK Runtime Environment Corretto-17.0.7.7.1 (17.0.7+7) (build 17.0.7+7-LTS)
# Java VM: OpenJDK 64-Bit Server VM Corretto-17.0.7.7.1 (17.0.7+7-LTS, mixed mode, sharing, tiered, compressed oops, compressed class ptrs, g1 gc, windows-amd64)
# No core dump will be written. Minidumps are not enabled by default on client versions of Windows
#

---------------  S U M M A R Y ------------

Command Line: -Dorg.gradle.internal.worker.tmpdir=C:\jorgX_backend\build\tmp\test\work -Dorg.gradle.native=false -Xmx512m -Dfile.encoding=windows-1250 -Duser.country=PL -Duser.language=pl -Duser.variant -ea worker.org.gradle.process.internal.worker.GradleWorkerMain 'Gradle Test Executor 1'

Host: AMD Ryzen 7 4800H with Radeon Graphics         , 16 cores, 15G,  Windows 11 , 64 bit Build 22621 (10.0.22621.3374)
Time: Wed May 22 20:23:22 2024  Windows 11 , 64 bit Build 22621 (10.0.22621.3374) elapsed time: 0.883637 seconds (0d 0h 0m 0s)

---------------  T H R E A D  ---------------

Current thread (0x000002961d3c74d0):  JavaThread "C2 CompilerThread1" daemon [_thread_in_native, id=17524, stack(0x0000009d58300000,0x0000009d58400000)]


Current CompileTask:
C2:    883 1440       4       jdk.internal.org.objectweb.asm.Frame::execute (2305 bytes)

Stack: [0x0000009d58300000,0x0000009d58400000]
Native frames: (J=compiled Java code, j=interpreted, Vv=VM code, C=native code)
V  [jvm.dll+0x64b53a]
V  [jvm.dll+0x7fef54]
V  [jvm.dll+0x80070e]
V  [jvm.dll+0x800d63]
V  [jvm.dll+0x236a2b]
V  [jvm.dll+0xbd47c]
V  [jvm.dll+0xbda5c]
V  [jvm.dll+0x350c37]
V  [jvm.dll+0x31b60f]
V  [jvm.dll+0x31aa4a]
V  [jvm.dll+0x20acf5]
V  [jvm.dll+0x20a287]
V  [jvm.dll+0x19a2ed]
V  [jvm.dll+0x21967d]
V  [jvm.dll+0x2178c4]
V  [jvm.dll+0x7b7dcb]
V  [jvm.dll+0x7b237a]
V  [jvm.dll+0x64a3a5]
C  [ucrtbase.dll+0x29333]
C  [KERNEL32.DLL+0x1257d]
C  [ntdll.dll+0x5aa48]


---------------  P R O C E S S  ---------------

Threads class SMR info:
_java_thread_list=0x000002961e67da40, length=21, elements={
0x000002967cf1e4c0, 0x000002967faeeba0, 0x000002967faf0730, 0x0000029618b6c9d0,
0x0000029618b6d290, 0x0000029618b6db50, 0x0000029618b6e410, 0x0000029618b70830,
0x0000029618b71950, 0x0000029618b74e90, 0x0000029618cb8450, 0x000002967fad89f0,
0x0000029618e53d90, 0x0000029618e5ce90, 0x000002961d3c74d0, 0x000002961d695010,
0x000002961d6c71c0, 0x000002961db5aa60, 0x000002961db217a0, 0x000002961db8d020,
0x000002961dbdbf00
}

Java Threads: ( => current thread )
  0x000002967cf1e4c0 JavaThread "Test worker" [_thread_in_vm, id=12128, stack(0x0000009d56e00000,0x0000009d56f00000)]
  0x000002967faeeba0 JavaThread "Reference Handler" daemon [_thread_blocked, id=22436, stack(0x0000009d57500000,0x0000009d57600000)]
  0x000002967faf0730 JavaThread "Finalizer" daemon [_thread_blocked, id=22760, stack(0x0000009d57600000,0x0000009d57700000)]
  0x0000029618b6c9d0 JavaThread "Signal Dispatcher" daemon [_thread_blocked, id=19120, stack(0x0000009d57700000,0x0000009d57800000)]
  0x0000029618b6d290 JavaThread "Attach Listener" daemon [_thread_blocked, id=19884, stack(0x0000009d57800000,0x0000009d57900000)]
  0x0000029618b6db50 JavaThread "Service Thread" daemon [_thread_blocked, id=15652, stack(0x0000009d57900000,0x0000009d57a00000)]
  0x0000029618b6e410 JavaThread "Monitor Deflation Thread" daemon [_thread_blocked, id=14588, stack(0x0000009d57a00000,0x0000009d57b00000)]
  0x0000029618b70830 JavaThread "C2 CompilerThread0" daemon [_thread_blocked, id=22764, stack(0x0000009d57b00000,0x0000009d57c00000)]
  0x0000029618b71950 JavaThread "C1 CompilerThread0" daemon [_thread_blocked, id=19960, stack(0x0000009d57c00000,0x0000009d57d00000)]
  0x0000029618b74e90 JavaThread "Sweeper thread" daemon [_thread_blocked, id=2872, stack(0x0000009d57d00000,0x0000009d57e00000)]
  0x0000029618cb8450 JavaThread "C1 CompilerThread1" daemon [_thread_blocked, id=13596, stack(0x0000009d57e00000,0x0000009d57f00000)]
  0x000002967fad89f0 JavaThread "C1 CompilerThread2" daemon [_thread_blocked, id=10672, stack(0x0000009d57f00000,0x0000009d58000000)]
  0x0000029618e53d90 JavaThread "Notification Thread" daemon [_thread_blocked, id=4324, stack(0x0000009d58000000,0x0000009d58100000)]
  0x0000029618e5ce90 JavaThread "Common-Cleaner" daemon [_thread_blocked, id=11124, stack(0x0000009d58200000,0x0000009d58300000)]
=>0x000002961d3c74d0 JavaThread "C2 CompilerThread1" daemon [_thread_in_native, id=17524, stack(0x0000009d58300000,0x0000009d58400000)]
  0x000002961d695010 JavaThread "C1 CompilerThread3" daemon [_thread_blocked, id=4236, stack(0x0000009d58400000,0x0000009d58500000)]
  0x000002961d6c71c0 JavaThread "/127.0.0.1:64074 to /127.0.0.1:64073 workers" [_thread_blocked, id=22120, stack(0x0000009d58600000,0x0000009d58700000)]
  0x000002961db5aa60 JavaThread "/127.0.0.1:64074 to /127.0.0.1:64073 workers Thread 2" [_thread_blocked, id=23364, stack(0x0000009d58700000,0x0000009d58800000)]
  0x000002961db217a0 JavaThread "/127.0.0.1:64074 to /127.0.0.1:64073 workers Thread 3" [_thread_in_native, id=21572, stack(0x0000009d58800000,0x0000009d58900000)]
  0x000002961db8d020 JavaThread "C2 CompilerThread2" daemon [_thread_blocked, id=8884, stack(0x0000009d58900000,0x0000009d58a00000)]
  0x000002961dbdbf00 JavaThread "C2 CompilerThread3" daemon [_thread_blocked, id=14464, stack(0x0000009d59300000,0x0000009d59400000)]

Other Threads:
  0x000002967faeb190 VMThread "VM Thread" [stack: 0x0000009d57400000,0x0000009d57500000] [id=13004]
  0x0000029618e560c0 WatcherThread [stack: 0x0000009d58100000,0x0000009d58200000] [id=4528]
  0x000002967cf4e660 GCTaskThread "GC Thread#0" [stack: 0x0000009d56f00000,0x0000009d57000000] [id=14772]
  0x0000029618ce21b0 GCTaskThread "GC Thread#1" [stack: 0x0000009d58a00000,0x0000009d58b00000] [id=8516]
  0x000002961da4e680 GCTaskThread "GC Thread#2" [stack: 0x0000009d58b00000,0x0000009d58c00000] [id=2012]
  0x000002961d7c7090 GCTaskThread "GC Thread#3" [stack: 0x0000009d58c00000,0x0000009d58d00000] [id=17896]
  0x000002961d7c7b50 GCTaskThread "GC Thread#4" [stack: 0x0000009d58d00000,0x0000009d58e00000] [id=8384]
  0x000002961d7c7e00 GCTaskThread "GC Thread#5" [stack: 0x0000009d58e00000,0x0000009d58f00000] [id=12336]
  0x000002961da3eb10 GCTaskThread "GC Thread#6" [stack: 0x0000009d58f00000,0x0000009d59000000] [id=22644]
  0x000002961da3f5d0 GCTaskThread "GC Thread#7" [stack: 0x0000009d59000000,0x0000009d59100000] [id=11028]
  0x000002961dbacc70 GCTaskThread "GC Thread#8" [stack: 0x0000009d59100000,0x0000009d59200000] [id=368]
  0x000002967cf533b0 ConcurrentGCThread "G1 Main Marker" [stack: 0x0000009d57000000,0x0000009d57100000] [id=20216]
  0x000002967cf53bd0 ConcurrentGCThread "G1 Conc#0" [stack: 0x0000009d57100000,0x0000009d57200000] [id=8460]
  0x000002967cfaebf0 ConcurrentGCThread "G1 Refine#0" [stack: 0x0000009d57200000,0x0000009d57300000] [id=20500]
  0x000002961d85b9e0 ConcurrentGCThread "G1 Refine#1" [stack: 0x0000009d59200000,0x0000009d59300000] [id=8428]
  0x000002967f99ebb0 ConcurrentGCThread "G1 Service" [stack: 0x0000009d57300000,0x0000009d57400000] [id=1852]

Threads with active compile tasks:
C2 CompilerThread1      913 1440       4       jdk.internal.org.objectweb.asm.Frame::execute (2305 bytes)

VM state: not at safepoint (normal execution)

VM Mutex/Monitor currently owned by a thread: None

Heap address: 0x00000000e0000000, size: 512 MB, Compressed Oops mode: 32-bit

CDS archive(s) mapped at: [0x0000000800000000-0x0000000800bc0000-0x0000000800bc0000), size 12320768, SharedBaseAddress: 0x0000000800000000, ArchiveRelocationMode: 0.
Compressed class space mapped at: 0x0000000801000000-0x0000000841000000, reserved size: 1073741824
Narrow klass base: 0x0000000800000000, Narrow klass shift: 0, Narrow klass range: 0x100000000

GC Precious Log:
 CPUs: 16 total, 16 available
 Memory: 15741M
 Large Page Support: Disabled
 NUMA Support: Disabled
 Compressed Oops: Enabled (32-bit)
 Heap Region Size: 1M
 Heap Min Capacity: 8M
 Heap Initial Capacity: 246M
 Heap Max Capacity: 512M
 Pre-touch: Disabled
 Parallel Workers: 13
 Concurrent Workers: 3
 Concurrent Refinement Workers: 13
 Periodic GC: Disabled

Heap:
 garbage-first heap   total 251904K, used 23081K [0x00000000e0000000, 0x0000000100000000)
  region size 1024K, 17 young (17408K), 3 survivors (3072K)
 Metaspace       used 8355K, committed 8640K, reserved 1114112K
  class space    used 1118K, committed 1280K, reserved 1048576K

Heap Regions: E=young(eden), S=young(survivor), O=old, HS=humongous(starts), HC=humongous(continues), CS=collection set, F=free, OA=open archive, CA=closed archive, TAMS=top-at-mark-start (previous, next)
|   0|0x00000000e0000000, 0x00000000e0100000, 0x00000000e0100000|100%|HS|  |TAMS 0x00000000e0000000, 0x00000000e0000000| Complete 
|   1|0x00000000e0100000, 0x00000000e0200000, 0x00000000e0200000|100%| O|  |TAMS 0x00000000e0100000, 0x00000000e0100000| Untracked 
|   2|0x00000000e0200000, 0x00000000e0300000, 0x00000000e0300000|100%| O|  |TAMS 0x00000000e0200000, 0x00000000e0200000| Untracked 
|   3|0x00000000e0300000, 0x00000000e0400000, 0x00000000e0400000|100%| O|  |TAMS 0x00000000e0300000, 0x00000000e0300000| Untracked 
|   4|0x00000000e0400000, 0x00000000e0500000, 0x00000000e0500000|100%| O|  |TAMS 0x00000000e0400000, 0x00000000e0400000| Untracked 
|   5|0x00000000e0500000, 0x00000000e0600000, 0x00000000e0600000|100%| O|  |TAMS 0x00000000e0500000, 0x00000000e0500000| Untracked 
|   6|0x00000000e0600000, 0x00000000e068a400, 0x00000000e0700000| 54%| O|  |TAMS 0x00000000e0600000, 0x00000000e0600000| Untracked 
|   7|0x00000000e0700000, 0x00000000e0700000, 0x00000000e0800000|  0%| F|  |TAMS 0x00000000e0700000, 0x00000000e0700000| Untracked 
|   8|0x00000000e0800000, 0x00000000e0800000, 0x00000000e0900000|  0%| F|  |TAMS 0x00000000e0800000, 0x00000000e0800000| Untracked 
|   9|0x00000000e0900000, 0x00000000e0900000, 0x00000000e0a00000|  0%| F|  |TAMS 0x00000000e0900000, 0x00000000e0900000| Untracked 
|  10|0x00000000e0a00000, 0x00000000e0a00000, 0x00000000e0b00000|  0%| F|  |TAMS 0x00000000e0a00000, 0x00000000e0a00000| Untracked 
|  11|0x00000000e0b00000, 0x00000000e0b00000, 0x00000000e0c00000|  0%| F|  |TAMS 0x00000000e0b00000, 0x00000000e0b00000| Untracked 
|  12|0x00000000e0c00000, 0x00000000e0c00000, 0x00000000e0d00000|  0%| F|  |TAMS 0x00000000e0c00000, 0x00000000e0c00000| Untracked 
|  13|0x00000000e0d00000, 0x00000000e0d00000, 0x00000000e0e00000|  0%| F|  |TAMS 0x00000000e0d00000, 0x00000000e0d00000| Untracked 
|  14|0x00000000e0e00000, 0x00000000e0e00000, 0x00000000e0f00000|  0%| F|  |TAMS 0x00000000e0e00000, 0x00000000e0e00000| Untracked 
|  15|0x00000000e0f00000, 0x00000000e0f00000, 0x00000000e1000000|  0%| F|  |TAMS 0x00000000e0f00000, 0x00000000e0f00000| Untracked 
|  16|0x00000000e1000000, 0x00000000e1000000, 0x00000000e1100000|  0%| F|  |TAMS 0x00000000e1000000, 0x00000000e1000000| Untracked 
|  17|0x00000000e1100000, 0x00000000e1100000, 0x00000000e1200000|  0%| F|  |TAMS 0x00000000e1100000, 0x00000000e1100000| Untracked 
|  18|0x00000000e1200000, 0x00000000e1200000, 0x00000000e1300000|  0%| F|  |TAMS 0x00000000e1200000, 0x00000000e1200000| Untracked 
|  19|0x00000000e1300000, 0x00000000e1300000, 0x00000000e1400000|  0%| F|  |TAMS 0x00000000e1300000, 0x00000000e1300000| Untracked 
|  20|0x00000000e1400000, 0x00000000e1400000, 0x00000000e1500000|  0%| F|  |TAMS 0x00000000e1400000, 0x00000000e1400000| Untracked 
|  21|0x00000000e1500000, 0x00000000e1500000, 0x00000000e1600000|  0%| F|  |TAMS 0x00000000e1500000, 0x00000000e1500000| Untracked 
|  22|0x00000000e1600000, 0x00000000e1600000, 0x00000000e1700000|  0%| F|  |TAMS 0x00000000e1600000, 0x00000000e1600000| Untracked 
|  23|0x00000000e1700000, 0x00000000e1700000, 0x00000000e1800000|  0%| F|  |TAMS 0x00000000e1700000, 0x00000000e1700000| Untracked 
|  24|0x00000000e1800000, 0x00000000e1800000, 0x00000000e1900000|  0%| F|  |TAMS 0x00000000e1800000, 0x00000000e1800000| Untracked 
|  25|0x00000000e1900000, 0x00000000e1900000, 0x00000000e1a00000|  0%| F|  |TAMS 0x00000000e1900000, 0x00000000e1900000| Untracked 
|  26|0x00000000e1a00000, 0x00000000e1a00000, 0x00000000e1b00000|  0%| F|  |TAMS 0x00000000e1a00000, 0x00000000e1a00000| Untracked 
|  27|0x00000000e1b00000, 0x00000000e1b00000, 0x00000000e1c00000|  0%| F|  |TAMS 0x00000000e1b00000, 0x00000000e1b00000| Untracked 
|  28|0x00000000e1c00000, 0x00000000e1c00000, 0x00000000e1d00000|  0%| F|  |TAMS 0x00000000e1c00000, 0x00000000e1c00000| Untracked 
|  29|0x00000000e1d00000, 0x00000000e1d00000, 0x00000000e1e00000|  0%| F|  |TAMS 0x00000000e1d00000, 0x00000000e1d00000| Untracked 
|  30|0x00000000e1e00000, 0x00000000e1e00000, 0x00000000e1f00000|  0%| F|  |TAMS 0x00000000e1e00000, 0x00000000e1e00000| Untracked 
|  31|0x00000000e1f00000, 0x00000000e1f00000, 0x00000000e2000000|  0%| F|  |TAMS 0x00000000e1f00000, 0x00000000e1f00000| Untracked 
|  32|0x00000000e2000000, 0x00000000e2000000, 0x00000000e2100000|  0%| F|  |TAMS 0x00000000e2000000, 0x00000000e2000000| Untracked 
|  33|0x00000000e2100000, 0x00000000e2100000, 0x00000000e2200000|  0%| F|  |TAMS 0x00000000e2100000, 0x00000000e2100000| Untracked 
|  34|0x00000000e2200000, 0x00000000e2200000, 0x00000000e2300000|  0%| F|  |TAMS 0x00000000e2200000, 0x00000000e2200000| Untracked 
|  35|0x00000000e2300000, 0x00000000e2300000, 0x00000000e2400000|  0%| F|  |TAMS 0x00000000e2300000, 0x00000000e2300000| Untracked 
|  36|0x00000000e2400000, 0x00000000e2400000, 0x00000000e2500000|  0%| F|  |TAMS 0x00000000e2400000, 0x00000000e2400000| Untracked 
|  37|0x00000000e2500000, 0x00000000e2500000, 0x00000000e2600000|  0%| F|  |TAMS 0x00000000e2500000, 0x00000000e2500000| Untracked 
|  38|0x00000000e2600000, 0x00000000e2600000, 0x00000000e2700000|  0%| F|  |TAMS 0x00000000e2600000, 0x00000000e2600000| Untracked 
|  39|0x00000000e2700000, 0x00000000e2700000, 0x00000000e2800000|  0%| F|  |TAMS 0x00000000e2700000, 0x00000000e2700000| Untracked 
|  40|0x00000000e2800000, 0x00000000e2800000, 0x00000000e2900000|  0%| F|  |TAMS 0x00000000e2800000, 0x00000000e2800000| Untracked 
|  41|0x00000000e2900000, 0x00000000e2900000, 0x00000000e2a00000|  0%| F|  |TAMS 0x00000000e2900000, 0x00000000e2900000| Untracked 
|  42|0x00000000e2a00000, 0x00000000e2a00000, 0x00000000e2b00000|  0%| F|  |TAMS 0x00000000e2a00000, 0x00000000e2a00000| Untracked 
|  43|0x00000000e2b00000, 0x00000000e2b00000, 0x00000000e2c00000|  0%| F|  |TAMS 0x00000000e2b00000, 0x00000000e2b00000| Untracked 
|  44|0x00000000e2c00000, 0x00000000e2c00000, 0x00000000e2d00000|  0%| F|  |TAMS 0x00000000e2c00000, 0x00000000e2c00000| Untracked 
|  45|0x00000000e2d00000, 0x00000000e2d00000, 0x00000000e2e00000|  0%| F|  |TAMS 0x00000000e2d00000, 0x00000000e2d00000| Untracked 
|  46|0x00000000e2e00000, 0x00000000e2e00000, 0x00000000e2f00000|  0%| F|  |TAMS 0x00000000e2e00000, 0x00000000e2e00000| Untracked 
|  47|0x00000000e2f00000, 0x00000000e2f00000, 0x00000000e3000000|  0%| F|  |TAMS 0x00000000e2f00000, 0x00000000e2f00000| Untracked 
|  48|0x00000000e3000000, 0x00000000e3000000, 0x00000000e3100000|  0%| F|  |TAMS 0x00000000e3000000, 0x00000000e3000000| Untracked 
|  49|0x00000000e3100000, 0x00000000e3100000, 0x00000000e3200000|  0%| F|  |TAMS 0x00000000e3100000, 0x00000000e3100000| Untracked 
|  50|0x00000000e3200000, 0x00000000e3200000, 0x00000000e3300000|  0%| F|  |TAMS 0x00000000e3200000, 0x00000000e3200000| Untracked 
|  51|0x00000000e3300000, 0x00000000e3300000, 0x00000000e3400000|  0%| F|  |TAMS 0x00000000e3300000, 0x00000000e3300000| Untracked 
|  52|0x00000000e3400000, 0x00000000e3400000, 0x00000000e3500000|  0%| F|  |TAMS 0x00000000e3400000, 0x00000000e3400000| Untracked 
|  53|0x00000000e3500000, 0x00000000e3500000, 0x00000000e3600000|  0%| F|  |TAMS 0x00000000e3500000, 0x00000000e3500000| Untracked 
|  54|0x00000000e3600000, 0x00000000e3600000, 0x00000000e3700000|  0%| F|  |TAMS 0x00000000e3600000, 0x00000000e3600000| Untracked 
|  55|0x00000000e3700000, 0x00000000e3700000, 0x00000000e3800000|  0%| F|  |TAMS 0x00000000e3700000, 0x00000000e3700000| Untracked 
|  56|0x00000000e3800000, 0x00000000e3800000, 0x00000000e3900000|  0%| F|  |TAMS 0x00000000e3800000, 0x00000000e3800000| Untracked 
|  57|0x00000000e3900000, 0x00000000e3900000, 0x00000000e3a00000|  0%| F|  |TAMS 0x00000000e3900000, 0x00000000e3900000| Untracked 
|  58|0x00000000e3a00000, 0x00000000e3a00000, 0x00000000e3b00000|  0%| F|  |TAMS 0x00000000e3a00000, 0x00000000e3a00000| Untracked 
|  59|0x00000000e3b00000, 0x00000000e3b00000, 0x00000000e3c00000|  0%| F|  |TAMS 0x00000000e3b00000, 0x00000000e3b00000| Untracked 
|  60|0x00000000e3c00000, 0x00000000e3c00000, 0x00000000e3d00000|  0%| F|  |TAMS 0x00000000e3c00000, 0x00000000e3c00000| Untracked 
|  61|0x00000000e3d00000, 0x00000000e3d00000, 0x00000000e3e00000|  0%| F|  |TAMS 0x00000000e3d00000, 0x00000000e3d00000| Untracked 
|  62|0x00000000e3e00000, 0x00000000e3e00000, 0x00000000e3f00000|  0%| F|  |TAMS 0x00000000e3e00000, 0x00000000e3e00000| Untracked 
|  63|0x00000000e3f00000, 0x00000000e3f00000, 0x00000000e4000000|  0%| F|  |TAMS 0x00000000e3f00000, 0x00000000e3f00000| Untracked 
|  64|0x00000000e4000000, 0x00000000e4000000, 0x00000000e4100000|  0%| F|  |TAMS 0x00000000e4000000, 0x00000000e4000000| Untracked 
|  65|0x00000000e4100000, 0x00000000e4100000, 0x00000000e4200000|  0%| F|  |TAMS 0x00000000e4100000, 0x00000000e4100000| Untracked 
|  66|0x00000000e4200000, 0x00000000e4200000, 0x00000000e4300000|  0%| F|  |TAMS 0x00000000e4200000, 0x00000000e4200000| Untracked 
|  67|0x00000000e4300000, 0x00000000e4300000, 0x00000000e4400000|  0%| F|  |TAMS 0x00000000e4300000, 0x00000000e4300000| Untracked 
|  68|0x00000000e4400000, 0x00000000e4400000, 0x00000000e4500000|  0%| F|  |TAMS 0x00000000e4400000, 0x00000000e4400000| Untracked 
|  69|0x00000000e4500000, 0x00000000e4500000, 0x00000000e4600000|  0%| F|  |TAMS 0x00000000e4500000, 0x00000000e4500000| Untracked 
|  70|0x00000000e4600000, 0x00000000e4600000, 0x00000000e4700000|  0%| F|  |TAMS 0x00000000e4600000, 0x00000000e4600000| Untracked 
|  71|0x00000000e4700000, 0x00000000e4700000, 0x00000000e4800000|  0%| F|  |TAMS 0x00000000e4700000, 0x00000000e4700000| Untracked 
|  72|0x00000000e4800000, 0x00000000e4800000, 0x00000000e4900000|  0%| F|  |TAMS 0x00000000e4800000, 0x00000000e4800000| Untracked 
|  73|0x00000000e4900000, 0x00000000e4900000, 0x00000000e4a00000|  0%| F|  |TAMS 0x00000000e4900000, 0x00000000e4900000| Untracked 
|  74|0x00000000e4a00000, 0x00000000e4a00000, 0x00000000e4b00000|  0%| F|  |TAMS 0x00000000e4a00000, 0x00000000e4a00000| Untracked 
|  75|0x00000000e4b00000, 0x00000000e4b00000, 0x00000000e4c00000|  0%| F|  |TAMS 0x00000000e4b00000, 0x00000000e4b00000| Untracked 
|  76|0x00000000e4c00000, 0x00000000e4c00000, 0x00000000e4d00000|  0%| F|  |TAMS 0x00000000e4c00000, 0x00000000e4c00000| Untracked 
|  77|0x00000000e4d00000, 0x00000000e4d00000, 0x00000000e4e00000|  0%| F|  |TAMS 0x00000000e4d00000, 0x00000000e4d00000| Untracked 
|  78|0x00000000e4e00000, 0x00000000e4e00000, 0x00000000e4f00000|  0%| F|  |TAMS 0x00000000e4e00000, 0x00000000e4e00000| Untracked 
|  79|0x00000000e4f00000, 0x00000000e4f00000, 0x00000000e5000000|  0%| F|  |TAMS 0x00000000e4f00000, 0x00000000e4f00000| Untracked 
|  80|0x00000000e5000000, 0x00000000e5000000, 0x00000000e5100000|  0%| F|  |TAMS 0x00000000e5000000, 0x00000000e5000000| Untracked 
|  81|0x00000000e5100000, 0x00000000e5100000, 0x00000000e5200000|  0%| F|  |TAMS 0x00000000e5100000, 0x00000000e5100000| Untracked 
|  82|0x00000000e5200000, 0x00000000e5200000, 0x00000000e5300000|  0%| F|  |TAMS 0x00000000e5200000, 0x00000000e5200000| Untracked 
|  83|0x00000000e5300000, 0x00000000e5300000, 0x00000000e5400000|  0%| F|  |TAMS 0x00000000e5300000, 0x00000000e5300000| Untracked 
|  84|0x00000000e5400000, 0x00000000e5400000, 0x00000000e5500000|  0%| F|  |TAMS 0x00000000e5400000, 0x00000000e5400000| Untracked 
|  85|0x00000000e5500000, 0x00000000e5500000, 0x00000000e5600000|  0%| F|  |TAMS 0x00000000e5500000, 0x00000000e5500000| Untracked 
|  86|0x00000000e5600000, 0x00000000e5600000, 0x00000000e5700000|  0%| F|  |TAMS 0x00000000e5600000, 0x00000000e5600000| Untracked 
|  87|0x00000000e5700000, 0x00000000e5700000, 0x00000000e5800000|  0%| F|  |TAMS 0x00000000e5700000, 0x00000000e5700000| Untracked 
|  88|0x00000000e5800000, 0x00000000e5800000, 0x00000000e5900000|  0%| F|  |TAMS 0x00000000e5800000, 0x00000000e5800000| Untracked 
|  89|0x00000000e5900000, 0x00000000e5900000, 0x00000000e5a00000|  0%| F|  |TAMS 0x00000000e5900000, 0x00000000e5900000| Untracked 
|  90|0x00000000e5a00000, 0x00000000e5a00000, 0x00000000e5b00000|  0%| F|  |TAMS 0x00000000e5a00000, 0x00000000e5a00000| Untracked 
|  91|0x00000000e5b00000, 0x00000000e5b00000, 0x00000000e5c00000|  0%| F|  |TAMS 0x00000000e5b00000, 0x00000000e5b00000| Untracked 
|  92|0x00000000e5c00000, 0x00000000e5c00000, 0x00000000e5d00000|  0%| F|  |TAMS 0x00000000e5c00000, 0x00000000e5c00000| Untracked 
|  93|0x00000000e5d00000, 0x00000000e5d00000, 0x00000000e5e00000|  0%| F|  |TAMS 0x00000000e5d00000, 0x00000000e5d00000| Untracked 
|  94|0x00000000e5e00000, 0x00000000e5e00000, 0x00000000e5f00000|  0%| F|  |TAMS 0x00000000e5e00000, 0x00000000e5e00000| Untracked 
|  95|0x00000000e5f00000, 0x00000000e5f00000, 0x00000000e6000000|  0%| F|  |TAMS 0x00000000e5f00000, 0x00000000e5f00000| Untracked 
|  96|0x00000000e6000000, 0x00000000e6000000, 0x00000000e6100000|  0%| F|  |TAMS 0x00000000e6000000, 0x00000000e6000000| Untracked 
|  97|0x00000000e6100000, 0x00000000e6100000, 0x00000000e6200000|  0%| F|  |TAMS 0x00000000e6100000, 0x00000000e6100000| Untracked 
|  98|0x00000000e6200000, 0x00000000e6200000, 0x00000000e6300000|  0%| F|  |TAMS 0x00000000e6200000, 0x00000000e6200000| Untracked 
|  99|0x00000000e6300000, 0x00000000e6300000, 0x00000000e6400000|  0%| F|  |TAMS 0x00000000e6300000, 0x00000000e6300000| Untracked 
| 100|0x00000000e6400000, 0x00000000e6400000, 0x00000000e6500000|  0%| F|  |TAMS 0x00000000e6400000, 0x00000000e6400000| Untracked 
| 101|0x00000000e6500000, 0x00000000e6500000, 0x00000000e6600000|  0%| F|  |TAMS 0x00000000e6500000, 0x00000000e6500000| Untracked 
| 102|0x00000000e6600000, 0x00000000e6600000, 0x00000000e6700000|  0%| F|  |TAMS 0x00000000e6600000, 0x00000000e6600000| Untracked 
| 103|0x00000000e6700000, 0x00000000e6700000, 0x00000000e6800000|  0%| F|  |TAMS 0x00000000e6700000, 0x00000000e6700000| Untracked 
| 104|0x00000000e6800000, 0x00000000e6800000, 0x00000000e6900000|  0%| F|  |TAMS 0x00000000e6800000, 0x00000000e6800000| Untracked 
| 105|0x00000000e6900000, 0x00000000e6900000, 0x00000000e6a00000|  0%| F|  |TAMS 0x00000000e6900000, 0x00000000e6900000| Untracked 
| 106|0x00000000e6a00000, 0x00000000e6a00000, 0x00000000e6b00000|  0%| F|  |TAMS 0x00000000e6a00000, 0x00000000e6a00000| Untracked 
| 107|0x00000000e6b00000, 0x00000000e6b00000, 0x00000000e6c00000|  0%| F|  |TAMS 0x00000000e6b00000, 0x00000000e6b00000| Untracked 
| 108|0x00000000e6c00000, 0x00000000e6c00000, 0x00000000e6d00000|  0%| F|  |TAMS 0x00000000e6c00000, 0x00000000e6c00000| Untracked 
| 109|0x00000000e6d00000, 0x00000000e6d00000, 0x00000000e6e00000|  0%| F|  |TAMS 0x00000000e6d00000, 0x00000000e6d00000| Untracked 
| 110|0x00000000e6e00000, 0x00000000e6e00000, 0x00000000e6f00000|  0%| F|  |TAMS 0x00000000e6e00000, 0x00000000e6e00000| Untracked 
| 111|0x00000000e6f00000, 0x00000000e6f00000, 0x00000000e7000000|  0%| F|  |TAMS 0x00000000e6f00000, 0x00000000e6f00000| Untracked 
| 112|0x00000000e7000000, 0x00000000e7000000, 0x00000000e7100000|  0%| F|  |TAMS 0x00000000e7000000, 0x00000000e7000000| Untracked 
| 113|0x00000000e7100000, 0x00000000e7100000, 0x00000000e7200000|  0%| F|  |TAMS 0x00000000e7100000, 0x00000000e7100000| Untracked 
| 114|0x00000000e7200000, 0x00000000e7200000, 0x00000000e7300000|  0%| F|  |TAMS 0x00000000e7200000, 0x00000000e7200000| Untracked 
| 115|0x00000000e7300000, 0x00000000e7300000, 0x00000000e7400000|  0%| F|  |TAMS 0x00000000e7300000, 0x00000000e7300000| Untracked 
| 116|0x00000000e7400000, 0x00000000e7400000, 0x00000000e7500000|  0%| F|  |TAMS 0x00000000e7400000, 0x00000000e7400000| Untracked 
| 117|0x00000000e7500000, 0x00000000e7500000, 0x00000000e7600000|  0%| F|  |TAMS 0x00000000e7500000, 0x00000000e7500000| Untracked 
| 118|0x00000000e7600000, 0x00000000e7600000, 0x00000000e7700000|  0%| F|  |TAMS 0x00000000e7600000, 0x00000000e7600000| Untracked 
| 119|0x00000000e7700000, 0x00000000e7700000, 0x00000000e7800000|  0%| F|  |TAMS 0x00000000e7700000, 0x00000000e7700000| Untracked 
| 120|0x00000000e7800000, 0x00000000e7800000, 0x00000000e7900000|  0%| F|  |TAMS 0x00000000e7800000, 0x00000000e7800000| Untracked 
| 121|0x00000000e7900000, 0x00000000e7900000, 0x00000000e7a00000|  0%| F|  |TAMS 0x00000000e7900000, 0x00000000e7900000| Untracked 
| 122|0x00000000e7a00000, 0x00000000e7a00000, 0x00000000e7b00000|  0%| F|  |TAMS 0x00000000e7a00000, 0x00000000e7a00000| Untracked 
| 123|0x00000000e7b00000, 0x00000000e7b00000, 0x00000000e7c00000|  0%| F|  |TAMS 0x00000000e7b00000, 0x00000000e7b00000| Untracked 
| 124|0x00000000e7c00000, 0x00000000e7c00000, 0x00000000e7d00000|  0%| F|  |TAMS 0x00000000e7c00000, 0x00000000e7c00000| Untracked 
| 125|0x00000000e7d00000, 0x00000000e7d00000, 0x00000000e7e00000|  0%| F|  |TAMS 0x00000000e7d00000, 0x00000000e7d00000| Untracked 
| 126|0x00000000e7e00000, 0x00000000e7e00000, 0x00000000e7f00000|  0%| F|  |TAMS 0x00000000e7e00000, 0x00000000e7e00000| Untracked 
| 127|0x00000000e7f00000, 0x00000000e7f00000, 0x00000000e8000000|  0%| F|  |TAMS 0x00000000e7f00000, 0x00000000e7f00000| Untracked 
| 128|0x00000000e8000000, 0x00000000e8000000, 0x00000000e8100000|  0%| F|  |TAMS 0x00000000e8000000, 0x00000000e8000000| Untracked 
| 129|0x00000000e8100000, 0x00000000e8100000, 0x00000000e8200000|  0%| F|  |TAMS 0x00000000e8100000, 0x00000000e8100000| Untracked 
| 130|0x00000000e8200000, 0x00000000e8200000, 0x00000000e8300000|  0%| F|  |TAMS 0x00000000e8200000, 0x00000000e8200000| Untracked 
| 131|0x00000000e8300000, 0x00000000e8300000, 0x00000000e8400000|  0%| F|  |TAMS 0x00000000e8300000, 0x00000000e8300000| Untracked 
| 132|0x00000000e8400000, 0x00000000e8400000, 0x00000000e8500000|  0%| F|  |TAMS 0x00000000e8400000, 0x00000000e8400000| Untracked 
| 133|0x00000000e8500000, 0x00000000e8500000, 0x00000000e8600000|  0%| F|  |TAMS 0x00000000e8500000, 0x00000000e8500000| Untracked 
| 134|0x00000000e8600000, 0x00000000e8600000, 0x00000000e8700000|  0%| F|  |TAMS 0x00000000e8600000, 0x00000000e8600000| Untracked 
| 135|0x00000000e8700000, 0x00000000e8700000, 0x00000000e8800000|  0%| F|  |TAMS 0x00000000e8700000, 0x00000000e8700000| Untracked 
| 136|0x00000000e8800000, 0x00000000e8800000, 0x00000000e8900000|  0%| F|  |TAMS 0x00000000e8800000, 0x00000000e8800000| Untracked 
| 137|0x00000000e8900000, 0x00000000e8900000, 0x00000000e8a00000|  0%| F|  |TAMS 0x00000000e8900000, 0x00000000e8900000| Untracked 
| 138|0x00000000e8a00000, 0x00000000e8a00000, 0x00000000e8b00000|  0%| F|  |TAMS 0x00000000e8a00000, 0x00000000e8a00000| Untracked 
| 139|0x00000000e8b00000, 0x00000000e8b00000, 0x00000000e8c00000|  0%| F|  |TAMS 0x00000000e8b00000, 0x00000000e8b00000| Untracked 
| 140|0x00000000e8c00000, 0x00000000e8c00000, 0x00000000e8d00000|  0%| F|  |TAMS 0x00000000e8c00000, 0x00000000e8c00000| Untracked 
| 141|0x00000000e8d00000, 0x00000000e8d00000, 0x00000000e8e00000|  0%| F|  |TAMS 0x00000000e8d00000, 0x00000000e8d00000| Untracked 
| 142|0x00000000e8e00000, 0x00000000e8e00000, 0x00000000e8f00000|  0%| F|  |TAMS 0x00000000e8e00000, 0x00000000e8e00000| Untracked 
| 143|0x00000000e8f00000, 0x00000000e8f00000, 0x00000000e9000000|  0%| F|  |TAMS 0x00000000e8f00000, 0x00000000e8f00000| Untracked 
| 144|0x00000000e9000000, 0x00000000e9000000, 0x00000000e9100000|  0%| F|  |TAMS 0x00000000e9000000, 0x00000000e9000000| Untracked 
| 145|0x00000000e9100000, 0x00000000e9100000, 0x00000000e9200000|  0%| F|  |TAMS 0x00000000e9100000, 0x00000000e9100000| Untracked 
| 146|0x00000000e9200000, 0x00000000e9200000, 0x00000000e9300000|  0%| F|  |TAMS 0x00000000e9200000, 0x00000000e9200000| Untracked 
| 147|0x00000000e9300000, 0x00000000e9300000, 0x00000000e9400000|  0%| F|  |TAMS 0x00000000e9300000, 0x00000000e9300000| Untracked 
| 148|0x00000000e9400000, 0x00000000e9400000, 0x00000000e9500000|  0%| F|  |TAMS 0x00000000e9400000, 0x00000000e9400000| Untracked 
| 149|0x00000000e9500000, 0x00000000e9500000, 0x00000000e9600000|  0%| F|  |TAMS 0x00000000e9500000, 0x00000000e9500000| Untracked 
| 150|0x00000000e9600000, 0x00000000e9600000, 0x00000000e9700000|  0%| F|  |TAMS 0x00000000e9600000, 0x00000000e9600000| Untracked 
| 151|0x00000000e9700000, 0x00000000e9700000, 0x00000000e9800000|  0%| F|  |TAMS 0x00000000e9700000, 0x00000000e9700000| Untracked 
| 152|0x00000000e9800000, 0x00000000e9800000, 0x00000000e9900000|  0%| F|  |TAMS 0x00000000e9800000, 0x00000000e9800000| Untracked 
| 153|0x00000000e9900000, 0x00000000e9900000, 0x00000000e9a00000|  0%| F|  |TAMS 0x00000000e9900000, 0x00000000e9900000| Untracked 
| 154|0x00000000e9a00000, 0x00000000e9a00000, 0x00000000e9b00000|  0%| F|  |TAMS 0x00000000e9a00000, 0x00000000e9a00000| Untracked 
| 155|0x00000000e9b00000, 0x00000000e9b00000, 0x00000000e9c00000|  0%| F|  |TAMS 0x00000000e9b00000, 0x00000000e9b00000| Untracked 
| 156|0x00000000e9c00000, 0x00000000e9c00000, 0x00000000e9d00000|  0%| F|  |TAMS 0x00000000e9c00000, 0x00000000e9c00000| Untracked 
| 157|0x00000000e9d00000, 0x00000000e9d00000, 0x00000000e9e00000|  0%| F|  |TAMS 0x00000000e9d00000, 0x00000000e9d00000| Untracked 
| 158|0x00000000e9e00000, 0x00000000e9e00000, 0x00000000e9f00000|  0%| F|  |TAMS 0x00000000e9e00000, 0x00000000e9e00000| Untracked 
| 159|0x00000000e9f00000, 0x00000000e9f00000, 0x00000000ea000000|  0%| F|  |TAMS 0x00000000e9f00000, 0x00000000e9f00000| Untracked 
| 160|0x00000000ea000000, 0x00000000ea000000, 0x00000000ea100000|  0%| F|  |TAMS 0x00000000ea000000, 0x00000000ea000000| Untracked 
| 161|0x00000000ea100000, 0x00000000ea100000, 0x00000000ea200000|  0%| F|  |TAMS 0x00000000ea100000, 0x00000000ea100000| Untracked 
| 162|0x00000000ea200000, 0x00000000ea200000, 0x00000000ea300000|  0%| F|  |TAMS 0x00000000ea200000, 0x00000000ea200000| Untracked 
| 163|0x00000000ea300000, 0x00000000ea300000, 0x00000000ea400000|  0%| F|  |TAMS 0x00000000ea300000, 0x00000000ea300000| Untracked 
| 164|0x00000000ea400000, 0x00000000ea400000, 0x00000000ea500000|  0%| F|  |TAMS 0x00000000ea400000, 0x00000000ea400000| Untracked 
| 165|0x00000000ea500000, 0x00000000ea500000, 0x00000000ea600000|  0%| F|  |TAMS 0x00000000ea500000, 0x00000000ea500000| Untracked 
| 166|0x00000000ea600000, 0x00000000ea600000, 0x00000000ea700000|  0%| F|  |TAMS 0x00000000ea600000, 0x00000000ea600000| Untracked 
| 167|0x00000000ea700000, 0x00000000ea700000, 0x00000000ea800000|  0%| F|  |TAMS 0x00000000ea700000, 0x00000000ea700000| Untracked 
| 168|0x00000000ea800000, 0x00000000ea800000, 0x00000000ea900000|  0%| F|  |TAMS 0x00000000ea800000, 0x00000000ea800000| Untracked 
| 169|0x00000000ea900000, 0x00000000ea900000, 0x00000000eaa00000|  0%| F|  |TAMS 0x00000000ea900000, 0x00000000ea900000| Untracked 
| 170|0x00000000eaa00000, 0x00000000eaa00000, 0x00000000eab00000|  0%| F|  |TAMS 0x00000000eaa00000, 0x00000000eaa00000| Untracked 
| 171|0x00000000eab00000, 0x00000000eab00000, 0x00000000eac00000|  0%| F|  |TAMS 0x00000000eab00000, 0x00000000eab00000| Untracked 
| 172|0x00000000eac00000, 0x00000000eac00000, 0x00000000ead00000|  0%| F|  |TAMS 0x00000000eac00000, 0x00000000eac00000| Untracked 
| 173|0x00000000ead00000, 0x00000000ead00000, 0x00000000eae00000|  0%| F|  |TAMS 0x00000000ead00000, 0x00000000ead00000| Untracked 
| 174|0x00000000eae00000, 0x00000000eae00000, 0x00000000eaf00000|  0%| F|  |TAMS 0x00000000eae00000, 0x00000000eae00000| Untracked 
| 175|0x00000000eaf00000, 0x00000000eaf00000, 0x00000000eb000000|  0%| F|  |TAMS 0x00000000eaf00000, 0x00000000eaf00000| Untracked 
| 176|0x00000000eb000000, 0x00000000eb000000, 0x00000000eb100000|  0%| F|  |TAMS 0x00000000eb000000, 0x00000000eb000000| Untracked 
| 177|0x00000000eb100000, 0x00000000eb100000, 0x00000000eb200000|  0%| F|  |TAMS 0x00000000eb100000, 0x00000000eb100000| Untracked 
| 178|0x00000000eb200000, 0x00000000eb200000, 0x00000000eb300000|  0%| F|  |TAMS 0x00000000eb200000, 0x00000000eb200000| Untracked 
| 179|0x00000000eb300000, 0x00000000eb300000, 0x00000000eb400000|  0%| F|  |TAMS 0x00000000eb300000, 0x00000000eb300000| Untracked 
| 180|0x00000000eb400000, 0x00000000eb400000, 0x00000000eb500000|  0%| F|  |TAMS 0x00000000eb400000, 0x00000000eb400000| Untracked 
| 181|0x00000000eb500000, 0x00000000eb500000, 0x00000000eb600000|  0%| F|  |TAMS 0x00000000eb500000, 0x00000000eb500000| Untracked 
| 182|0x00000000eb600000, 0x00000000eb600000, 0x00000000eb700000|  0%| F|  |TAMS 0x00000000eb600000, 0x00000000eb600000| Untracked 
| 183|0x00000000eb700000, 0x00000000eb700000, 0x00000000eb800000|  0%| F|  |TAMS 0x00000000eb700000, 0x00000000eb700000| Untracked 
| 184|0x00000000eb800000, 0x00000000eb800000, 0x00000000eb900000|  0%| F|  |TAMS 0x00000000eb800000, 0x00000000eb800000| Untracked 
| 185|0x00000000eb900000, 0x00000000eb900000, 0x00000000eba00000|  0%| F|  |TAMS 0x00000000eb900000, 0x00000000eb900000| Untracked 
| 186|0x00000000eba00000, 0x00000000eba00000, 0x00000000ebb00000|  0%| F|  |TAMS 0x00000000eba00000, 0x00000000eba00000| Untracked 
| 187|0x00000000ebb00000, 0x00000000ebb00000, 0x00000000ebc00000|  0%| F|  |TAMS 0x00000000ebb00000, 0x00000000ebb00000| Untracked 
| 188|0x00000000ebc00000, 0x00000000ebc00000, 0x00000000ebd00000|  0%| F|  |TAMS 0x00000000ebc00000, 0x00000000ebc00000| Untracked 
| 189|0x00000000ebd00000, 0x00000000ebd00000, 0x00000000ebe00000|  0%| F|  |TAMS 0x00000000ebd00000, 0x00000000ebd00000| Untracked 
| 190|0x00000000ebe00000, 0x00000000ebe00000, 0x00000000ebf00000|  0%| F|  |TAMS 0x00000000ebe00000, 0x00000000ebe00000| Untracked 
| 191|0x00000000ebf00000, 0x00000000ebf00000, 0x00000000ec000000|  0%| F|  |TAMS 0x00000000ebf00000, 0x00000000ebf00000| Untracked 
| 192|0x00000000ec000000, 0x00000000ec000000, 0x00000000ec100000|  0%| F|  |TAMS 0x00000000ec000000, 0x00000000ec000000| Untracked 
| 193|0x00000000ec100000, 0x00000000ec100000, 0x00000000ec200000|  0%| F|  |TAMS 0x00000000ec100000, 0x00000000ec100000| Untracked 
| 194|0x00000000ec200000, 0x00000000ec200000, 0x00000000ec300000|  0%| F|  |TAMS 0x00000000ec200000, 0x00000000ec200000| Untracked 
| 195|0x00000000ec300000, 0x00000000ec300000, 0x00000000ec400000|  0%| F|  |TAMS 0x00000000ec300000, 0x00000000ec300000| Untracked 
| 196|0x00000000ec400000, 0x00000000ec400000, 0x00000000ec500000|  0%| F|  |TAMS 0x00000000ec400000, 0x00000000ec400000| Untracked 
| 197|0x00000000ec500000, 0x00000000ec500000, 0x00000000ec600000|  0%| F|  |TAMS 0x00000000ec500000, 0x00000000ec500000| Untracked 
| 198|0x00000000ec600000, 0x00000000ec600000, 0x00000000ec700000|  0%| F|  |TAMS 0x00000000ec600000, 0x00000000ec600000| Untracked 
| 199|0x00000000ec700000, 0x00000000ec700000, 0x00000000ec800000|  0%| F|  |TAMS 0x00000000ec700000, 0x00000000ec700000| Untracked 
| 200|0x00000000ec800000, 0x00000000ec800000, 0x00000000ec900000|  0%| F|  |TAMS 0x00000000ec800000, 0x00000000ec800000| Untracked 
| 201|0x00000000ec900000, 0x00000000ec900000, 0x00000000eca00000|  0%| F|  |TAMS 0x00000000ec900000, 0x00000000ec900000| Untracked 
| 202|0x00000000eca00000, 0x00000000eca00000, 0x00000000ecb00000|  0%| F|  |TAMS 0x00000000eca00000, 0x00000000eca00000| Untracked 
| 203|0x00000000ecb00000, 0x00000000ecb00000, 0x00000000ecc00000|  0%| F|  |TAMS 0x00000000ecb00000, 0x00000000ecb00000| Untracked 
| 204|0x00000000ecc00000, 0x00000000ecc00000, 0x00000000ecd00000|  0%| F|  |TAMS 0x00000000ecc00000, 0x00000000ecc00000| Untracked 
| 205|0x00000000ecd00000, 0x00000000ecd00000, 0x00000000ece00000|  0%| F|  |TAMS 0x00000000ecd00000, 0x00000000ecd00000| Untracked 
| 206|0x00000000ece00000, 0x00000000ece00000, 0x00000000ecf00000|  0%| F|  |TAMS 0x00000000ece00000, 0x00000000ece00000| Untracked 
| 207|0x00000000ecf00000, 0x00000000ecf00000, 0x00000000ed000000|  0%| F|  |TAMS 0x00000000ecf00000, 0x00000000ecf00000| Untracked 
| 208|0x00000000ed000000, 0x00000000ed000000, 0x00000000ed100000|  0%| F|  |TAMS 0x00000000ed000000, 0x00000000ed000000| Untracked 
| 209|0x00000000ed100000, 0x00000000ed100000, 0x00000000ed200000|  0%| F|  |TAMS 0x00000000ed100000, 0x00000000ed100000| Untracked 
| 210|0x00000000ed200000, 0x00000000ed200000, 0x00000000ed300000|  0%| F|  |TAMS 0x00000000ed200000, 0x00000000ed200000| Untracked 
| 211|0x00000000ed300000, 0x00000000ed300000, 0x00000000ed400000|  0%| F|  |TAMS 0x00000000ed300000, 0x00000000ed300000| Untracked 
| 212|0x00000000ed400000, 0x00000000ed400000, 0x00000000ed500000|  0%| F|  |TAMS 0x00000000ed400000, 0x00000000ed400000| Untracked 
| 213|0x00000000ed500000, 0x00000000ed500000, 0x00000000ed600000|  0%| F|  |TAMS 0x00000000ed500000, 0x00000000ed500000| Untracked 
| 214|0x00000000ed600000, 0x00000000ed600000, 0x00000000ed700000|  0%| F|  |TAMS 0x00000000ed600000, 0x00000000ed600000| Untracked 
| 215|0x00000000ed700000, 0x00000000ed700000, 0x00000000ed800000|  0%| F|  |TAMS 0x00000000ed700000, 0x00000000ed700000| Untracked 
| 216|0x00000000ed800000, 0x00000000ed800000, 0x00000000ed900000|  0%| F|  |TAMS 0x00000000ed800000, 0x00000000ed800000| Untracked 
| 217|0x00000000ed900000, 0x00000000ed900000, 0x00000000eda00000|  0%| F|  |TAMS 0x00000000ed900000, 0x00000000ed900000| Untracked 
| 218|0x00000000eda00000, 0x00000000eda00000, 0x00000000edb00000|  0%| F|  |TAMS 0x00000000eda00000, 0x00000000eda00000| Untracked 
| 219|0x00000000edb00000, 0x00000000edb00000, 0x00000000edc00000|  0%| F|  |TAMS 0x00000000edb00000, 0x00000000edb00000| Untracked 
| 220|0x00000000edc00000, 0x00000000edd00000, 0x00000000edd00000|100%| S|CS|TAMS 0x00000000edc00000, 0x00000000edc00000| Complete 
| 221|0x00000000edd00000, 0x00000000ede00000, 0x00000000ede00000|100%| S|CS|TAMS 0x00000000edd00000, 0x00000000edd00000| Complete 
| 222|0x00000000ede00000, 0x00000000edf00000, 0x00000000edf00000|100%| S|CS|TAMS 0x00000000ede00000, 0x00000000ede00000| Complete 
| 223|0x00000000edf00000, 0x00000000edf00000, 0x00000000ee000000|  0%| F|  |TAMS 0x00000000edf00000, 0x00000000edf00000| Untracked 
| 224|0x00000000ee000000, 0x00000000ee000000, 0x00000000ee100000|  0%| F|  |TAMS 0x00000000ee000000, 0x00000000ee000000| Untracked 
| 225|0x00000000ee100000, 0x00000000ee100000, 0x00000000ee200000|  0%| F|  |TAMS 0x00000000ee100000, 0x00000000ee100000| Untracked 
| 226|0x00000000ee200000, 0x00000000ee200000, 0x00000000ee300000|  0%| F|  |TAMS 0x00000000ee200000, 0x00000000ee200000| Untracked 
| 227|0x00000000ee300000, 0x00000000ee300000, 0x00000000ee400000|  0%| F|  |TAMS 0x00000000ee300000, 0x00000000ee300000| Untracked 
| 228|0x00000000ee400000, 0x00000000ee400000, 0x00000000ee500000|  0%| F|  |TAMS 0x00000000ee400000, 0x00000000ee400000| Untracked 
| 229|0x00000000ee500000, 0x00000000ee500000, 0x00000000ee600000|  0%| F|  |TAMS 0x00000000ee500000, 0x00000000ee500000| Untracked 
| 230|0x00000000ee600000, 0x00000000ee600000, 0x00000000ee700000|  0%| F|  |TAMS 0x00000000ee600000, 0x00000000ee600000| Untracked 
| 231|0x00000000ee700000, 0x00000000ee700000, 0x00000000ee800000|  0%| F|  |TAMS 0x00000000ee700000, 0x00000000ee700000| Untracked 
| 232|0x00000000ee800000, 0x00000000ee900000, 0x00000000ee900000|100%| E|  |TAMS 0x00000000ee800000, 0x00000000ee800000| Complete 
| 233|0x00000000ee900000, 0x00000000eea00000, 0x00000000eea00000|100%| E|CS|TAMS 0x00000000ee900000, 0x00000000ee900000| Complete 
| 234|0x00000000eea00000, 0x00000000eeb00000, 0x00000000eeb00000|100%| E|CS|TAMS 0x00000000eea00000, 0x00000000eea00000| Complete 
| 235|0x00000000eeb00000, 0x00000000eec00000, 0x00000000eec00000|100%| E|CS|TAMS 0x00000000eeb00000, 0x00000000eeb00000| Complete 
| 236|0x00000000eec00000, 0x00000000eed00000, 0x00000000eed00000|100%| E|CS|TAMS 0x00000000eec00000, 0x00000000eec00000| Complete 
| 237|0x00000000eed00000, 0x00000000eee00000, 0x00000000eee00000|100%| E|CS|TAMS 0x00000000eed00000, 0x00000000eed00000| Complete 
| 238|0x00000000eee00000, 0x00000000eef00000, 0x00000000eef00000|100%| E|CS|TAMS 0x00000000eee00000, 0x00000000eee00000| Complete 
| 239|0x00000000eef00000, 0x00000000ef000000, 0x00000000ef000000|100%| E|CS|TAMS 0x00000000eef00000, 0x00000000eef00000| Complete 
| 240|0x00000000ef000000, 0x00000000ef100000, 0x00000000ef100000|100%| E|CS|TAMS 0x00000000ef000000, 0x00000000ef000000| Complete 
| 241|0x00000000ef100000, 0x00000000ef200000, 0x00000000ef200000|100%| E|CS|TAMS 0x00000000ef100000, 0x00000000ef100000| Complete 
| 242|0x00000000ef200000, 0x00000000ef300000, 0x00000000ef300000|100%| E|CS|TAMS 0x00000000ef200000, 0x00000000ef200000| Complete 
| 243|0x00000000ef300000, 0x00000000ef400000, 0x00000000ef400000|100%| E|CS|TAMS 0x00000000ef300000, 0x00000000ef300000| Complete 
| 244|0x00000000ef400000, 0x00000000ef500000, 0x00000000ef500000|100%| E|CS|TAMS 0x00000000ef400000, 0x00000000ef400000| Complete 
| 245|0x00000000ef500000, 0x00000000ef600000, 0x00000000ef600000|100%| E|CS|TAMS 0x00000000ef500000, 0x00000000ef500000| Complete 

Card table byte_map: [0x000002967d930000,0x000002967da30000] _byte_map_base: 0x000002967d230000

Marking Bits (Prev, Next): (CMBitMap*) 0x000002967cf4ea80, (CMBitMap*) 0x000002967cf4eac0
 Prev Bits: [0x000002967db30000, 0x000002967e330000)
 Next Bits: [0x000002967e330000, 0x000002967eb30000)

Polling page: 0x000002967adb0000

Metaspace:

Usage:
  Non-class:      7.12 MB used.
      Class:      1.10 MB used.
       Both:      8.23 MB used.

Virtual space:
  Non-class space:       64.00 MB reserved,       7.25 MB ( 11%) committed,  1 nodes.
      Class space:        1.00 GB reserved,       1.25 MB ( <1%) committed,  1 nodes.
             Both:        1.06 GB reserved,       8.50 MB ( <1%) committed. 

Chunk freelists:
   Non-Class:  8.73 MB
       Class:  14.72 MB
        Both:  23.46 MB

MaxMetaspaceSize: unlimited
CompressedClassSpaceSize: 1.00 GB
Initial GC threshold: 21.00 MB
Current GC threshold: 21.00 MB
CDS: on
MetaspaceReclaimPolicy: balanced
 - commit_granule_bytes: 65536.
 - commit_granule_words: 8192.
 - virtual_space_node_default_size: 8388608.
 - enlarge_chunks_in_place: 1.
 - new_chunks_are_fully_committed: 0.
 - uncommit_free_chunks: 1.
 - use_allocation_guard: 0.
 - handle_deallocations: 1.


Internal statistics:

num_allocs_failed_limit: 0.
num_arena_births: 156.
num_arena_deaths: 0.
num_vsnodes_births: 2.
num_vsnodes_deaths: 0.
num_space_committed: 136.
num_space_uncommitted: 0.
num_chunks_returned_to_freelist: 0.
num_chunks_taken_from_freelist: 428.
num_chunk_merges: 0.
num_chunk_splits: 241.
num_chunks_enlarged: 142.
num_inconsistent_stats: 0.

CodeHeap 'non-profiled nmethods': size=119168Kb used=561Kb max_used=561Kb free=118606Kb
 bounds [0x000002960f5e0000, 0x000002960f850000, 0x0000029616a40000]
CodeHeap 'profiled nmethods': size=119104Kb used=3647Kb max_used=3647Kb free=115456Kb
 bounds [0x0000029607a40000, 0x0000029607dd0000, 0x000002960ee90000]
CodeHeap 'non-nmethods': size=7488Kb used=2847Kb max_used=2899Kb free=4640Kb
 bounds [0x000002960ee90000, 0x000002960f170000, 0x000002960f5e0000]
 total_blobs=2136 nmethods=1682 adapters=364
 compilation: enabled
              stopped_count=0, restarted_count=0
 full_count=0

Compilation events (20 events):
Event: 0.870 Thread 0x0000029618b71950 nmethod 1642 0x000002960f66ac10 code [0x000002960f66ada0, 0x000002960f66ae78]
Event: 0.870 Thread 0x0000029618cb8450 nmethod 1643 0x0000029607db4a90 code [0x0000029607db4c40, 0x0000029607db4e08]
Event: 0.872 Thread 0x0000029618b71950 1644       3       java.lang.Class::privateGetDeclaredConstructors (79 bytes)
Event: 0.873 Thread 0x0000029618b71950 nmethod 1644 0x0000029607db4f10 code [0x0000029607db5100, 0x0000029607db5648]
Event: 0.875 Thread 0x0000029618cb8450 1645       3       jdk.internal.misc.CDS::isSharingEnabled (4 bytes)
Event: 0.875 Thread 0x0000029618cb8450 nmethod 1645 0x0000029607db5810 code [0x0000029607db59a0, 0x0000029607db5a98]
Event: 0.876 Thread 0x000002961d695010 1649       3       java.lang.invoke.DirectMethodHandle$Constructor::<init> (44 bytes)
Event: 0.877 Thread 0x000002961d695010 nmethod 1649 0x0000029607db5b10 code [0x0000029607db5cc0, 0x0000029607db5ee8]
Event: 0.877 Thread 0x000002961d695010 1650       3       jdk.internal.org.objectweb.asm.Type::getTypeInternal (199 bytes)
Event: 0.877 Thread 0x000002961d695010 nmethod 1650 0x0000029607db5f90 code [0x0000029607db6240, 0x0000029607db7108]
Event: 0.878 Thread 0x000002961d695010 1651   !   3       jdk.internal.reflect.ReflectionFactory::checkInitted (100 bytes)
Event: 0.878 Thread 0x000002967fad89f0 1652       3       java.lang.reflect.ReflectAccess::getRoot (5 bytes)
Event: 0.878 Thread 0x000002967fad89f0 nmethod 1652 0x0000029607db7510 code [0x0000029607db76c0, 0x0000029607db7888]
Event: 0.878 Thread 0x000002961d695010 nmethod 1651 0x0000029607db7990 code [0x0000029607db7ca0, 0x0000029607db8ce8]
Event: 0.881 Thread 0x000002961d695010 1653       3       java.nio.HeapByteBuffer::get (14 bytes)
Event: 0.881 Thread 0x0000029618b71950 1654       3       java.nio.Buffer::nextGetIndex (30 bytes)
Event: 0.881 Thread 0x000002967fad89f0 1655   !   3       jdk.proxy2.$Proxy7::annotationType (29 bytes)
Event: 0.881 Thread 0x0000029618b71950 nmethod 1654 0x0000029607db9190 code [0x0000029607db9340, 0x0000029607db9508]
Event: 0.881 Thread 0x000002961d695010 nmethod 1653 0x0000029607db9610 code [0x0000029607db97e0, 0x0000029607db9ac8]
Event: 0.881 Thread 0x000002967fad89f0 nmethod 1655 0x0000029607db9c90 code [0x0000029607db9e60, 0x0000029607dba258]

GC Heap History (2 events):
Event: 0.559 GC heap before
{Heap before GC invocations=0 (full 0):
 garbage-first heap   total 251904K, used 23552K [0x00000000e0000000, 0x0000000100000000)
  region size 1024K, 23 young (23552K), 0 survivors (0K)
 Metaspace       used 5593K, committed 5824K, reserved 1114112K
  class space    used 700K, committed 832K, reserved 1048576K
}
Event: 0.564 GC heap after
{Heap after GC invocations=1 (full 0):
 garbage-first heap   total 251904K, used 9769K [0x00000000e0000000, 0x0000000100000000)
  region size 1024K, 3 young (3072K), 3 survivors (3072K)
 Metaspace       used 5593K, committed 5824K, reserved 1114112K
  class space    used 700K, committed 832K, reserved 1048576K
}

Dll operation events (8 events):
Event: 0.008 Loaded shared library C:\Users\ankuz\.jdks\corretto-17.0.7\bin\java.dll
Event: 0.016 Loaded shared library C:\Users\ankuz\.jdks\corretto-17.0.7\bin\jsvml.dll
Event: 0.114 Loaded shared library C:\Users\ankuz\.jdks\corretto-17.0.7\bin\net.dll
Event: 0.115 Loaded shared library C:\Users\ankuz\.jdks\corretto-17.0.7\bin\nio.dll
Event: 0.118 Loaded shared library C:\Users\ankuz\.jdks\corretto-17.0.7\bin\zip.dll
Event: 0.161 Loaded shared library C:\Users\ankuz\.jdks\corretto-17.0.7\bin\verify.dll
Event: 0.165 Loaded shared library C:\Users\ankuz\.jdks\corretto-17.0.7\bin\jimage.dll
Event: 0.450 Loaded shared library C:\Users\ankuz\.jdks\corretto-17.0.7\bin\sunmscapi.dll

Deoptimization events (20 events):
Event: 0.783 Thread 0x000002967cf1e4c0 Uncommon trap: trap_request=0xffffffde fr.pc=0x000002960f658f84 relative=0x0000000000000864
Event: 0.783 Thread 0x000002967cf1e4c0 Uncommon trap: reason=class_check action=maybe_recompile pc=0x000002960f658f84 method=java.util.HashMap.putVal(ILjava/lang/Object;Ljava/lang/Object;ZZ)Ljava/lang/Object; @ 91 c2
Event: 0.783 Thread 0x000002967cf1e4c0 DEOPT PACKING pc=0x000002960f658f84 sp=0x0000009d56efce50
Event: 0.783 Thread 0x000002967cf1e4c0 DEOPT UNPACKING pc=0x000002960eee69a3 sp=0x0000009d56efcd70 mode 2
Event: 0.823 Thread 0x000002967cf1e4c0 Uncommon trap: trap_request=0xffffffc6 fr.pc=0x000002960f664ca4 relative=0x0000000000000904
Event: 0.823 Thread 0x000002967cf1e4c0 Uncommon trap: reason=bimorphic_or_optimized_type_check action=maybe_recompile pc=0x000002960f664ca4 method=java.util.HashMap.putVal(ILjava/lang/Object;Ljava/lang/Object;ZZ)Ljava/lang/Object; @ 91 c2
Event: 0.823 Thread 0x000002967cf1e4c0 DEOPT PACKING pc=0x000002960f664ca4 sp=0x0000009d56efc9f0
Event: 0.823 Thread 0x000002967cf1e4c0 DEOPT UNPACKING pc=0x000002960eee69a3 sp=0x0000009d56efc910 mode 2
Event: 0.824 Thread 0x000002967cf1e4c0 Uncommon trap: trap_request=0xffffffc6 fr.pc=0x000002960f664ca4 relative=0x0000000000000904
Event: 0.824 Thread 0x000002967cf1e4c0 Uncommon trap: reason=bimorphic_or_optimized_type_check action=maybe_recompile pc=0x000002960f664ca4 method=java.util.HashMap.putVal(ILjava/lang/Object;Ljava/lang/Object;ZZ)Ljava/lang/Object; @ 91 c2
Event: 0.824 Thread 0x000002967cf1e4c0 DEOPT PACKING pc=0x000002960f664ca4 sp=0x0000009d56efc9f0
Event: 0.824 Thread 0x000002967cf1e4c0 DEOPT UNPACKING pc=0x000002960eee69a3 sp=0x0000009d56efc910 mode 2
Event: 0.825 Thread 0x000002967cf1e4c0 Uncommon trap: trap_request=0xffffffc6 fr.pc=0x000002960f664ca4 relative=0x0000000000000904
Event: 0.825 Thread 0x000002967cf1e4c0 Uncommon trap: reason=bimorphic_or_optimized_type_check action=maybe_recompile pc=0x000002960f664ca4 method=java.util.HashMap.putVal(ILjava/lang/Object;Ljava/lang/Object;ZZ)Ljava/lang/Object; @ 91 c2
Event: 0.825 Thread 0x000002967cf1e4c0 DEOPT PACKING pc=0x000002960f664ca4 sp=0x0000009d56efc980
Event: 0.825 Thread 0x000002967cf1e4c0 DEOPT UNPACKING pc=0x000002960eee69a3 sp=0x0000009d56efc8a0 mode 2
Event: 0.825 Thread 0x000002967cf1e4c0 Uncommon trap: trap_request=0xffffffc6 fr.pc=0x000002960f664ca4 relative=0x0000000000000904
Event: 0.825 Thread 0x000002967cf1e4c0 Uncommon trap: reason=bimorphic_or_optimized_type_check action=maybe_recompile pc=0x000002960f664ca4 method=java.util.HashMap.putVal(ILjava/lang/Object;Ljava/lang/Object;ZZ)Ljava/lang/Object; @ 91 c2
Event: 0.825 Thread 0x000002967cf1e4c0 DEOPT PACKING pc=0x000002960f664ca4 sp=0x0000009d56efc980
Event: 0.825 Thread 0x000002967cf1e4c0 DEOPT UNPACKING pc=0x000002960eee69a3 sp=0x0000009d56efc8a0 mode 2

Classes unloaded (0 events):
No events

Classes redefined (0 events):
No events

Internal exceptions (20 events):
Event: 0.789 Thread 0x000002967cf1e4c0 Exception <a 'java/lang/NoSuchMethodError'{0x00000000eed96de8}: 'java.lang.Object java.lang.invoke.DirectMethodHandle$Holder.invokeInterface(java.lang.Object, java.lang.Object)'> (0x00000000eed96de8) 
thrown [s\src\hotspot\share\interpreter\linkResolver.cpp, line 759]
Event: 0.799 Thread 0x000002967cf1e4c0 Exception <a 'java/lang/NoSuchMethodError'{0x00000000eede2318}: 'java.lang.Object java.lang.invoke.DirectMethodHandle$Holder.invokeSpecialIFC(java.lang.Object, java.lang.Object, java.lang.Object, java.lang.Object)'> (0x00000000eede2318) 
thrown [s\src\hotspot\share\interpreter\linkResolver.cpp, line 759]
Event: 0.802 Thread 0x000002967cf1e4c0 Exception <a 'java/lang/NoSuchMethodError'{0x00000000eedfe4e0}: 'java.lang.Object java.lang.invoke.DirectMethodHandle$Holder.invokeInterface(java.lang.Object, java.lang.Object, java.lang.Object)'> (0x00000000eedfe4e0) 
thrown [s\src\hotspot\share\interpreter\linkResolver.cpp, line 759]
Event: 0.815 Thread 0x000002967cf1e4c0 Exception <a 'java/lang/NoSuchMethodError'{0x00000000eec90960}: 'java.lang.Object java.lang.invoke.DirectMethodHandle$Holder.newInvokeSpecial(java.lang.Object, java.lang.Object, java.lang.Object, java.lang.Object, java.lang.Object, java.lang.Object)'> (0x00000000eec90960) 
thrown [s\src\hotspot\share\interpreter\linkResolver.cpp, line 759]
Event: 0.821 Thread 0x000002967cf1e4c0 Exception <a 'java/lang/NoSuchMethodError'{0x00000000eecd7198}: 'void java.lang.invoke.DirectMethodHandle$Holder.invokeInterface(java.lang.Object, java.lang.Object, java.lang.Object, java.lang.Object, java.lang.Object)'> (0x00000000eecd7198) 
thrown [s\src\hotspot\share\interpreter\linkResolver.cpp, line 759]
Event: 0.821 Thread 0x000002967cf1e4c0 Exception <a 'java/lang/IncompatibleClassChangeError'{0x00000000eecdb110}: Found class java.lang.Object, but interface was expected> (0x00000000eecdb110) 
thrown [s\src\hotspot\share\interpreter\linkResolver.cpp, line 826]
Event: 0.828 Thread 0x000002967cf1e4c0 Exception <a 'java/lang/IncompatibleClassChangeError'{0x00000000eeb0f190}: Found class java.lang.Object, but interface was expected> (0x00000000eeb0f190) 
thrown [s\src\hotspot\share\interpreter\linkResolver.cpp, line 826]
Event: 0.840 Thread 0x000002967cf1e4c0 Exception <a 'java/lang/NoSuchMethodError'{0x00000000eeb85958}: 'void java.lang.invoke.DirectMethodHandle$Holder.invokeSpecial(java.lang.Object, java.lang.Object, java.lang.Object, java.lang.Object, java.lang.Object)'> (0x00000000eeb85958) 
thrown [s\src\hotspot\share\interpreter\linkResolver.cpp, line 759]
Event: 0.846 Thread 0x000002967cf1e4c0 Exception <a 'java/lang/NoSuchMethodError'{0x00000000eebca000}: 'int java.lang.invoke.DirectMethodHandle$Holder.invokeSpecial(java.lang.Object, java.lang.Object, java.lang.Object, java.lang.Object)'> (0x00000000eebca000) 
thrown [s\src\hotspot\share\interpreter\linkResolver.cpp, line 759]
Event: 0.847 Thread 0x000002967cf1e4c0 Exception <a 'java/lang/NoSuchMethodError'{0x00000000eebd44a8}: 'void java.lang.invoke.DirectMethodHandle$Holder.invokeStatic(java.lang.Object, java.lang.Object)'> (0x00000000eebd44a8) 
thrown [s\src\hotspot\share\interpreter\linkResolver.cpp, line 759]
Event: 0.849 Thread 0x000002967cf1e4c0 Exception <a 'java/lang/NoSuchMethodError'{0x00000000eebe2e38}: 'int java.lang.invoke.DirectMethodHandle$Holder.invokeInterface(java.lang.Object, java.lang.Object)'> (0x00000000eebe2e38) 
thrown [s\src\hotspot\share\interpreter\linkResolver.cpp, line 759]
Event: 0.849 Thread 0x000002967cf1e4c0 Exception <a 'java/lang/IncompatibleClassChangeError'{0x00000000eebe6998}: Found class java.lang.Object, but interface was expected> (0x00000000eebe6998) 
thrown [s\src\hotspot\share\interpreter\linkResolver.cpp, line 826]
Event: 0.849 Thread 0x000002967cf1e4c0 Exception <a 'java/lang/IncompatibleClassChangeError'{0x00000000eebe98b8}: Found class java.lang.Object, but interface was expected> (0x00000000eebe98b8) 
thrown [s\src\hotspot\share\interpreter\linkResolver.cpp, line 826]
Event: 0.850 Thread 0x000002967cf1e4c0 Exception <a 'java/lang/NoSuchMethodError'{0x00000000eebf3408}: 'java.lang.Object java.lang.invoke.DirectMethodHandle$Holder.newInvokeSpecial(java.lang.Object, long, long, java.lang.Object)'> (0x00000000eebf3408) 
thrown [s\src\hotspot\share\interpreter\linkResolver.cpp, line 759]
Event: 0.861 Thread 0x000002967cf1e4c0 Exception <a 'java/lang/NoSuchMethodError'{0x00000000eea487e0}: 'void java.lang.invoke.DirectMethodHandle$Holder.invokeInterface(java.lang.Object, java.lang.Object, java.lang.Object, java.lang.Object)'> (0x00000000eea487e0) 
thrown [s\src\hotspot\share\interpreter\linkResolver.cpp, line 759]
Event: 0.862 Thread 0x000002967cf1e4c0 Exception <a 'java/lang/IncompatibleClassChangeError'{0x00000000eea4c3b0}: Found class java.lang.Object, but interface was expected> (0x00000000eea4c3b0) 
thrown [s\src\hotspot\share\interpreter\linkResolver.cpp, line 826]
Event: 0.865 Thread 0x000002967cf1e4c0 Exception <a 'java/lang/NoSuchMethodError'{0x00000000eea63ab8}: 'void java.lang.invoke.DirectMethodHandle$Holder.invokeStatic(java.lang.Object, java.lang.Object, java.lang.Object, java.lang.Object)'> (0x00000000eea63ab8) 
thrown [s\src\hotspot\share\interpreter\linkResolver.cpp, line 759]
Event: 0.875 Thread 0x000002967cf1e4c0 Exception <a 'java/lang/NoSuchMethodError'{0x00000000eead0b90}: 'int java.lang.invoke.DirectMethodHandle$Holder.invokeStatic(java.lang.Object, java.lang.Object, java.lang.Object, java.lang.Object)'> (0x00000000eead0b90) 
thrown [s\src\hotspot\share\interpreter\linkResolver.cpp, line 759]
Event: 0.875 Thread 0x000002967cf1e4c0 Exception <a 'java/lang/NoSuchMethodError'{0x00000000eead4510}: 'java.lang.Object java.lang.invoke.Invokers$Holder.invokeExact_MT(java.lang.Object, java.lang.Object, java.lang.Object, java.lang.Object, java.lang.Object, java.lang.Object)'> (0x00000000eead4510) 
thrown [s\src\hotspot\share\interpreter\linkResolver.cpp, line 759]
Event: 0.876 Thread 0x000002967cf1e4c0 Exception <a 'java/lang/NoSuchMethodError'{0x00000000eeae40d0}: 'int java.lang.invoke.DirectMethodHandle$Holder.invokeStatic(java.lang.Object, java.lang.Object, java.lang.Object, java.lang.Object, java.lang.Object)'> (0x00000000eeae40d0) 
thrown [s\src\hotspot\share\interpreter\linkResolver.cpp, line 759]

VM Operations (20 events):
Event: 0.199 Executing VM operation: HandshakeAllThreads
Event: 0.199 Executing VM operation: HandshakeAllThreads done
Event: 0.201 Executing VM operation: HandshakeAllThreads
Event: 0.201 Executing VM operation: HandshakeAllThreads done
Event: 0.267 Executing VM operation: HandshakeAllThreads
Event: 0.267 Executing VM operation: HandshakeAllThreads done
Event: 0.316 Executing VM operation: HandshakeAllThreads
Event: 0.316 Executing VM operation: HandshakeAllThreads done
Event: 0.347 Executing VM operation: HandshakeAllThreads
Event: 0.347 Executing VM operation: HandshakeAllThreads done
Event: 0.436 Executing VM operation: HandshakeAllThreads
Event: 0.436 Executing VM operation: HandshakeAllThreads done
Event: 0.505 Executing VM operation: HandshakeAllThreads
Event: 0.505 Executing VM operation: HandshakeAllThreads done
Event: 0.553 Executing VM operation: HandshakeAllThreads
Event: 0.553 Executing VM operation: HandshakeAllThreads done
Event: 0.558 Executing VM operation: G1CollectForAllocation
Event: 0.564 Executing VM operation: G1CollectForAllocation done
Event: 0.618 Executing VM operation: HandshakeAllThreads
Event: 0.618 Executing VM operation: HandshakeAllThreads done

Events (20 events):
Event: 0.849 loading class java/util/stream/ReduceOps$CountingSink$OfRef
Event: 0.849 loading class java/util/stream/ReduceOps$CountingSink
Event: 0.849 loading class java/util/stream/ReduceOps$CountingSink done
Event: 0.849 loading class java/util/stream/ReduceOps$CountingSink$OfRef done
Event: 0.874 loading class java/util/concurrent/locks/ReadWriteLock
Event: 0.874 loading class java/util/concurrent/locks/ReadWriteLock done
Event: 0.876 loading class java/util/Comparators$NaturalOrderComparator
Event: 0.876 loading class java/util/Comparators$NaturalOrderComparator done
Event: 0.878 loading class java/util/concurrent/locks/ReentrantReadWriteLock
Event: 0.878 loading class java/util/concurrent/locks/ReentrantReadWriteLock done
Event: 0.878 loading class java/util/concurrent/locks/ReentrantReadWriteLock$NonfairSync
Event: 0.878 loading class java/util/concurrent/locks/ReentrantReadWriteLock$Sync
Event: 0.879 loading class java/util/concurrent/locks/ReentrantReadWriteLock$Sync done
Event: 0.879 loading class java/util/concurrent/locks/ReentrantReadWriteLock$NonfairSync done
Event: 0.879 loading class java/util/concurrent/locks/ReentrantReadWriteLock$Sync$ThreadLocalHoldCounter
Event: 0.879 loading class java/util/concurrent/locks/ReentrantReadWriteLock$Sync$ThreadLocalHoldCounter done
Event: 0.879 loading class java/util/concurrent/locks/ReentrantReadWriteLock$ReadLock
Event: 0.879 loading class java/util/concurrent/locks/ReentrantReadWriteLock$ReadLock done
Event: 0.879 loading class java/util/concurrent/locks/ReentrantReadWriteLock$WriteLock
Event: 0.879 loading class java/util/concurrent/locks/ReentrantReadWriteLock$WriteLock done


Dynamic libraries:
0x00007ff6c7b30000 - 0x00007ff6c7b3d000 	C:\Users\ankuz\.jdks\corretto-17.0.7\bin\java.exe
0x00007ffb710d0000 - 0x00007ffb712e6000 	C:\WINDOWS\SYSTEM32\ntdll.dll
0x00007ffb70f10000 - 0x00007ffb70fd4000 	C:\WINDOWS\System32\KERNEL32.DLL
0x00007ffb6e810000 - 0x00007ffb6ebb7000 	C:\WINDOWS\System32\KERNELBASE.dll
0x00007ffb6ec70000 - 0x00007ffb6ed81000 	C:\WINDOWS\System32\ucrtbase.dll
0x00007ffb68c70000 - 0x00007ffb68c87000 	C:\Users\ankuz\.jdks\corretto-17.0.7\bin\jli.dll
0x00007ffb689e0000 - 0x00007ffb689f5000 	C:\Users\ankuz\.jdks\corretto-17.0.7\bin\VCRUNTIME140.dll
0x00007ffb706a0000 - 0x00007ffb7084e000 	C:\WINDOWS\System32\USER32.dll
0x00007ffb6e7e0000 - 0x00007ffb6e806000 	C:\WINDOWS\System32\win32u.dll
0x00007ffb70d60000 - 0x00007ffb70d89000 	C:\WINDOWS\System32\GDI32.dll
0x00007ffb6e3f0000 - 0x00007ffb6e509000 	C:\WINDOWS\System32\gdi32full.dll
0x00007ffb56020000 - 0x00007ffb562b3000 	C:\WINDOWS\WinSxS\amd64_microsoft.windows.common-controls_6595b64144ccf1df_6.0.22621.3235_none_270f74e173860f98\COMCTL32.dll
0x00007ffb6e740000 - 0x00007ffb6e7da000 	C:\WINDOWS\System32\msvcp_win.dll
0x00007ffb6fec0000 - 0x00007ffb6ff67000 	C:\WINDOWS\System32\msvcrt.dll
0x00007ffb6fa50000 - 0x00007ffb6fa81000 	C:\WINDOWS\System32\IMM32.DLL
0x0000000077410000 - 0x000000007741c000 	C:\Program Files (x86)\360\Total Security\safemon\SafeWrapper.dll
0x00007ffb6fe00000 - 0x00007ffb6feb2000 	C:\WINDOWS\System32\ADVAPI32.dll
0x00007ffb6ef70000 - 0x00007ffb6f018000 	C:\WINDOWS\System32\sechost.dll
0x00007ffb6ec40000 - 0x00007ffb6ec68000 	C:\WINDOWS\System32\bcrypt.dll
0x00007ffb6ff70000 - 0x00007ffb70085000 	C:\WINDOWS\System32\RPCRT4.dll
0x00007ffb576a0000 - 0x00007ffb57732000 	C:\Program Files (x86)\360\Total Security\safemon\libzdtp64.dll
0x00007ffb6f030000 - 0x00007ffb6f88c000 	C:\WINDOWS\System32\SHELL32.dll
0x00007ffb6ee00000 - 0x00007ffb6ee5e000 	C:\WINDOWS\System32\SHLWAPI.dll
0x00007ffb6e030000 - 0x00007ffb6e03a000 	C:\WINDOWS\SYSTEM32\VERSION.dll
0x00007ffb57600000 - 0x00007ffb5769b000 	C:\Users\ankuz\.jdks\corretto-17.0.7\bin\msvcp140.dll
0x00007ffb0e1f0000 - 0x00007ffb0ee0a000 	C:\Users\ankuz\.jdks\corretto-17.0.7\bin\server\jvm.dll
0x00007ffb67920000 - 0x00007ffb67954000 	C:\WINDOWS\SYSTEM32\WINMM.dll
0x00007ffb51d60000 - 0x00007ffb51d69000 	C:\WINDOWS\SYSTEM32\WSOCK32.dll
0x00007ffb70620000 - 0x00007ffb70691000 	C:\WINDOWS\System32\WS2_32.dll
0x00007ffb6d410000 - 0x00007ffb6d428000 	C:\WINDOWS\SYSTEM32\kernel.appcore.dll
0x00007ffb679d0000 - 0x00007ffb679da000 	C:\Users\ankuz\.jdks\corretto-17.0.7\bin\jimage.dll
0x00007ffb6bd90000 - 0x00007ffb6bfc3000 	C:\WINDOWS\SYSTEM32\DBGHELP.DLL
0x00007ffb709d0000 - 0x00007ffb70d58000 	C:\WINDOWS\System32\combase.dll
0x00007ffb708f0000 - 0x00007ffb709c7000 	C:\WINDOWS\System32\OLEAUT32.dll
0x00007ffb65a60000 - 0x00007ffb65a92000 	C:\WINDOWS\SYSTEM32\dbgcore.DLL
0x00007ffb6ebc0000 - 0x00007ffb6ec39000 	C:\WINDOWS\System32\bcryptPrimitives.dll
0x00007ffb5deb0000 - 0x00007ffb5ded5000 	C:\Users\ankuz\.jdks\corretto-17.0.7\bin\java.dll
0x00007ffb16020000 - 0x00007ffb160f6000 	C:\Users\ankuz\.jdks\corretto-17.0.7\bin\jsvml.dll
0x00007ffb6c290000 - 0x00007ffb6cb89000 	C:\WINDOWS\SYSTEM32\windows.storage.dll
0x00007ffb6c150000 - 0x00007ffb6c28e000 	C:\WINDOWS\SYSTEM32\wintypes.dll
0x00007ffb70520000 - 0x00007ffb70613000 	C:\WINDOWS\System32\SHCORE.dll
0x00007ffb6e320000 - 0x00007ffb6e341000 	C:\WINDOWS\SYSTEM32\profapi.dll
0x00007ffb5ef20000 - 0x00007ffb5ef39000 	C:\Users\ankuz\.jdks\corretto-17.0.7\bin\net.dll
0x00007ffb685d0000 - 0x00007ffb68706000 	C:\WINDOWS\SYSTEM32\WINHTTP.dll
0x00007ffb6d8e0000 - 0x00007ffb6d949000 	C:\WINDOWS\system32\mswsock.dll
0x00007ffb5cfc0000 - 0x00007ffb5cfd5000 	C:\Users\ankuz\.jdks\corretto-17.0.7\bin\nio.dll
0x00007ffb66390000 - 0x00007ffb663a8000 	C:\Users\ankuz\.jdks\corretto-17.0.7\bin\zip.dll
0x00007ffb5dea0000 - 0x00007ffb5deb0000 	C:\Users\ankuz\.jdks\corretto-17.0.7\bin\verify.dll
0x00007ffb5cf90000 - 0x00007ffb5cf9e000 	C:\Users\ankuz\.jdks\corretto-17.0.7\bin\sunmscapi.dll
0x00007ffb6e5d0000 - 0x00007ffb6e737000 	C:\WINDOWS\System32\CRYPT32.dll
0x00007ffb6dd20000 - 0x00007ffb6dd4e000 	C:\WINDOWS\SYSTEM32\ncrypt.dll
0x00007ffb6dce0000 - 0x00007ffb6dd17000 	C:\WINDOWS\SYSTEM32\NTASN1.dll
0x00007ffb65360000 - 0x00007ffb65368000 	C:\WINDOWS\system32\wshunix.dll
0x00007ffb6db00000 - 0x00007ffb6db1b000 	C:\WINDOWS\SYSTEM32\CRYPTSP.dll
0x00007ffb6d3d0000 - 0x00007ffb6d405000 	C:\WINDOWS\system32\rsaenh.dll
0x00007ffb6d9a0000 - 0x00007ffb6d9c8000 	C:\WINDOWS\SYSTEM32\USERENV.dll
0x00007ffb6db20000 - 0x00007ffb6db2c000 	C:\WINDOWS\SYSTEM32\CRYPTBASE.dll
0x00007ffb6ce30000 - 0x00007ffb6ce5d000 	C:\WINDOWS\SYSTEM32\IPHLPAPI.DLL
0x00007ffb70510000 - 0x00007ffb70519000 	C:\WINDOWS\System32\NSI.dll
0x00007ffb68b90000 - 0x00007ffb68ba9000 	C:\WINDOWS\SYSTEM32\dhcpcsvc6.DLL
0x00007ffb687c0000 - 0x00007ffb687df000 	C:\WINDOWS\SYSTEM32\dhcpcsvc.DLL
0x00007ffb6ced0000 - 0x00007ffb6cfc9000 	C:\WINDOWS\SYSTEM32\DNSAPI.dll

dbghelp: loaded successfully - version: 4.0.5 - missing functions: none
symbol engine: initialized successfully - sym options: 0x614 - pdb path: .;C:\Users\ankuz\.jdks\corretto-17.0.7\bin;C:\WINDOWS\SYSTEM32;C:\WINDOWS\WinSxS\amd64_microsoft.windows.common-controls_6595b64144ccf1df_6.0.22621.3235_none_270f74e173860f98;C:\Program Files (x86)\360\Total Security\safemon;C:\Users\ankuz\.jdks\corretto-17.0.7\bin\server

VM Arguments:
jvm_args: -Dorg.gradle.internal.worker.tmpdir=C:\jorgX_backend\build\tmp\test\work -Dorg.gradle.native=false -Xmx512m -Dfile.encoding=windows-1250 -Duser.country=PL -Duser.language=pl -Duser.variant -ea 
java_command: worker.org.gradle.process.internal.worker.GradleWorkerMain 'Gradle Test Executor 1'
java_class_path (initial): C:\\Users\\ankuz\\.gradle\\caches\\8.5\\workerMain\\gradle-worker.jar;C:\\jorgX_backend\\build\\classes\\java\\test;C:\\jorgX_backend\\build\\classes\\java\\main;C:\\jorgX_backend\\build\\resources\\main;C:\\Users\\ankuz\\.gradle\\caches\\modules-2\\files-2.1\\org.tensorflow\\tensorflow-core-platform\\0.5.0\\f0f5e2f430e6821d6e5bfae7be0bb0cd72123790\\tensorflow-core-platform-0.5.0.jar;C:\\Users\\ankuz\\.gradle\\caches\\modules-2\\files-2.1\\org.springdoc\\springdoc-openapi-starter-webmvc-ui\\2.2.0\\178d8ed6714d78b8b475c45bc60642a9232fcb70\\springdoc-openapi-starter-webmvc-ui-2.2.0.jar;C:\\Users\\ankuz\\.gradle\\caches\\modules-2\\files-2.1\\org.springdoc\\springdoc-openapi-ui\\1.7.0\\f4763107b0fb1f9c17fe6523b2fd0ca6cb201d66\\springdoc-openapi-ui-1.7.0.jar;C:\\Users\\ankuz\\.gradle\\caches\\modules-2\\files-2.1\\org.springframework.boot\\spring-boot-starter-data-jpa\\3.0.5\\3878bf2b2555fc1d38a9ebde0169eec4eaf6bf1c\\spring-boot-starter-data-jpa-3.0.5.jar;C:\\Users\\ankuz\\.gradle\\caches\\modules-2\\files-2.1\\org.springframework.boot\\spring-boot-starter-security\\3.0.5\\9b6d2f74bda45211dca26ff5268f6c968bb7de19\\spring-boot-starter-security-3.0.5.jar;C:\\Users\\ankuz\\.gradle\\caches\\modules-2\\files-2.1\\org.thymeleaf.extras\\thymeleaf-extras-springsecurity6\\3.1.1.RELEASE\\af922bd525aa914b70723f3b19adefd09c49bb3b\\thymeleaf-extras-springsecurity6-3.1.1.RELEASE.jar;C:\\Users\\ankuz\\.gradle\\caches\\modules-2\\files-2.1\\org.springframework.boot\\spring-boot-starter-thymeleaf\\3.0.5\\e23e18da18a7eef641be6797e74de61ac7b399bd\\spring-boot-starter-thymeleaf-3.0.5.jar;C:\\Users\\ankuz\\.gradle\\caches\\modules-2\\files-2.1\\org.springframework.boot\\spring-boot-starter-web\\3.0.5\\c8f9a85fed134963b69cb2f2a0dcf151047b6cd1\\spring-boot-starter-web-3.0.5.jar;C:\\Users\\ankuz\\.gradle\\caches\\modules-2\\files-2.1\\org.postgresql\\postgresql\\42.6.0\\7614cfce466145b84972781ab0079b8dea49e363\\postgresql-42.6.0.jar;C:\\Users\\ankuz\\.gradle\\cache
Launcher Type: SUN_STANDARD

[Global flags]
     intx CICompilerCount                          = 12                                        {product} {ergonomic}
     uint ConcGCThreads                            = 3                                         {product} {ergonomic}
     uint G1ConcRefinementThreads                  = 13                                        {product} {ergonomic}
   size_t G1HeapRegionSize                         = 1048576                                   {product} {ergonomic}
    uintx GCDrainStackTargetSize                   = 64                                        {product} {ergonomic}
   size_t InitialHeapSize                          = 257949696                                 {product} {ergonomic}
   size_t MarkStackSize                            = 4194304                                   {product} {ergonomic}
   size_t MaxHeapSize                              = 536870912                                 {product} {command line}
   size_t MaxNewSize                               = 321912832                                 {product} {ergonomic}
   size_t MinHeapDeltaBytes                        = 1048576                                   {product} {ergonomic}
   size_t MinHeapSize                              = 8388608                                   {product} {ergonomic}
    uintx NonNMethodCodeHeapSize                   = 7602480                                {pd product} {ergonomic}
    uintx NonProfiledCodeHeapSize                  = 122027880                              {pd product} {ergonomic}
    uintx ProfiledCodeHeapSize                     = 122027880                              {pd product} {ergonomic}
    uintx ReservedCodeCacheSize                    = 251658240                              {pd product} {ergonomic}
     bool SegmentedCodeCache                       = true                                      {product} {ergonomic}
   size_t SoftMaxHeapSize                          = 536870912                              {manageable} {ergonomic}
     bool UseCompressedClassPointers               = true                           {product lp64_product} {ergonomic}
     bool UseCompressedOops                        = true                           {product lp64_product} {ergonomic}
     bool UseG1GC                                  = true                                      {product} {ergonomic}
     bool UseLargePagesIndividualAllocation        = false                                  {pd product} {ergonomic}

Logging:
Log output configuration:
 #0: stdout all=warning uptime,level,tags
 #1: stderr all=off uptime,level,tags

Environment Variables:
PATH=C:\Program Files (x86)\VMware\VMware Player\bin\;C:\Program Files\Microsoft\jdk-11.0.16.101-hotspot\bin;C:\Program Files (x86)\Razer Chroma SDK\bin;C:\Program Files\Razer Chroma SDK\bin;C:\Program Files (x86)\Razer\ChromaBroadcast\bin;C:\Program Files\Razer\ChromaBroadcast\bin;C:\Program Files (x86)\Common Files\Oracle\Java\javapath;C:\Windows\system32;C:\Windows;C:\Windows\System32\Wbem;C:\Windows\System32\WindowsPowerShell\v1.0\;C:\Windows\System32\OpenSSH\;C:\Program Files (x86)\NVIDIA Corporation\PhysX\Common;C:\WINDOWS\system32;C:\WINDOWS;C:\WINDOWS\System32\Wbem;C:\WINDOWS\System32\WindowsPowerShell\v1.0\;C:\WINDOWS\System32\OpenSSH\;C:\Program Files\dotnet\;C:\WINDOWS\system32\config\systemprofile\AppData\Local\Microsoft\WindowsApps;C:\Users\ankuz\AppData\Local\Microsoft\WindowsApps;C:\Users\ankuz\AppData\Local\Programs\Microsoft VS Code\bin;C:\Users\ankuz\.dotnet\tools;C:\Users\ankuz\AppData\Local\GitHubDesktop\bin;C:\WINDOWS\system32;C:\WINDOWS;C:\WINDOWS\System32\Wbem;C:\WINDOWS\System32\WindowsPowerShell\v1.0\;C:\WINDOWS\System32\OpenSSH\;C:\TDM-GCC-64\bin;C:\Program Files\NVIDIA Corporation\NVIDIA NvDLISR;C:\Program Files\nodejs\;C:\Program Files\Docker\Docker\resources\bin;C:\Users\ankuz\AppData\Local\Programs\Python\Python39\Scripts\;C:\Users\ankuz\AppData\Local\Programs\Python\Python39\;C:\Program Files\PlasticSCM5;C:\Users\ankuz\AppData\Local\Programs\Microsoft VS Code\bin;C:\Users\ankuz\AppData\Local\GitHubDesktop\bin;C:\Users\ankuz\AppData\Roaming\npm;C:\Program Files\JetBrains\PyCharm 2024.1\bin;
USERNAME=ankuz
OS=Windows_NT
PROCESSOR_IDENTIFIER=AMD64 Family 23 Model 96 Stepping 1, AuthenticAMD
TMP=C:\Users\ankuz\AppData\Local\Temp
TEMP=C:\Users\ankuz\AppData\Local\Temp



---------------  S Y S T E M  ---------------

OS:
 Windows 11 , 64 bit Build 22621 (10.0.22621.3374)
OS uptime: 1 days 0:39 hours
Hyper-V role detected

CPU: total 16 (initial active 16) (16 cores per cpu, 2 threads per core) family 23 model 96 stepping 1 microcode 0x0, cx8, cmov, fxsr, ht, mmx, 3dnowpref, sse, sse2, sse3, ssse3, sse4a, sse4.1, sse4.2, popcnt, lzcnt, tsc, tscinvbit, avx, avx2, aes, clmul, bmi1, bmi2, adx, sha, fma, vzeroupper, clflush, clflushopt, hv

Memory: 4k page, system-wide physical 15741M (2737M free)
TotalPageFile size 17789M (AvailPageFile size 5M)
current process WorkingSet (physical memory assigned to process): 108M, peak: 108M
current process commit charge ("private bytes"): 385M, peak: 386M

vm_info: OpenJDK 64-Bit Server VM (17.0.7+7-LTS) for windows-amd64 JRE (17.0.7+7-LTS), built on Apr 14 2023 01:39:21 by "Administrator" with MS VC++ 15.9 (VS2017)

END.
